16:38:38,393 | Pair:GBPUSD | Spread:0 | Fast LMAX (Bid:1.25819 | Ask: 1.25831)| Slow 166666 (Bid:1.25807 | Ask: 1.25818) | Delta: 0.0000100
16:38:38,423 | Pair:EURUSD | Spread:0 | Fast LMAX (Bid:1.07134 | Ask: 1.07143)| Slow 166666 (Bid:1.07129 | Ask: 1.07132) | Delta: 0.0000200
16:38:38,431 | Pair:EURUSD | Spread:0 | Fast LMAX (Bid:1.07134 | Ask: 1.07143)| Slow 166666 (Bid:1.07139 | Ask: 1.07143) | Delta: -0.0000900
16:38:38,432 | Pair:GBPUSD | Spread:0 | Fast LMAX (Bid:1.25819 | Ask: 1.25831)| Slow 166666 (Bid:1.25824 | Ask: 1.25835) | Delta: -0.0001600
16:38:47,238 | Pair:USDJPY | Spread:0 | Fast LMAX (Bid:127.147 | Ask: 127.155)| Slow 166666 (Bid:127.156 | Ask: 127.16) | Delta: -0.0130000
16:38:47,367 | Pair:EURUSD | Spread:0 | Fast LMAX (Bid:1.07133 | Ask: 1.0714)| Slow 166666 (Bid:1.07141 | Ask: 1.07145) | Delta: -0.0001200
16:38:47,551 | Pair:USDJPY | Spread:0 | Fast LMAX (Bid:127.146 | Ask: 127.156)| Slow 166666 (Bid:127.156 | Ask: 127.16) | Delta: -0.0140000
16:38:47,934 | Pair:EURUSD | Spread:0 | Fast LMAX (Bid:1.07133 | Ask: 1.0714)| Slow 166666 (Bid:1.07134 | Ask: 1.07138) | Delta: -0.0000500
16:39:50,880 | Pair:EURUSD | Spread:0 | Fast LMAX (Bid:1.07165 | Ask: 1.07173)| Slow 166666 (Bid:1.07158 | Ask: 1.07161) | Delta: 0.0000400
16:39:51,369 | Pair:EURUSD | Spread:0 | Fast LMAX (Bid:1.07166 | Ask: 1.07175)| Slow 166666 (Bid:1.07171 | Ask: 1.07174) | Delta: -0.0000800
16:41:23,418 | Pair:USDJPY | Spread:0 | Fast LMAX (Bid:127.143 | Ask: 127.154)| Slow 166666 (Bid:127.141 | Ask: 127.142) | Delta: 0.0010000
16:41:23,522 | Pair:USDJPY | Spread:0 | Fast LMAX (Bid:127.142 | Ask: 127.153)| Slow 166666 (Bid:127.141 | Ask: 127.142) | Delta: 0.0000000
16:41:24,117 | Pair:USDJPY | Spread:0 | Fast LMAX (Bid:127.131 | Ask: 127.14)| Slow 166666 (Bid:127.141 | Ask: 127.142) | Delta: -0.0110000
16:41:24,335 | Pair:USDJPY | Spread:0 | Fast LMAX (Bid:127.131 | Ask: 127.141)| Slow 166666 (Bid:127.141 | Ask: 127.142) | Delta: -0.0110000
16:41:55,651 | Pair:EURUSD | Spread:0 | Fast 26015101 (Bid:1.07137 | Ask: 1.07148)| Slow 166666 (Bid:1.07151 | Ask: 1.07158) | Delta: -0.0002100
16:41:55,791 | Pair:EURUSD | Spread:0 | Fast 26015101 (Bid:1.07141 | Ask: 1.07152)| Slow 166666 (Bid:1.07151 | Ask: 1.07158) | Delta: -0.0001700
16:41:55,849 | Pair:EURUSD | Spread:0 | Fast LMAX (Bid:1.07144 | Ask: 1.07152)| Slow 166666 (Bid:1.07139 | Ask: 1.07143) | Delta: 0.0000100
16:41:56,233 | Pair:EURUSD | Spread:0 | Fast LMAX (Bid:1.07144 | Ask: 1.07153)| Slow 166666 (Bid:1.07148 | Ask: 1.07151) | Delta: -0.0000700
16:42:41,295 | Pair:USDJPY | Spread:0 | Fast LMAX (Bid:127.125 | Ask: 127.134)| Slow 166666 (Bid:127.135 | Ask: 127.14) | Delta: -0.0150000
16:42:41,298 | Pair:USDJPY | Spread:0 | Fast LMAX (Bid:127.124 | Ask: 127.134)| Slow 166666 (Bid:127.122 | Ask: 127.127) | Delta: -0.0030000
16:42:41,313 | Pair:USDJPY | Spread:0 | Fast 26015101 (Bid:127.124 | Ask: 127.134)| Slow 166666 (Bid:127.122 | Ask: 127.123) | Delta: 0.0010000
16:42:41,314 | Pair:USDJPY | Spread:0 | Fast 26015101 (Bid:127.12 | Ask: 127.132)| Slow 166666 (Bid:127.122 | Ask: 127.123) | Delta: -0.0030000
16:42:44,543 | Pair:EURUSD | Spread:0 | Fast LMAX (Bid:1.07168 | Ask: 1.07176)| Slow 166666 (Bid:1.07164 | Ask: 1.07167) | Delta: 0.0000100
16:42:45,221 | Pair:EURUSD | Spread:0 | Fast LMAX (Bid:1.07171 | Ask: 1.07179)| Slow 166666 (Bid:1.07172 | Ask: 1.07176) | Delta: -0.0000500
16:43:10,639 | Pair:EURUSD | Spread:0 | Fast 26015101 (Bid:1.07158 | Ask: 1.07166)| Slow 166666 (Bid:1.07167 | Ask: 1.07175) | Delta: -0.0001700
16:43:10,639 | Pair:GBPUSD | Spread:0 | Fast 26015101 (Bid:1.25807 | Ask: 1.25821)| Slow 166666 (Bid:1.25824 | Ask: 1.25825) | Delta: -0.0001800
16:43:10,658 | Pair:GBPUSD | Spread:0 | Fast 26015101 (Bid:1.25807 | Ask: 1.25821)| Slow 166666 (Bid:1.2582 | Ask: 1.25828) | Delta: -0.0002100
16:43:10,707 | Pair:EURUSD | Spread:0 | Fast 26015101 (Bid:1.0716 | Ask: 1.0717)| Slow 166666 (Bid:1.07167 | Ask: 1.07175) | Delta: -0.0001500
16:43:10,788 | Pair:EURUSD | Spread:0 | Fast 26015101 (Bid:1.07163 | Ask: 1.07172)| Slow 166666 (Bid:1.07175 | Ask: 1.07176) | Delta: -0.0001300
16:43:10,882 | Pair:EURUSD | Spread:0 | Fast 26015101 (Bid:1.07165 | Ask: 1.07173)| Slow 166666 (Bid:1.0717 | Ask: 1.07179) | Delta: -0.0001400
16:43:10,898 | Pair:EURUSD | Spread:0 | Fast LMAX (Bid:1.07166 | Ask: 1.07174)| Slow 166666 (Bid:1.07163 | Ask: 1.07165) | Delta: 0.0000100
16:43:11,271 | Pair:EURUSD | Spread:0 | Fast LMAX (Bid:1.07171 | Ask: 1.07179)| Slow 166666 (Bid:1.07176 | Ask: 1.07179) | Delta: -0.0000800
16:43:11,957 | Pair:EURUSD | Spread:0 | Fast LMAX (Bid:1.07166 | Ask: 1.07173)| Slow 166666 (Bid:1.07176 | Ask: 1.07179) | Delta: -0.0001300
16:43:12,372 | Pair:EURUSD | Spread:0 | Fast LMAX (Bid:1.07164 | Ask: 1.07172)| Slow 166666 (Bid:1.07166 | Ask: 1.07171) | Delta: -0.0000700
16:43:19,229 | Pair:GBPUSD | Spread:0 | Fast 26015101 (Bid:1.25824 | Ask: 1.25834)| Slow 166666 (Bid:1.2582 | Ask: 1.25823) | Delta: 0.0000100
16:43:19,337 | Pair:GBPUSD | Spread:0 | Fast 26015101 (Bid:1.25825 | Ask: 1.25835)| Slow 166666 (Bid:1.25828 | Ask: 1.25837) | Delta: -0.0001200
16:43:19,384 | Pair:GBPUSD | Spread:0 | Fast 26015101 (Bid:1.25825 | Ask: 1.25835)| Slow 166666 (Bid:1.25823 | Ask: 1.25824) | Delta: 0.0000100
16:43:19,555 | Pair:GBPUSD | Spread:0 | Fast 26015101 (Bid:1.25825 | Ask: 1.25835)| Slow 166666 (Bid:1.25825 | Ask: 1.25826) | Delta: -0.0000100
16:43:28,305 | Pair:GBPUSD | Spread:0 | Fast 26015101 (Bid:1.25838 | Ask: 1.25852)| Slow 166666 (Bid:1.25862 | Ask: 1.25863) | Delta: -0.0002500
16:43:28,430 | Pair:GBPUSD | Spread:0 | Fast 26015101 (Bid:1.25845 | Ask: 1.25858)| Slow 166666 (Bid:1.25856 | Ask: 1.25865) | Delta: -0.0002000
16:43:36,684 | Pair:EURUSD | Spread:0 | Fast LMAX (Bid:1.07184 | Ask: 1.07191)| Slow 166666 (Bid:1.07195 | Ask: 1.07197) | Delta: -0.0001300
16:43:36,870 | Pair:EURUSD | Spread:0 | Fast 26015101 (Bid:1.07186 | Ask: 1.07194)| Slow 166666 (Bid:1.07195 | Ask: 1.07202) | Delta: -0.0001600
16:43:36,914 | Pair:EURUSD | Spread:0 | Fast LMAX (Bid:1.07188 | Ask: 1.07196)| Slow 166666 (Bid:1.07195 | Ask: 1.07197) | Delta: -0.0000900
16:43:37,008 | Pair:EURUSD | Spread:0 | Fast 26015101 (Bid:1.0719 | Ask: 1.07198)| Slow 166666 (Bid:1.07198 | Ask: 1.07199) | Delta: -0.0000900
16:43:40,619 | Pair:EURUSD | Spread:0 | Fast LMAX (Bid:1.07188 | Ask: 1.07196)| Slow 166666 (Bid:1.07198 | Ask: 1.072) | Delta: -0.0001200
16:43:40,886 | Pair:EURUSD | Spread:0 | Fast LMAX (Bid:1.07185 | Ask: 1.07196)| Slow 166666 (Bid:1.07191 | Ask: 1.07193) | Delta: -0.0000800
16:43:46,136 | Pair:EURUSD | Spread:0 | Fast LMAX (Bid:1.0718 | Ask: 1.0719)| Slow 166666 (Bid:1.07191 | Ask: 1.07193) | Delta: -0.0001300
16:43:46,188 | Pair:EURUSD | Spread:0 | Fast LMAX (Bid:1.0718 | Ask: 1.0719)| Slow 166666 (Bid:1.07186 | Ask: 1.07187) | Delta: -0.0000700
16:43:50,387 | Pair:EURUSD | Spread:0 | Fast LMAX (Bid:1.07169 | Ask: 1.07179)| Slow 166666 (Bid:1.0718 | Ask: 1.07184) | Delta: -0.0001500
16:43:50,390 | Pair:EURUSD | Spread:0 | Fast LMAX (Bid:1.07169 | Ask: 1.07179)| Slow 166666 (Bid:1.07171 | Ask: 1.07173) | Delta: -0.0000400
16:43:57,515 | Pair:EURUSD | Spread:0 | Fast LMAX (Bid:1.07166 | Ask: 1.07174)| Slow 166666 (Bid:1.07175 | Ask: 1.07178) | Delta: -0.0001200
16:43:57,794 | Pair:EURUSD | Spread:0 | Fast LMAX (Bid:1.07164 | Ask: 1.07174)| Slow 166666 (Bid:1.07169 | Ask: 1.07172) | Delta: -0.0000800
16:44:04,875 | Pair:USDJPY | Spread:0 | Fast 26015101 (Bid:127.109 | Ask: 127.117)| Slow 166666 (Bid:127.107 | Ask: 127.108) | Delta: 0.0010000
16:44:04,889 | Pair:USDJPY | Spread:0 | Fast 26015101 (Bid:127.109 | Ask: 127.117)| Slow 166666 (Bid:127.102 | Ask: 127.112) | Delta: -0.0030000
16:44:09,346 | Pair:EURUSD | Spread:0 | Fast LMAX (Bid:1.07167 | Ask: 1.07175)| Slow 166666 (Bid:1.07176 | Ask: 1.07178) | Delta: -0.0001100
16:44:09,400 | Pair:EURUSD | Spread:0 | Fast LMAX (Bid:1.07167 | Ask: 1.07175)| Slow 166666 (Bid:1.0717 | Ask: 1.07173) | Delta: -0.0000600
16:44:10,332 | Pair:USDJPY | Spread:0 | Fast 26015101 (Bid:127.09 | Ask: 127.099)| Slow 166666 (Bid:127.086 | Ask: 127.087) | Delta: 0.0030000
16:44:10,347 | Pair:USDJPY | Spread:0 | Fast 26015101 (Bid:127.087 | Ask: 127.099)| Slow 166666 (Bid:127.086 | Ask: 127.087) | Delta: 0.0000000
16:44:11,282 | Pair:USDJPY | Spread:0 | Fast 26015101 (Bid:127.085 | Ask: 127.096)| Slow 166666 (Bid:127.08 | Ask: 127.081) | Delta: 0.0040000
16:44:11,364 | Pair:USDJPY | Spread:0 | Fast 26015101 (Bid:127.08 | Ask: 127.094)| Slow 166666 (Bid:127.08 | Ask: 127.081) | Delta: -0.0010000
16:44:15,035 | Pair:USDJPY | Spread:0 | Fast 26015101 (Bid:127.085 | Ask: 127.094)| Slow 166666 (Bid:127.08 | Ask: 127.082) | Delta: 0.0030000
16:44:15,049 | Pair:USDJPY | Spread:0 | Fast 26015101 (Bid:127.085 | Ask: 127.094)| Slow 166666 (Bid:127.085 | Ask: 127.096) | Delta: -0.0110000
16:44:15,223 | Pair:GBPUSD | Spread:0 | Fast 26015101 (Bid:1.25809 | Ask: 1.25823)| Slow 166666 (Bid:1.25824 | Ask: 1.25826) | Delta: -0.0001700
16:44:15,344 | Pair:USDJPY | Spread:0 | Fast 26015101 (Bid:127.089 | Ask: 127.098)| Slow 166666 (Bid:127.083 | Ask: 127.084) | Delta: 0.0050000
16:44:15,374 | Pair:USDJPY | Spread:0 | Fast 26015101 (Bid:127.089 | Ask: 127.098)| Slow 166666 (Bid:127.087 | Ask: 127.1) | Delta: -0.0110000
16:44:15,752 | Pair:GBPUSD | Spread:0 | Fast 26015101 (Bid:1.25807 | Ask: 1.25822)| Slow 166666 (Bid:1.25811 | Ask: 1.2582) | Delta: -0.0001300
16:44:16,223 | Pair:USDJPY | Spread:0 | Fast 26015101 (Bid:127.092 | Ask: 127.104)| Slow 166666 (Bid:127.09 | Ask: 127.091) | Delta: 0.0010000
16:44:16,282 | Pair:USDJPY | Spread:0 | Fast 26015101 (Bid:127.092 | Ask: 127.104)| Slow 166666 (Bid:127.089 | Ask: 127.101) | Delta: -0.0090000
16:44:17,849 | Pair:GBPUSD | Spread:0 | Fast 26015101 (Bid:1.25817 | Ask: 1.25831)| Slow 166666 (Bid:1.25815 | Ask: 1.25816) | Delta: 0.0000100
16:44:17,923 | Pair:GBPUSD | Spread:0 | Fast 26015101 (Bid:1.25818 | Ask: 1.25831)| Slow 166666 (Bid:1.25809 | Ask: 1.2582) | Delta: -0.0000200
16:44:17,986 | Pair:GBPUSD | Spread:0 | Fast 26015101 (Bid:1.25818 | Ask: 1.25831)| Slow 166666 (Bid:1.25813 | Ask: 1.25816) | Delta: 0.0000200
16:44:18,079 | Pair:GBPUSD | Spread:0 | Fast 26015101 (Bid:1.25818 | Ask: 1.25831)| Slow 166666 (Bid:1.2581 | Ask: 1.2582) | Delta: -0.0000200
16:44:18,181 | Pair:GBPUSD | Spread:0 | Fast 26015101 (Bid:1.25818 | Ask: 1.25831)| Slow 166666 (Bid:1.25814 | Ask: 1.25816) | Delta: 0.0000200
16:44:18,236 | Pair:GBPUSD | Spread:0 | Fast 26015101 (Bid:1.25818 | Ask: 1.25831)| Slow 166666 (Bid:1.25811 | Ask: 1.2582) | Delta: -0.0000200
16:44:18,298 | Pair:GBPUSD | Spread:0 | Fast 26015101 (Bid:1.25818 | Ask: 1.25831)| Slow 166666 (Bid:1.25815 | Ask: 1.25816) | Delta: 0.0000200
16:44:18,345 | Pair:GBPUSD | Spread:0 | Fast 26015101 (Bid:1.25818 | Ask: 1.25831)| Slow 166666 (Bid:1.2581 | Ask: 1.2582) | Delta: -0.0000200
16:44:18,456 | Pair:GBPUSD | Spread:0 | Fast 26015101 (Bid:1.2582 | Ask: 1.25832)| Slow 166666 (Bid:1.25814 | Ask: 1.25816) | Delta: 0.0000400
16:44:18,563 | Pair:GBPUSD | Spread:0 | Fast 26015101 (Bid:1.2582 | Ask: 1.25832)| Slow 166666 (Bid:1.25816 | Ask: 1.25824) | Delta: -0.0000400
16:44:24,706 | Pair:GBPUSD | Spread:0 | Fast 26015101 (Bid:1.25821 | Ask: 1.25834)| Slow 166666 (Bid:1.25835 | Ask: 1.25836) | Delta: -0.0001500
16:44:25,004 | Pair:GBPUSD | Spread:0 | Fast 26015101 (Bid:1.25821 | Ask: 1.25834)| Slow 166666 (Bid:1.25827 | Ask: 1.25838) | Delta: -0.0001700
16:44:38,007 | Pair:USDJPY | Spread:0 | Fast 26015101 (Bid:127.094 | Ask: 127.104)| Slow 166666 (Bid:127.109 | Ask: 127.11) | Delta: -0.0160000
16:44:38,070 | Pair:USDJPY | Spread:0 | Fast 26015101 (Bid:127.099 | Ask: 127.11)| Slow 166666 (Bid:127.109 | Ask: 127.11) | Delta: -0.0110000
16:44:52,367 | Pair:USDJPY | Spread:0 | Fast 26015101 (Bid:127.098 | Ask: 127.106)| Slow 166666 (Bid:127.095 | Ask: 127.096) | Delta: 0.0020000
16:44:52,463 | Pair:USDJPY | Spread:0 | Fast 26015101 (Bid:127.098 | Ask: 127.106)| Slow 166666 (Bid:127.088 | Ask: 127.098) | Delta: 0.0000000
16:45:20,027 | Pair:USDJPY | Spread:0 | Fast 26015101 (Bid:127.076 | Ask: 127.083)| Slow 166666 (Bid:127.072 | Ask: 127.073) | Delta: 0.0030000
16:45:20,069 | Pair:USDJPY | Spread:0 | Fast LMAX (Bid:127.074 | Ask: 127.082)| Slow 166666 (Bid:127.083 | Ask: 127.09) | Delta: -0.0160000
16:45:20,069 | Pair:USDJPY | Spread:0 | Fast 26015101 (Bid:127.074 | Ask: 127.082)| Slow 166666 (Bid:127.068 | Ask: 127.079) | Delta: -0.0050000
16:45:20,342 | Pair:USDJPY | Spread:0 | Fast LMAX (Bid:127.069 | Ask: 127.079)| Slow 166666 (Bid:127.071 | Ask: 127.079) | Delta: -0.0100000
16:45:28,633 | Pair:USDJPY | Spread:0 | Fast 26015101 (Bid:127.057 | Ask: 127.068)| Slow 166666 (Bid:127.052 | Ask: 127.055) | Delta: 0.0020000
16:45:28,635 | Pair:USDJPY | Spread:0 | Fast 26015101 (Bid:127.055 | Ask: 127.062)| Slow 166666 (Bid:127.052 | Ask: 127.055) | Delta: 0.0000000
16:45:32,526 | Pair:EURUSD | Spread:0 | Fast 26015101 (Bid:1.07143 | Ask: 1.0715)| Slow 166666 (Bid:1.07141 | Ask: 1.07142) | Delta: 0.0000100
16:45:32,616 | Pair:EURUSD | Spread:0 | Fast 26015101 (Bid:1.07139 | Ask: 1.07148)| Slow 166666 (Bid:1.07141 | Ask: 1.07142) | Delta: -0.0000300
16:45:32,647 | Pair:EURUSD | Spread:0 | Fast LMAX (Bid:1.07139 | Ask: 1.07147)| Slow 166666 (Bid:1.07148 | Ask: 1.07149) | Delta: -0.0001000
16:45:32,757 | Pair:GBPUSD | Spread:0 | Fast LMAX (Bid:1.25756 | Ask: 1.25768)| Slow 166666 (Bid:1.25769 | Ask: 1.25777) | Delta: -0.0002100
16:45:33,047 | Pair:EURUSD | Spread:0 | Fast LMAX (Bid:1.07137 | Ask: 1.07146)| Slow 166666 (Bid:1.07138 | Ask: 1.07142) | Delta: -0.0000500
16:45:33,048 | Pair:GBPUSD | Spread:0 | Fast LMAX (Bid:1.25756 | Ask: 1.25768)| Slow 166666 (Bid:1.25755 | Ask: 1.25766) | Delta: -0.0001000
16:45:48,327 | Pair:GBPUSD | Spread:0 | Fast 26015101 (Bid:1.25737 | Ask: 1.2575)| Slow 166666 (Bid:1.25735 | Ask: 1.25736) | Delta: 0.0000100
16:45:48,598 | Pair:GBPUSD | Spread:0 | Fast 26015101 (Bid:1.25737 | Ask: 1.2575)| Slow 166666 (Bid:1.25731 | Ask: 1.25743) | Delta: -0.0000600
16:45:48,615 | Pair:EURUSD | Spread:0 | Fast 26015101 (Bid:1.07133 | Ask: 1.07141)| Slow 166666 (Bid:1.07128 | Ask: 1.07131) | Delta: 0.0000200
16:45:48,616 | Pair:EURUSD | Spread:0 | Fast 26015101 (Bid:1.0713 | Ask: 1.07138)| Slow 166666 (Bid:1.07128 | Ask: 1.07131) | Delta: -0.0000100
16:45:48,615 | Pair:GBPUSD | Spread:0 | Fast LMAX (Bid:1.2573 | Ask: 1.25742)| Slow 166666 (Bid:1.25744 | Ask: 1.25754) | Delta: -0.0002400
16:45:48,616 | Pair:EURUSD | Spread:0 | Fast LMAX (Bid:1.0713 | Ask: 1.07138)| Slow 166666 (Bid:1.0714 | Ask: 1.07143) | Delta: -0.0001300
16:45:48,617 | Pair:EURUSD | Spread:0 | Fast LMAX (Bid:1.07128 | Ask: 1.07138)| Slow 166666 (Bid:1.07134 | Ask: 1.07136) | Delta: -0.0000800
16:45:48,618 | Pair:GBPUSD | Spread:0 | Fast LMAX (Bid:1.2573 | Ask: 1.25743)| Slow 166666 (Bid:1.25736 | Ask: 1.25749) | Delta: -0.0001900
16:45:58,170 | Pair:GBPUSD | Spread:0 | Fast 26015101 (Bid:1.25742 | Ask: 1.25755)| Slow 166666 (Bid:1.25757 | Ask: 1.25758) | Delta: -0.0001600
16:45:58,174 | Pair:GBPUSD | Spread:0 | Fast 26015101 (Bid:1.25744 | Ask: 1.25759)| Slow 166666 (Bid:1.25757 | Ask: 1.25758) | Delta: -0.0001400
16:45:58,265 | Pair:GBPUSD | Spread:0 | Fast LMAX (Bid:1.25751 | Ask: 1.25763)| Slow 166666 (Bid:1.2574 | Ask: 1.2575) | Delta: 0.0000100
16:45:58,459 | Pair:GBPUSD | Spread:0 | Fast LMAX (Bid:1.25751 | Ask: 1.25765)| Slow 166666 (Bid:1.25754 | Ask: 1.25762) | Delta: -0.0001100
16:46:11,282 | Pair:USDJPY | Spread:0 | Fast 26015101 (Bid:127.059 | Ask: 127.067)| Slow 166666 (Bid:127.054 | Ask: 127.055) | Delta: 0.0040000
16:46:11,326 | Pair:USDJPY | Spread:0 | Fast 26015101 (Bid:127.056 | Ask: 127.065)| Slow 166666 (Bid:127.049 | Ask: 127.06) | Delta: -0.0040000
16:46:18,469 | Pair:EURUSD | Spread:0 | Fast LMAX (Bid:1.07149 | Ask: 1.07157)| Slow 166666 (Bid:1.07158 | Ask: 1.07159) | Delta: -0.0001000
16:46:18,582 | Pair:EURUSD | Spread:0 | Fast LMAX (Bid:1.07151 | Ask: 1.0716)| Slow 166666 (Bid:1.07158 | Ask: 1.07159) | Delta: -0.0000800
16:46:20,500 | Pair:USDJPY | Spread:0 | Fast 26015101 (Bid:127.049 | Ask: 127.06)| Slow 166666 (Bid:127.047 | Ask: 127.048) | Delta: 0.0010000
16:46:20,544 | Pair:USDJPY | Spread:0 | Fast 26015101 (Bid:127.049 | Ask: 127.06)| Slow 166666 (Bid:127.042 | Ask: 127.052) | Delta: -0.0030000
16:46:25,815 | Pair:EURUSD | Spread:0 | Fast 26015101 (Bid:1.07158 | Ask: 1.07168)| Slow 166666 (Bid:1.07169 | Ask: 1.0717) | Delta: -0.0001200
16:46:25,827 | Pair:EURUSD | Spread:0 | Fast 26015101 (Bid:1.07158 | Ask: 1.07168)| Slow 166666 (Bid:1.07166 | Ask: 1.07173) | Delta: -0.0001500
16:46:25,835 | Pair:EURUSD | Spread:0 | Fast LMAX (Bid:1.07161 | Ask: 1.07168)| Slow 166666 (Bid:1.07157 | Ask: 1.0716) | Delta: 0.0000100
16:46:25,873 | Pair:EURUSD | Spread:0 | Fast LMAX (Bid:1.07162 | Ask: 1.0717)| Slow 166666 (Bid:1.07168 | Ask: 1.07171) | Delta: -0.0000900
16:46:59,961 | Pair:EURUSD | Spread:0 | Fast LMAX (Bid:1.07166 | Ask: 1.07176)| Slow 166666 (Bid:1.07177 | Ask: 1.07179) | Delta: -0.0001300
16:47:00,790 | Pair:EURUSD | Spread:0 | Fast LMAX (Bid:1.07164 | Ask: 1.07173)| Slow 166666 (Bid:1.0717 | Ask: 1.07172) | Delta: -0.0000800
16:47:05,522 | Pair:EURUSD | Spread:0 | Fast 26015101 (Bid:1.07168 | Ask: 1.07175)| Slow 166666 (Bid:1.07176 | Ask: 1.07177) | Delta: -0.0000900
16:47:05,525 | Pair:EURUSD | Spread:0 | Fast 26015101 (Bid:1.07169 | Ask: 1.07177)| Slow 166666 (Bid:1.07176 | Ask: 1.07177) | Delta: -0.0000800
16:47:11,457 | Pair:EURUSD | Spread:0 | Fast 26015101 (Bid:1.07172 | Ask: 1.07179)| Slow 166666 (Bid:1.0718 | Ask: 1.07181) | Delta: -0.0000900
16:47:11,528 | Pair:EURUSD | Spread:0 | Fast 26015101 (Bid:1.07173 | Ask: 1.07181)| Slow 166666 (Bid:1.0718 | Ask: 1.07181) | Delta: -0.0000800
16:47:27,460 | Pair:GBPUSD | Spread:0 | Fast 26015101 (Bid:1.25775 | Ask: 1.25786)| Slow 166666 (Bid:1.25787 | Ask: 1.25796) | Delta: -0.0002100
16:47:27,500 | Pair:GBPUSD | Spread:0 | Fast 26015101 (Bid:1.25775 | Ask: 1.25789)| Slow 166666 (Bid:1.25787 | Ask: 1.25796) | Delta: -0.0002100
16:47:54,118 | Pair:USDJPY | Spread:0 | Fast 26015101 (Bid:127.052 | Ask: 127.06)| Slow 166666 (Bid:127.062 | Ask: 127.063) | Delta: -0.0110000
16:47:54,195 | Pair:USDJPY | Spread:0 | Fast 26015101 (Bid:127.052 | Ask: 127.061)| Slow 166666 (Bid:127.058 | Ask: 127.068) | Delta: -0.0160000
16:48:01,779 | Pair:GBPUSD | Spread:0 | Fast 26015101 (Bid:1.25791 | Ask: 1.25801)| Slow 166666 (Bid:1.25804 | Ask: 1.25805) | Delta: -0.0001400
16:48:01,821 | Pair:GBPUSD | Spread:0 | Fast 26015101 (Bid:1.25792 | Ask: 1.25804)| Slow 166666 (Bid:1.25804 | Ask: 1.25805) | Delta: -0.0001300
16:48:01,936 | Pair:GBPUSD | Spread:0 | Fast 26015101 (Bid:1.25794 | Ask: 1.25805)| Slow 166666 (Bid:1.25806 | Ask: 1.25807) | Delta: -0.0001300
16:48:01,945 | Pair:GBPUSD | Spread:0 | Fast 26015101 (Bid:1.25796 | Ask: 1.25806)| Slow 166666 (Bid:1.25806 | Ask: 1.25807) | Delta: -0.0001100
16:48:17,103 | Pair:USDJPY | Spread:0 | Fast 26015101 (Bid:127.065 | Ask: 127.075)| Slow 166666 (Bid:127.077 | Ask: 127.078) | Delta: -0.0130000
16:48:17,153 | Pair:USDJPY | Spread:0 | Fast 26015101 (Bid:127.066 | Ask: 127.076)| Slow 166666 (Bid:127.073 | Ask: 127.084) | Delta: -0.0180000
16:48:17,343 | Pair:USDJPY | Spread:0 | Fast LMAX (Bid:127.073 | Ask: 127.083)| Slow 166666 (Bid:127.064 | Ask: 127.071) | Delta: 0.0020000
16:48:18,038 | Pair:USDJPY | Spread:0 | Fast LMAX (Bid:127.077 | Ask: 127.089)| Slow 166666 (Bid:127.08 | Ask: 127.089) | Delta: -0.0120000
16:48:32,562 | Pair:USDJPY | Spread:0 | Fast 26015101 (Bid:127.098 | Ask: 127.105)| Slow 166666 (Bid:127.095 | Ask: 127.096) | Delta: 0.0020000
16:48:32,570 | Pair:USDJPY | Spread:0 | Fast 26015101 (Bid:127.096 | Ask: 127.105)| Slow 166666 (Bid:127.095 | Ask: 127.096) | Delta: 0.0000000
16:48:41,805 | Pair:EURUSD | Spread:0 | Fast LMAX (Bid:1.07157 | Ask: 1.07163)| Slow 166666 (Bid:1.07165 | Ask: 1.07167) | Delta: -0.0001000
16:48:42,347 | Pair:EURUSD | Spread:0 | Fast LMAX (Bid:1.07157 | Ask: 1.07163)| Slow 166666 (Bid:1.07157 | Ask: 1.07161) | Delta: -0.0000400
16:49:11,626 | Pair:EURUSD | Spread:0 | Fast 26015101 (Bid:1.07162 | Ask: 1.07171)| Slow 166666 (Bid:1.07172 | Ask: 1.07173) | Delta: -0.0001100
16:49:11,670 | Pair:EURUSD | Spread:0 | Fast 26015101 (Bid:1.07164 | Ask: 1.07172)| Slow 166666 (Bid:1.07172 | Ask: 1.07173) | Delta: -0.0000900
16:49:21,162 | Pair:EURUSD | Spread:0 | Fast 26015101 (Bid:1.07172 | Ask: 1.07182)| Slow 166666 (Bid:1.07168 | Ask: 1.07169) | Delta: 0.0000300
16:49:21,298 | Pair:EURUSD | Spread:0 | Fast 26015101 (Bid:1.07169 | Ask: 1.07179)| Slow 166666 (Bid:1.07168 | Ask: 1.07169) | Delta: 0.0000000
16:49:21,423 | Pair:EURUSD | Spread:0 | Fast LMAX (Bid:1.07166 | Ask: 1.07174)| Slow 166666 (Bid:1.07175 | Ask: 1.07178) | Delta: -0.0001200
16:49:21,469 | Pair:EURUSD | Spread:0 | Fast LMAX (Bid:1.07164 | Ask: 1.07174)| Slow 166666 (Bid:1.07167 | Ask: 1.0717) | Delta: -0.0000600
16:49:37,117 | Pair:USDJPY | Spread:0 | Fast 26015101 (Bid:127.102 | Ask: 127.114)| Slow 166666 (Bid:127.116 | Ask: 127.117) | Delta: -0.0150000
16:49:37,130 | Pair:USDJPY | Spread:0 | Fast 26015101 (Bid:127.102 | Ask: 127.114)| Slow 166666 (Bid:127.111 | Ask: 127.121) | Delta: -0.0190000
16:49:37,353 | Pair:USDJPY | Spread:0 | Fast LMAX (Bid:127.11 | Ask: 127.121)| Slow 166666 (Bid:127.102 | Ask: 127.109) | Delta: 0.0010000
16:49:37,378 | Pair:USDJPY | Spread:0 | Fast LMAX (Bid:127.11 | Ask: 127.121)| Slow 166666 (Bid:127.115 | Ask: 127.122) | Delta: -0.0120000
16:49:56,355 | Pair:GBPUSD | Spread:0 | Fast 26015101 (Bid:1.25804 | Ask: 1.25817)| Slow 166666 (Bid:1.25795 | Ask: 1.25803) | Delta: 0.0000100
16:49:56,362 | Pair:GBPUSD | Spread:0 | Fast 26015101 (Bid:1.25803 | Ask: 1.25817)| Slow 166666 (Bid:1.25795 | Ask: 1.25803) | Delta: 0.0000000
16:58:05,954 | Pair:USDJPY | Spread:0 | Fast 26015101 (Bid:127.107 | Ask: 127.115)| Slow 166666 (Bid:127.102 | Ask: 127.104) | Delta: 0.0030000
16:58:06,026 | Pair:USDJPY | Spread:0 | Fast 26015101 (Bid:127.103 | Ask: 127.114)| Slow 166666 (Bid:127.102 | Ask: 127.104) | Delta: -0.0010000
17:02:13,016 | Pair:USDJPY | Spread:0 | Fast 26015101 (Bid:127.108 | Ask: 127.115)| Slow 166666 (Bid:127.106 | Ask: 127.107) | Delta: 0.0010000
17:02:13,089 | Pair:USDJPY | Spread:0 | Fast 26015101 (Bid:127.104 | Ask: 127.114)| Slow 166666 (Bid:127.106 | Ask: 127.107) | Delta: -0.0030000
17:02:22,701 | Pair:GBPUSD | Spread:0 | Fast 26015101 (Bid:1.25684 | Ask: 1.25693)| Slow 166666 (Bid:1.25694 | Ask: 1.25695) | Delta: -0.0001100
17:02:22,714 | Pair:GBPUSD | Spread:0 | Fast 26015101 (Bid:1.25686 | Ask: 1.25699)| Slow 166666 (Bid:1.25694 | Ask: 1.25695) | Delta: -0.0000900
17:02:32,129 | Pair:USDJPY | Spread:0 | Fast 26015101 (Bid:127.089 | Ask: 127.098)| Slow 166666 (Bid:127.103 | Ask: 127.104) | Delta: -0.0150000
17:02:32,232 | Pair:USDJPY | Spread:0 | Fast 26015101 (Bid:127.089 | Ask: 127.098)| Slow 166666 (Bid:127.098 | Ask: 127.109) | Delta: -0.0200000
17:02:32,352 | Pair:USDJPY | Spread:0 | Fast 26015101 (Bid:127.092 | Ask: 127.103)| Slow 166666 (Bid:127.104 | Ask: 127.105) | Delta: -0.0130000
17:02:32,513 | Pair:USDJPY | Spread:0 | Fast 26015101 (Bid:127.097 | Ask: 127.103)| Slow 166666 (Bid:127.101 | Ask: 127.111) | Delta: -0.0140000
17:03:03,643 | Pair:USDJPY | Spread:0 | Fast 26015101 (Bid:127.091 | Ask: 127.101)| Slow 166666 (Bid:127.102 | Ask: 127.103) | Delta: -0.0120000
17:03:03,650 | Pair:USDJPY | Spread:0 | Fast 26015101 (Bid:127.091 | Ask: 127.102)| Slow 166666 (Bid:127.102 | Ask: 127.103) | Delta: -0.0120000
17:03:08,175 | Pair:USDJPY | Spread:0 | Fast 26015101 (Bid:127.104 | Ask: 127.114)| Slow 166666 (Bid:127.118 | Ask: 127.119) | Delta: -0.0150000
17:03:08,193 | Pair:USDJPY | Spread:0 | Fast 26015101 (Bid:127.104 | Ask: 127.116)| Slow 166666 (Bid:127.11 | Ask: 127.122) | Delta: -0.0180000
17:03:10,687 | Pair:USDJPY | Spread:0 | Fast 26015101 (Bid:127.115 | Ask: 127.123)| Slow 166666 (Bid:127.124 | Ask: 127.125) | Delta: -0.0100000
17:03:10,749 | Pair:USDJPY | Spread:0 | Fast 26015101 (Bid:127.115 | Ask: 127.123)| Slow 166666 (Bid:127.122 | Ask: 127.133) | Delta: -0.0180000
17:03:10,830 | Pair:USDJPY | Spread:0 | Fast 26015101 (Bid:127.115 | Ask: 127.124)| Slow 166666 (Bid:127.127 | Ask: 127.128) | Delta: -0.0130000
17:03:10,903 | Pair:USDJPY | Spread:0 | Fast 26015101 (Bid:127.117 | Ask: 127.127)| Slow 166666 (Bid:127.127 | Ask: 127.128) | Delta: -0.0110000
17:04:05,853 | Pair:USDJPY | Spread:0 | Fast 26015101 (Bid:127.126 | Ask: 127.137)| Slow 166666 (Bid:127.124 | Ask: 127.125) | Delta: 0.0010000
17:04:05,856 | Pair:USDJPY | Spread:0 | Fast 26015101 (Bid:127.124 | Ask: 127.135)| Slow 166666 (Bid:127.124 | Ask: 127.125) | Delta: -0.0010000
17:04:20,701 | Pair:GBPUSD | Spread:0 | Fast 26015101 (Bid:1.25759 | Ask: 1.25769)| Slow 166666 (Bid:1.25757 | Ask: 1.25758) | Delta: 0.0000100
17:04:20,706 | Pair:GBPUSD | Spread:0 | Fast 26015101 (Bid:1.25757 | Ask: 1.25768)| Slow 166666 (Bid:1.25757 | Ask: 1.25758) | Delta: -0.0000100
17:13:05,698 | Pair:GBPUSD | Spread:0 | Fast 26015101 (Bid:1.25702 | Ask: 1.25712)| Slow 166666 (Bid:1.25699 | Ask: 1.257) | Delta: 0.0000200
17:13:05,713 | Pair:GBPUSD | Spread:0 | Fast 26015101 (Bid:1.25702 | Ask: 1.25712)| Slow 166666 (Bid:1.25695 | Ask: 1.25703) | Delta: -0.0000100
17:13:12,588 | Pair:EURUSD | Spread:0 | Fast 26015101 (Bid:1.07141 | Ask: 1.07149)| Slow 166666 (Bid:1.07151 | Ask: 1.07152) | Delta: -0.0001100
17:13:12,879 | Pair:EURUSD | Spread:0 | Fast LMAX (Bid:1.07141 | Ask: 1.07149)| Slow 166666 (Bid:1.0715 | Ask: 1.07153) | Delta: -0.0001200
17:13:12,886 | Pair:EURUSD | Spread:0 | Fast 26015101 (Bid:1.07141 | Ask: 1.07149)| Slow 166666 (Bid:1.07149 | Ask: 1.0715) | Delta: -0.0000900
17:13:14,090 | Pair:EURUSD | Spread:0 | Fast LMAX (Bid:1.07142 | Ask: 1.07151)| Slow 166666 (Bid:1.0715 | Ask: 1.07153) | Delta: -0.0001100
17:17:07,124 | Pair:USDJPY | Spread:0 | Fast 26015101 (Bid:127.181 | Ask: 127.19)| Slow 166666 (Bid:127.191 | Ask: 127.192) | Delta: -0.0110000
17:17:07,126 | Pair:USDJPY | Spread:0 | Fast 26015101 (Bid:127.181 | Ask: 127.19)| Slow 166666 (Bid:127.19 | Ask: 127.191) | Delta: -0.0100000
17:17:07,127 | Pair:USDJPY | Spread:0 | Fast 26015101 (Bid:127.181 | Ask: 127.19)| Slow 166666 (Bid:127.191 | Ask: 127.192) | Delta: -0.0110000
17:17:07,128 | Pair:USDJPY | Spread:0 | Fast 26015101 (Bid:127.181 | Ask: 127.19)| Slow 166666 (Bid:127.186 | Ask: 127.196) | Delta: -0.0150000
17:17:07,128 | Pair:USDJPY | Spread:0 | Fast 26015101 (Bid:127.181 | Ask: 127.19)| Slow 166666 (Bid:127.191 | Ask: 127.192) | Delta: -0.0110000
17:17:07,129 | Pair:USDJPY | Spread:0 | Fast 26015101 (Bid:127.181 | Ask: 127.19)| Slow 166666 (Bid:127.19 | Ask: 127.191) | Delta: -0.0100000
17:17:45,163 | Pair:EURUSD | Spread:0 | Fast 26015101 (Bid:1.07142 | Ask: 1.0715)| Slow 166666 (Bid:1.07152 | Ask: 1.07153) | Delta: -0.0001100
17:17:45,240 | Pair:EURUSD | Spread:0 | Fast 26015101 (Bid:1.07143 | Ask: 1.07151)| Slow 166666 (Bid:1.07149 | Ask: 1.07158) | Delta: -0.0001500
17:20:21,222 | Pair:USDJPY | Spread:0 | Fast LMAX (Bid:127.165 | Ask: 127.172)| Slow 166666 (Bid:127.173 | Ask: 127.179) | Delta: -0.0140000
17:20:21,279 | Pair:USDJPY | Spread:0 | Fast LMAX (Bid:127.165 | Ask: 127.172)| Slow 166666 (Bid:127.165 | Ask: 127.171) | Delta: -0.0060000
17:20:29,782 | Pair:USDJPY | Spread:0 | Fast 26015101 (Bid:127.171 | Ask: 127.18)| Slow 166666 (Bid:127.169 | Ask: 127.17) | Delta: 0.0010000
17:20:29,815 | Pair:USDJPY | Spread:0 | Fast 26015101 (Bid:127.17 | Ask: 127.179)| Slow 166666 (Bid:127.169 | Ask: 127.17) | Delta: 0.0000000
17:30:26,320 | Pair:EURUSD | Spread:0 | Fast 26015101 (Bid:1.07153 | Ask: 1.07163)| Slow 166666 (Bid:1.07151 | Ask: 1.07152) | Delta: 0.0000100
17:30:26,341 | Pair:EURUSD | Spread:0 | Fast 26015101 (Bid:1.07152 | Ask: 1.07159)| Slow 166666 (Bid:1.07151 | Ask: 1.07152) | Delta: 0.0000000
17:30:29,459 | Pair:EURUSD | Spread:0 | Fast 26015101 (Bid:1.07148 | Ask: 1.07155)| Slow 166666 (Bid:1.07146 | Ask: 1.07147) | Delta: 0.0000100
17:30:29,500 | Pair:EURUSD | Spread:0 | Fast 26015101 (Bid:1.07147 | Ask: 1.07155)| Slow 166666 (Bid:1.07146 | Ask: 1.07147) | Delta: 0.0000000
17:32:44,466 | Pair:USDJPY | Spread:0 | Fast 26015101 (Bid:127.284 | Ask: 127.294)| Slow 166666 (Bid:127.281 | Ask: 127.283) | Delta: 0.0010000
17:32:44,469 | Pair:USDJPY | Spread:0 | Fast 26015101 (Bid:127.282 | Ask: 127.294)| Slow 166666 (Bid:127.281 | Ask: 127.283) | Delta: -0.0010000
17:41:23,196 | Pair:GBPUSD | Spread:0 | Fast 26015101 (Bid:1.2553 | Ask: 1.25542)| Slow 166666 (Bid:1.25543 | Ask: 1.25545) | Delta: -0.0001500
17:41:23,210 | Pair:GBPUSD | Spread:0 | Fast 26015101 (Bid:1.2553 | Ask: 1.25542)| Slow 166666 (Bid:1.25539 | Ask: 1.25549) | Delta: -0.0001900
17:42:58,845 | Pair:EURUSD | Spread:0 | Fast 26015101 (Bid:1.07083 | Ask: 1.0709)| Slow 166666 (Bid:1.07091 | Ask: 1.07092) | Delta: -0.0000900
17:42:58,855 | Pair:EURUSD | Spread:0 | Fast 26015101 (Bid:1.07084 | Ask: 1.07092)| Slow 166666 (Bid:1.07091 | Ask: 1.07092) | Delta: -0.0000800
17:43:36,994 | Pair:GBPUSD | Spread:0 | Fast 26015101 (Bid:1.25605 | Ask: 1.25617)| Slow 166666 (Bid:1.25618 | Ask: 1.2562) | Delta: -0.0001500
17:43:37,005 | Pair:GBPUSD | Spread:0 | Fast 26015101 (Bid:1.25609 | Ask: 1.25618)| Slow 166666 (Bid:1.25618 | Ask: 1.2562) | Delta: -0.0001100
17:43:37,193 | Pair:GBPUSD | Spread:0 | Fast LMAX (Bid:1.25614 | Ask: 1.25623)| Slow 166666 (Bid:1.25604 | Ask: 1.25612) | Delta: 0.0000200
17:43:37,377 | Pair:GBPUSD | Spread:0 | Fast LMAX (Bid:1.25614 | Ask: 1.25624)| Slow 166666 (Bid:1.25614 | Ask: 1.25622) | Delta: -0.0000800
17:50:04,977 | Pair:EURUSD | Spread:0 | Fast LMAX (Bid:1.07129 | Ask: 1.0714)| Slow 166666 (Bid:1.07141 | Ask: 1.07144) | Delta: -0.0001500
17:50:05,582 | Pair:EURUSD | Spread:0 | Fast LMAX (Bid:1.07124 | Ask: 1.07135)| Slow 166666 (Bid:1.07126 | Ask: 1.0713) | Delta: -0.0000600
17:50:23,793 | Pair:GBPUSD | Spread:0 | Fast 26015101 (Bid:1.25715 | Ask: 1.25725)| Slow 166666 (Bid:1.25726 | Ask: 1.25729) | Delta: -0.0001400
17:50:23,824 | Pair:GBPUSD | Spread:0 | Fast 26015101 (Bid:1.25715 | Ask: 1.25727)| Slow 166666 (Bid:1.25726 | Ask: 1.25729) | Delta: -0.0001400
17:53:36,043 | Pair:GBPUSD | Spread:0 | Fast LMAX (Bid:1.25704 | Ask: 1.25719)| Slow 166666 (Bid:1.2572 | Ask: 1.25731) | Delta: -0.0002700
17:53:36,056 | Pair:EURUSD | Spread:0 | Fast 26015101 (Bid:1.07098 | Ask: 1.07104)| Slow 166666 (Bid:1.07094 | Ask: 1.07096) | Delta: 0.0000200
17:53:36,069 | Pair:EURUSD | Spread:0 | Fast 26015101 (Bid:1.07098 | Ask: 1.07104)| Slow 166666 (Bid:1.07091 | Ask: 1.071) | Delta: -0.0000200
17:53:36,074 | Pair:GBPUSD | Spread:0 | Fast 26015101 (Bid:1.25705 | Ask: 1.25719)| Slow 166666 (Bid:1.25703 | Ask: 1.25704) | Delta: 0.0000100
17:53:36,104 | Pair:GBPUSD | Spread:0 | Fast 26015101 (Bid:1.25701 | Ask: 1.25713)| Slow 166666 (Bid:1.25703 | Ask: 1.25704) | Delta: -0.0000300
17:53:36,111 | Pair:GBPUSD | Spread:0 | Fast LMAX (Bid:1.25701 | Ask: 1.25713)| Slow 166666 (Bid:1.25698 | Ask: 1.25709) | Delta: -0.0000800
17:53:39,198 | Pair:EURUSD | Spread:0 | Fast LMAX (Bid:1.07098 | Ask: 1.07107)| Slow 166666 (Bid:1.07093 | Ask: 1.07097) | Delta: 0.0000100
17:53:39,309 | Pair:EURUSD | Spread:0 | Fast LMAX (Bid:1.07098 | Ask: 1.07107)| Slow 166666 (Bid:1.071 | Ask: 1.07103) | Delta: -0.0000500
17:54:05,609 | Pair:GBPUSD | Spread:0 | Fast 26015101 (Bid:1.25683 | Ask: 1.25692)| Slow 166666 (Bid:1.25679 | Ask: 1.2568) | Delta: 0.0000300
17:54:05,664 | Pair:GBPUSD | Spread:0 | Fast 26015101 (Bid:1.2568 | Ask: 1.2569)| Slow 166666 (Bid:1.25679 | Ask: 1.2568) | Delta: 0.0000000
17:54:11,849 | Pair:USDJPY | Spread:0 | Fast 26015101 (Bid:127.274 | Ask: 127.283)| Slow 166666 (Bid:127.285 | Ask: 127.286) | Delta: -0.0120000
17:54:11,883 | Pair:USDJPY | Spread:0 | Fast 26015101 (Bid:127.274 | Ask: 127.285)| Slow 166666 (Bid:127.285 | Ask: 127.286) | Delta: -0.0120000
17:55:46,059 | Pair:EURUSD | Spread:0 | Fast 26015101 (Bid:1.07073 | Ask: 1.07081)| Slow 166666 (Bid:1.07063 | Ask: 1.0707) | Delta: 0.0000300
17:55:46,073 | Pair:EURUSD | Spread:0 | Fast 26015101 (Bid:1.0707 | Ask: 1.0708)| Slow 166666 (Bid:1.07063 | Ask: 1.0707) | Delta: 0.0000000
17:55:46,103 | Pair:EURUSD | Spread:0 | Fast 26015101 (Bid:1.0707 | Ask: 1.07079)| Slow 166666 (Bid:1.07066 | Ask: 1.07067) | Delta: 0.0000300
17:55:46,195 | Pair:EURUSD | Spread:0 | Fast 26015101 (Bid:1.07065 | Ask: 1.07075)| Slow 166666 (Bid:1.07066 | Ask: 1.07067) | Delta: -0.0000200
17:55:54,041 | Pair:EURUSD | Spread:0 | Fast 26015101 (Bid:1.07076 | Ask: 1.07085)| Slow 166666 (Bid:1.07087 | Ask: 1.07094) | Delta: -0.0001800
17:55:54,071 | Pair:EURUSD | Spread:0 | Fast 26015101 (Bid:1.07076 | Ask: 1.07087)| Slow 166666 (Bid:1.07087 | Ask: 1.07094) | Delta: -0.0001800
17:55:54,073 | Pair:GBPUSD | Spread:0 | Fast 26015101 (Bid:1.257 | Ask: 1.25712)| Slow 166666 (Bid:1.25713 | Ask: 1.25715) | Delta: -0.0001500
17:55:54,073 | Pair:EURUSD | Spread:0 | Fast 26015101 (Bid:1.07076 | Ask: 1.07087)| Slow 166666 (Bid:1.0709 | Ask: 1.07091) | Delta: -0.0001500
17:55:54,103 | Pair:GBPUSD | Spread:0 | Fast 26015101 (Bid:1.257 | Ask: 1.25714)| Slow 166666 (Bid:1.25713 | Ask: 1.25715) | Delta: -0.0001500
17:55:54,165 | Pair:EURUSD | Spread:0 | Fast 26015101 (Bid:1.07082 | Ask: 1.0709)| Slow 166666 (Bid:1.0709 | Ask: 1.07091) | Delta: -0.0000900
17:55:54,165 | Pair:EURUSD | Spread:0 | Fast LMAX (Bid:1.07082 | Ask: 1.0709)| Slow 166666 (Bid:1.07077 | Ask: 1.07081) | Delta: 0.0000100
17:55:54,385 | Pair:EURUSD | Spread:0 | Fast LMAX (Bid:1.07081 | Ask: 1.07092)| Slow 166666 (Bid:1.07077 | Ask: 1.07081) | Delta: 0.0000000
17:55:54,446 | Pair:GBPUSD | Spread:0 | Fast LMAX (Bid:1.2571 | Ask: 1.25721)| Slow 166666 (Bid:1.25698 | Ask: 1.25708) | Delta: 0.0000200
17:55:54,581 | Pair:GBPUSD | Spread:0 | Fast LMAX (Bid:1.2571 | Ask: 1.25721)| Slow 166666 (Bid:1.2571 | Ask: 1.2572) | Delta: -0.0001000
17:55:56,525 | Pair:EURUSD | Spread:0 | Fast 26015101 (Bid:1.07085 | Ask: 1.07095)| Slow 166666 (Bid:1.07097 | Ask: 1.07104) | Delta: -0.0001900
17:55:56,557 | Pair:EURUSD | Spread:0 | Fast 26015101 (Bid:1.07087 | Ask: 1.07098)| Slow 166666 (Bid:1.07097 | Ask: 1.07104) | Delta: -0.0001700
17:55:56,576 | Pair:EURUSD | Spread:0 | Fast 26015101 (Bid:1.07087 | Ask: 1.07098)| Slow 166666 (Bid:1.07101 | Ask: 1.07102) | Delta: -0.0001500
17:55:56,589 | Pair:EURUSD | Spread:0 | Fast LMAX (Bid:1.07093 | Ask: 1.071)| Slow 166666 (Bid:1.07083 | Ask: 1.07087) | Delta: 0.0000600
17:55:56,651 | Pair:EURUSD | Spread:0 | Fast 26015101 (Bid:1.07094 | Ask: 1.07103)| Slow 166666 (Bid:1.07101 | Ask: 1.07102) | Delta: -0.0000800
17:55:56,680 | Pair:EURUSD | Spread:0 | Fast LMAX (Bid:1.07094 | Ask: 1.07103)| Slow 166666 (Bid:1.07097 | Ask: 1.07101) | Delta: -0.0000700
17:56:02,679 | Pair:USDJPY | Spread:0 | Fast 26015101 (Bid:127.317 | Ask: 127.325)| Slow 166666 (Bid:127.313 | Ask: 127.314) | Delta: 0.0030000
17:56:02,840 | Pair:USDJPY | Spread:0 | Fast 26015101 (Bid:127.311 | Ask: 127.324)| Slow 166666 (Bid:127.313 | Ask: 127.314) | Delta: -0.0030000
17:56:02,918 | Pair:USDJPY | Spread:0 | Fast LMAX (Bid:127.308 | Ask: 127.318)| Slow 166666 (Bid:127.32 | Ask: 127.326) | Delta: -0.0180000
17:56:03,111 | Pair:USDJPY | Spread:0 | Fast LMAX (Bid:127.307 | Ask: 127.316)| Slow 166666 (Bid:127.31 | Ask: 127.316) | Delta: -0.0090000
17:56:09,389 | Pair:GBPUSD | Spread:0 | Fast LMAX (Bid:1.25743 | Ask: 1.25754)| Slow 166666 (Bid:1.2573 | Ask: 1.2574) | Delta: 0.0000300
17:56:09,543 | Pair:GBPUSD | Spread:0 | Fast LMAX (Bid:1.25737 | Ask: 1.2575)| Slow 166666 (Bid:1.2573 | Ask: 1.2574) | Delta: -0.0000300
17:56:09,888 | Pair:GBPUSD | Spread:0 | Fast LMAX (Bid:1.25741 | Ask: 1.25752)| Slow 166666 (Bid:1.2573 | Ask: 1.2574) | Delta: 0.0000100
17:56:10,200 | Pair:GBPUSD | Spread:0 | Fast LMAX (Bid:1.2574 | Ask: 1.25751)| Slow 166666 (Bid:1.2573 | Ask: 1.2574) | Delta: 0.0000000
17:57:53,824 | Pair:EURUSD | Spread:0 | Fast 26015101 (Bid:1.07139 | Ask: 1.07147)| Slow 166666 (Bid:1.07148 | Ask: 1.07149) | Delta: -0.0001000
17:57:53,849 | Pair:EURUSD | Spread:0 | Fast 26015101 (Bid:1.07139 | Ask: 1.07149)| Slow 166666 (Bid:1.07148 | Ask: 1.07149) | Delta: -0.0001000
17:57:55,243 | Pair:EURUSD | Spread:0 | Fast 26015101 (Bid:1.07143 | Ask: 1.07152)| Slow 166666 (Bid:1.07153 | Ask: 1.07154) | Delta: -0.0001100
17:57:55,399 | Pair:EURUSD | Spread:0 | Fast 26015101 (Bid:1.07145 | Ask: 1.07152)| Slow 166666 (Bid:1.07152 | Ask: 1.07153) | Delta: -0.0000800
17:57:55,632 | Pair:EURUSD | Spread:0 | Fast 26015101 (Bid:1.07145 | Ask: 1.07153)| Slow 166666 (Bid:1.07155 | Ask: 1.07162) | Delta: -0.0001700
17:57:55,692 | Pair:EURUSD | Spread:0 | Fast 26015101 (Bid:1.07148 | Ask: 1.07155)| Slow 166666 (Bid:1.07155 | Ask: 1.07162) | Delta: -0.0001400
17:57:55,716 | Pair:EURUSD | Spread:0 | Fast 26015101 (Bid:1.07148 | Ask: 1.07155)| Slow 166666 (Bid:1.07156 | Ask: 1.07157) | Delta: -0.0000900
17:57:55,755 | Pair:EURUSD | Spread:0 | Fast 26015101 (Bid:1.07148 | Ask: 1.07157)| Slow 166666 (Bid:1.07156 | Ask: 1.07157) | Delta: -0.0000900
17:58:00,225 | Pair:EURUSD | Spread:0 | Fast LMAX (Bid:1.0715 | Ask: 1.07159)| Slow 166666 (Bid:1.0716 | Ask: 1.07165) | Delta: -0.0001500
17:58:00,528 | Pair:EURUSD | Spread:0 | Fast LMAX (Bid:1.07148 | Ask: 1.07156)| Slow 166666 (Bid:1.07151 | Ask: 1.07155) | Delta: -0.0000700
17:58:08,680 | Pair:EURUSD | Spread:0 | Fast 26015101 (Bid:1.07144 | Ask: 1.07151)| Slow 166666 (Bid:1.07152 | Ask: 1.07154) | Delta: -0.0001000
17:58:08,728 | Pair:EURUSD | Spread:0 | Fast 26015101 (Bid:1.07144 | Ask: 1.07153)| Slow 166666 (Bid:1.07152 | Ask: 1.07154) | Delta: -0.0001000
17:58:10,403 | Pair:USDJPY | Spread:0 | Fast 26015101 (Bid:127.314 | Ask: 127.322)| Slow 166666 (Bid:127.326 | Ask: 127.327) | Delta: -0.0130000
17:58:10,417 | Pair:USDJPY | Spread:0 | Fast 26015101 (Bid:127.317 | Ask: 127.326)| Slow 166666 (Bid:127.326 | Ask: 127.327) | Delta: -0.0100000
17:58:12,589 | Pair:USDJPY | Spread:0 | Fast 26015101 (Bid:127.324 | Ask: 127.332)| Slow 166666 (Bid:127.334 | Ask: 127.335) | Delta: -0.0110000
17:58:12,714 | Pair:USDJPY | Spread:0 | Fast 26015101 (Bid:127.326 | Ask: 127.333)| Slow 166666 (Bid:127.328 | Ask: 127.339) | Delta: -0.0130000
17:58:15,872 | Pair:EURUSD | Spread:0 | Fast 26015101 (Bid:1.07152 | Ask: 1.0716)| Slow 166666 (Bid:1.07149 | Ask: 1.0715) | Delta: 0.0000200
17:58:15,890 | Pair:EURUSD | Spread:0 | Fast 26015101 (Bid:1.0715 | Ask: 1.0716)| Slow 166666 (Bid:1.07149 | Ask: 1.0715) | Delta: 0.0000000
17:58:16,169 | Pair:EURUSD | Spread:0 | Fast LMAX (Bid:1.07146 | Ask: 1.07154)| Slow 166666 (Bid:1.07155 | Ask: 1.07159) | Delta: -0.0001300
17:58:16,336 | Pair:EURUSD | Spread:0 | Fast LMAX (Bid:1.07146 | Ask: 1.07154)| Slow 166666 (Bid:1.07147 | Ask: 1.07153) | Delta: -0.0000700
17:58:19,776 | Pair:GBPUSD | Spread:0 | Fast 26015101 (Bid:1.25712 | Ask: 1.25722)| Slow 166666 (Bid:1.25723 | Ask: 1.25724) | Delta: -0.0001200
17:58:19,795 | Pair:GBPUSD | Spread:0 | Fast 26015101 (Bid:1.25714 | Ask: 1.25724)| Slow 166666 (Bid:1.25723 | Ask: 1.25724) | Delta: -0.0001000
17:58:25,090 | Pair:EURUSD | Spread:0 | Fast 26015101 (Bid:1.07143 | Ask: 1.07152)| Slow 166666 (Bid:1.07154 | Ask: 1.07155) | Delta: -0.0001200
17:58:25,123 | Pair:EURUSD | Spread:0 | Fast 26015101 (Bid:1.07143 | Ask: 1.07152)| Slow 166666 (Bid:1.07151 | Ask: 1.07158) | Delta: -0.0001500
17:58:25,515 | Pair:EURUSD | Spread:0 | Fast LMAX (Bid:1.07151 | Ask: 1.07157)| Slow 166666 (Bid:1.07145 | Ask: 1.0715) | Delta: 0.0000100
17:58:25,840 | Pair:EURUSD | Spread:0 | Fast LMAX (Bid:1.07152 | Ask: 1.07158)| Slow 166666 (Bid:1.07153 | Ask: 1.07158) | Delta: -0.0000600
17:58:34,625 | Pair:EURUSD | Spread:0 | Fast 26015101 (Bid:1.07136 | Ask: 1.07145)| Slow 166666 (Bid:1.07146 | Ask: 1.07147) | Delta: -0.0001100
17:58:34,629 | Pair:EURUSD | Spread:0 | Fast 26015101 (Bid:1.07138 | Ask: 1.07146)| Slow 166666 (Bid:1.07146 | Ask: 1.07147) | Delta: -0.0000900
17:58:34,752 | Pair:EURUSD | Spread:0 | Fast 26015101 (Bid:1.0714 | Ask: 1.07145)| Slow 166666 (Bid:1.07146 | Ask: 1.07147) | Delta: -0.0000700
17:58:34,815 | Pair:EURUSD | Spread:0 | Fast 26015101 (Bid:1.0714 | Ask: 1.07147)| Slow 166666 (Bid:1.07146 | Ask: 1.07147) | Delta: -0.0000700
17:58:51,558 | Pair:USDJPY | Spread:0 | Fast LMAX (Bid:127.325 | Ask: 127.334)| Slow 166666 (Bid:127.336 | Ask: 127.342) | Delta: -0.0170000
17:58:52,365 | Pair:USDJPY | Spread:0 | Fast LMAX (Bid:127.323 | Ask: 127.332)| Slow 166666 (Bid:127.325 | Ask: 127.332) | Delta: -0.0090000
17:59:04,781 | Pair:USDJPY | Spread:0 | Fast 26015101 (Bid:127.324 | Ask: 127.331)| Slow 166666 (Bid:127.332 | Ask: 127.333) | Delta: -0.0090000
17:59:04,900 | Pair:USDJPY | Spread:0 | Fast 26015101 (Bid:127.326 | Ask: 127.333)| Slow 166666 (Bid:127.332 | Ask: 127.333) | Delta: -0.0070000
17:59:06,344 | Pair:USDJPY | Spread:0 | Fast 26015101 (Bid:127.325 | Ask: 127.332)| Slow 166666 (Bid:127.333 | Ask: 127.334) | Delta: -0.0090000
17:59:06,370 | Pair:USDJPY | Spread:0 | Fast 26015101 (Bid:127.327 | Ask: 127.334)| Slow 166666 (Bid:127.333 | Ask: 127.334) | Delta: -0.0070000
17:59:07,756 | Pair:USDJPY | Spread:0 | Fast 26015101 (Bid:127.327 | Ask: 127.335)| Slow 166666 (Bid:127.336 | Ask: 127.337) | Delta: -0.0100000
17:59:07,812 | Pair:USDJPY | Spread:0 | Fast 26015101 (Bid:127.328 | Ask: 127.336)| Slow 166666 (Bid:127.336 | Ask: 127.337) | Delta: -0.0090000
17:59:20,422 | Pair:USDJPY | Spread:0 | Fast 26015101 (Bid:127.331 | Ask: 127.339)| Slow 166666 (Bid:127.34 | Ask: 127.343) | Delta: -0.0120000
17:59:20,505 | Pair:USDJPY | Spread:0 | Fast 26015101 (Bid:127.331 | Ask: 127.339)| Slow 166666 (Bid:127.33 | Ask: 127.344) | Delta: -0.0130000
17:59:24,785 | Pair:USDJPY | Spread:0 | Fast 26015101 (Bid:127.334 | Ask: 127.34)| Slow 166666 (Bid:127.343 | Ask: 127.344) | Delta: -0.0100000
17:59:24,909 | Pair:USDJPY | Spread:0 | Fast 26015101 (Bid:127.334 | Ask: 127.341)| Slow 166666 (Bid:127.336 | Ask: 127.347) | Delta: -0.0130000
17:59:29,486 | Pair:USDJPY | Spread:0 | Fast 26015101 (Bid:127.331 | Ask: 127.338)| Slow 166666 (Bid:127.34 | Ask: 127.341) | Delta: -0.0100000
17:59:29,518 | Pair:USDJPY | Spread:0 | Fast 26015101 (Bid:127.331 | Ask: 127.338)| Slow 166666 (Bid:127.336 | Ask: 127.346) | Delta: -0.0150000
18:00:22,620 | Pair:GBPUSD | Spread:0 | Fast 26015101 (Bid:1.25727 | Ask: 1.25736)| Slow 166666 (Bid:1.25738 | Ask: 1.25746) | Delta: -0.0001900
18:00:22,712 | Pair:GBPUSD | Spread:0 | Fast 26015101 (Bid:1.25727 | Ask: 1.25738)| Slow 166666 (Bid:1.25738 | Ask: 1.25746) | Delta: -0.0001900
18:00:22,761 | Pair:GBPUSD | Spread:0 | Fast 26015101 (Bid:1.25727 | Ask: 1.25738)| Slow 166666 (Bid:1.2574 | Ask: 1.25742) | Delta: -0.0001500
18:00:22,806 | Pair:GBPUSD | Spread:0 | Fast 26015101 (Bid:1.25734 | Ask: 1.25744)| Slow 166666 (Bid:1.2574 | Ask: 1.25742) | Delta: -0.0000800
18:00:22,807 | Pair:GBPUSD | Spread:0 | Fast LMAX (Bid:1.25734 | Ask: 1.25744)| Slow 166666 (Bid:1.25728 | Ask: 1.25733) | Delta: 0.0000100
18:00:23,405 | Pair:GBPUSD | Spread:0 | Fast LMAX (Bid:1.25737 | Ask: 1.25747)| Slow 166666 (Bid:1.25737 | Ask: 1.25745) | Delta: -0.0000800
18:00:23,932 | Pair:EURUSD | Spread:0 | Fast LMAX (Bid:1.07185 | Ask: 1.07192)| Slow 166666 (Bid:1.07182 | Ask: 1.07184) | Delta: 0.0000100
18:00:24,244 | Pair:EURUSD | Spread:0 | Fast LMAX (Bid:1.07184 | Ask: 1.07192)| Slow 166666 (Bid:1.07182 | Ask: 1.07184) | Delta: 0.0000000
18:00:27,292 | Pair:GBPUSD | Spread:0 | Fast 26015101 (Bid:1.25739 | Ask: 1.25751)| Slow 166666 (Bid:1.25752 | Ask: 1.25753) | Delta: -0.0001400
18:00:27,307 | Pair:GBPUSD | Spread:0 | Fast 26015101 (Bid:1.25739 | Ask: 1.25751)| Slow 166666 (Bid:1.25748 | Ask: 1.25756) | Delta: -0.0001700
18:00:27,462 | Pair:GBPUSD | Spread:0 | Fast 26015101 (Bid:1.25741 | Ask: 1.25752)| Slow 166666 (Bid:1.25753 | Ask: 1.25754) | Delta: -0.0001300
18:00:27,558 | Pair:GBPUSD | Spread:0 | Fast 26015101 (Bid:1.25745 | Ask: 1.25754)| Slow 166666 (Bid:1.25753 | Ask: 1.25754) | Delta: -0.0000900
18:00:40,579 | Pair:USDJPY | Spread:0 | Fast 26015101 (Bid:127.314 | Ask: 127.323)| Slow 166666 (Bid:127.324 | Ask: 127.325) | Delta: -0.0110000
18:00:40,668 | Pair:USDJPY | Spread:0 | Fast 26015101 (Bid:127.315 | Ask: 127.323)| Slow 166666 (Bid:127.315 | Ask: 127.325) | Delta: -0.0100000
18:01:00,226 | Pair:EURUSD | Spread:0 | Fast LMAX (Bid:1.07198 | Ask: 1.07205)| Slow 166666 (Bid:1.07194 | Ask: 1.07197) | Delta: 0.0000100
18:01:00,334 | Pair:EURUSD | Spread:0 | Fast LMAX (Bid:1.07198 | Ask: 1.07205)| Slow 166666 (Bid:1.072 | Ask: 1.07202) | Delta: -0.0000400
18:01:04,170 | Pair:GBPUSD | Spread:0 | Fast 26015101 (Bid:1.25741 | Ask: 1.25751)| Slow 166666 (Bid:1.25736 | Ask: 1.25739) | Delta: 0.0000200
18:01:04,226 | Pair:GBPUSD | Spread:0 | Fast 26015101 (Bid:1.25739 | Ask: 1.25751)| Slow 166666 (Bid:1.25736 | Ask: 1.25739) | Delta: 0.0000000
18:01:04,351 | Pair:EURUSD | Spread:0 | Fast LMAX (Bid:1.07188 | Ask: 1.07195)| Slow 166666 (Bid:1.07196 | Ask: 1.072) | Delta: -0.0001200
18:01:04,629 | Pair:EURUSD | Spread:0 | Fast LMAX (Bid:1.07188 | Ask: 1.07195)| Slow 166666 (Bid:1.07189 | Ask: 1.07193) | Delta: -0.0000500
18:01:13,390 | Pair:USDJPY | Spread:0 | Fast 26015101 (Bid:127.314 | Ask: 127.324)| Slow 166666 (Bid:127.326 | Ask: 127.327) | Delta: -0.0130000
18:01:13,467 | Pair:USDJPY | Spread:0 | Fast 26015101 (Bid:127.316 | Ask: 127.325)| Slow 166666 (Bid:127.322 | Ask: 127.332) | Delta: -0.0160000
18:01:13,545 | Pair:USDJPY | Spread:0 | Fast 26015101 (Bid:127.318 | Ask: 127.326)| Slow 166666 (Bid:127.328 | Ask: 127.329) | Delta: -0.0110000
18:01:13,561 | Pair:USDJPY | Spread:0 | Fast 26015101 (Bid:127.318 | Ask: 127.326)| Slow 166666 (Bid:127.323 | Ask: 127.333) | Delta: -0.0150000
18:01:33,064 | Pair:EURUSD | Spread:0 | Fast LMAX (Bid:1.07191 | Ask: 1.072)| Slow 166666 (Bid:1.07201 | Ask: 1.07204) | Delta: -0.0001300
18:01:33,143 | Pair:EURUSD | Spread:0 | Fast LMAX (Bid:1.07191 | Ask: 1.072)| Slow 166666 (Bid:1.07193 | Ask: 1.07197) | Delta: -0.0000600
18:02:11,992 | Pair:EURUSD | Spread:0 | Fast 26015101 (Bid:1.07188 | Ask: 1.07196)| Slow 166666 (Bid:1.07199 | Ask: 1.072) | Delta: -0.0001200
18:02:12,019 | Pair:EURUSD | Spread:0 | Fast 26015101 (Bid:1.07189 | Ask: 1.072)| Slow 166666 (Bid:1.07199 | Ask: 1.072) | Delta: -0.0001100
18:02:14,957 | Pair:USDJPY | Spread:0 | Fast 26015101 (Bid:127.314 | Ask: 127.323)| Slow 166666 (Bid:127.324 | Ask: 127.325) | Delta: -0.0110000
18:02:15,023 | Pair:USDJPY | Spread:0 | Fast 26015101 (Bid:127.314 | Ask: 127.323)| Slow 166666 (Bid:127.315 | Ask: 127.325) | Delta: -0.0110000
18:02:24,961 | Pair:EURUSD | Spread:0 | Fast 26015101 (Bid:1.07185 | Ask: 1.07193)| Slow 166666 (Bid:1.07195 | Ask: 1.07196) | Delta: -0.0001100
18:02:25,037 | Pair:EURUSD | Spread:0 | Fast 26015101 (Bid:1.07187 | Ask: 1.07196)| Slow 166666 (Bid:1.07195 | Ask: 1.07196) | Delta: -0.0000900
18:02:28,256 | Pair:GBPUSD | Spread:0 | Fast 26015101 (Bid:1.25743 | Ask: 1.25753)| Slow 166666 (Bid:1.25755 | Ask: 1.25756) | Delta: -0.0001300
18:02:28,290 | Pair:GBPUSD | Spread:0 | Fast 26015101 (Bid:1.25746 | Ask: 1.25755)| Slow 166666 (Bid:1.25755 | Ask: 1.25756) | Delta: -0.0001000
18:02:46,077 | Pair:EURUSD | Spread:0 | Fast 26015101 (Bid:1.07192 | Ask: 1.072)| Slow 166666 (Bid:1.0719 | Ask: 1.07191) | Delta: 0.0000100
18:02:46,139 | Pair:EURUSD | Spread:0 | Fast 26015101 (Bid:1.07187 | Ask: 1.07198)| Slow 166666 (Bid:1.0719 | Ask: 1.07191) | Delta: -0.0000400
18:02:47,264 | Pair:USDJPY | Spread:0 | Fast LMAX (Bid:127.316 | Ask: 127.324)| Slow 166666 (Bid:127.325 | Ask: 127.331) | Delta: -0.0150000
18:02:47,286 | Pair:USDJPY | Spread:0 | Fast LMAX (Bid:127.316 | Ask: 127.324)| Slow 166666 (Bid:127.317 | Ask: 127.323) | Delta: -0.0070000
18:02:48,102 | Pair:GBPUSD | Spread:0 | Fast 26015101 (Bid:1.25759 | Ask: 1.25767)| Slow 166666 (Bid:1.25757 | Ask: 1.25758) | Delta: 0.0000100
18:02:48,170 | Pair:GBPUSD | Spread:0 | Fast 26015101 (Bid:1.25757 | Ask: 1.25765)| Slow 166666 (Bid:1.25757 | Ask: 1.25758) | Delta: -0.0000100
18:03:01,590 | Pair:GBPUSD | Spread:0 | Fast 26015101 (Bid:1.25755 | Ask: 1.25765)| Slow 166666 (Bid:1.25746 | Ask: 1.25747) | Delta: 0.0000800
18:03:01,591 | Pair:GBPUSD | Spread:0 | Fast 26015101 (Bid:1.25747 | Ask: 1.2576)| Slow 166666 (Bid:1.25746 | Ask: 1.25747) | Delta: 0.0000000
18:03:01,851 | Pair:GBPUSD | Spread:0 | Fast LMAX (Bid:1.25742 | Ask: 1.25753)| Slow 166666 (Bid:1.25755 | Ask: 1.25768) | Delta: -0.0002600
18:03:02,420 | Pair:GBPUSD | Spread:0 | Fast LMAX (Bid:1.25739 | Ask: 1.25749)| Slow 166666 (Bid:1.25739 | Ask: 1.25749) | Delta: -0.0001000
18:03:05,464 | Pair:USDJPY | Spread:0 | Fast 26015101 (Bid:127.322 | Ask: 127.329)| Slow 166666 (Bid:127.332 | Ask: 127.333) | Delta: -0.0110000
18:03:05,464 | Pair:USDJPY | Spread:0 | Fast 26015101 (Bid:127.322 | Ask: 127.336)| Slow 166666 (Bid:127.332 | Ask: 127.333) | Delta: -0.0110000
18:03:05,522 | Pair:USDJPY | Spread:0 | Fast LMAX (Bid:127.328 | Ask: 127.336)| Slow 166666 (Bid:127.321 | Ask: 127.327) | Delta: 0.0010000
18:03:05,524 | Pair:USDJPY | Spread:0 | Fast LMAX (Bid:127.328 | Ask: 127.336)| Slow 166666 (Bid:127.33 | Ask: 127.333) | Delta: -0.0050000
18:03:22,101 | Pair:EURUSD | Spread:0 | Fast LMAX (Bid:1.07179 | Ask: 1.07187)| Slow 166666 (Bid:1.07192 | Ask: 1.07195) | Delta: -0.0001600
18:03:22,120 | Pair:EURUSD | Spread:0 | Fast 26015101 (Bid:1.07179 | Ask: 1.07187)| Slow 166666 (Bid:1.0719 | Ask: 1.07197) | Delta: -0.0001800
18:03:22,317 | Pair:EURUSD | Spread:0 | Fast LMAX (Bid:1.07185 | Ask: 1.07194)| Slow 166666 (Bid:1.07192 | Ask: 1.07195) | Delta: -0.0001000
18:03:22,332 | Pair:EURUSD | Spread:0 | Fast 26015101 (Bid:1.07185 | Ask: 1.07194)| Slow 166666 (Bid:1.07194 | Ask: 1.07201) | Delta: -0.0001600
18:03:22,779 | Pair:EURUSD | Spread:0 | Fast 26015101 (Bid:1.07194 | Ask: 1.072)| Slow 166666 (Bid:1.07192 | Ask: 1.07193) | Delta: 0.0000100
18:03:22,856 | Pair:EURUSD | Spread:0 | Fast 26015101 (Bid:1.07194 | Ask: 1.072)| Slow 166666 (Bid:1.07187 | Ask: 1.07195) | Delta: -0.0000100
18:03:46,399 | Pair:GBPUSD | Spread:0 | Fast 26015101 (Bid:1.25746 | Ask: 1.25754)| Slow 166666 (Bid:1.25755 | Ask: 1.25756) | Delta: -0.0001000
18:03:46,431 | Pair:GBPUSD | Spread:0 | Fast 26015101 (Bid:1.25748 | Ask: 1.25756)| Slow 166666 (Bid:1.25755 | Ask: 1.25756) | Delta: -0.0000800
18:03:48,337 | Pair:USDJPY | Spread:0 | Fast 26015101 (Bid:127.325 | Ask: 127.333)| Slow 166666 (Bid:127.334 | Ask: 127.337) | Delta: -0.0120000
18:03:48,367 | Pair:USDJPY | Spread:0 | Fast 26015101 (Bid:127.325 | Ask: 127.336)| Slow 166666 (Bid:127.334 | Ask: 127.337) | Delta: -0.0120000
18:04:30,171 | Pair:GBPUSD | Spread:0 | Fast 26015101 (Bid:1.25763 | Ask: 1.25774)| Slow 166666 (Bid:1.25777 | Ask: 1.25778) | Delta: -0.0001500
18:04:30,257 | Pair:GBPUSD | Spread:0 | Fast 26015101 (Bid:1.25766 | Ask: 1.25777)| Slow 166666 (Bid:1.25777 | Ask: 1.25778) | Delta: -0.0001200
18:04:30,319 | Pair:EURUSD | Spread:0 | Fast LMAX (Bid:1.07193 | Ask: 1.07201)| Slow 166666 (Bid:1.07189 | Ask: 1.07191) | Delta: 0.0000200
18:04:30,322 | Pair:GBPUSD | Spread:0 | Fast 26015101 (Bid:1.2577 | Ask: 1.2578)| Slow 166666 (Bid:1.25781 | Ask: 1.25782) | Delta: -0.0001200
18:04:30,350 | Pair:GBPUSD | Spread:0 | Fast LMAX (Bid:1.25771 | Ask: 1.2578)| Slow 166666 (Bid:1.25759 | Ask: 1.2577) | Delta: 0.0000100
18:04:30,382 | Pair:GBPUSD | Spread:0 | Fast 26015101 (Bid:1.25774 | Ask: 1.25784)| Slow 166666 (Bid:1.25781 | Ask: 1.25782) | Delta: -0.0000800
18:04:30,836 | Pair:EURUSD | Spread:0 | Fast LMAX (Bid:1.07196 | Ask: 1.07206)| Slow 166666 (Bid:1.07199 | Ask: 1.07203) | Delta: -0.0000700
18:04:30,936 | Pair:GBPUSD | Spread:0 | Fast LMAX (Bid:1.25779 | Ask: 1.25789)| Slow 166666 (Bid:1.25782 | Ask: 1.25791) | Delta: -0.0001200
18:04:46,466 | Pair:USDJPY | Spread:0 | Fast 26015101 (Bid:127.346 | Ask: 127.354)| Slow 166666 (Bid:127.364 | Ask: 127.374) | Delta: -0.0280000
18:04:46,621 | Pair:USDJPY | Spread:0 | Fast 26015101 (Bid:127.351 | Ask: 127.362)| Slow 166666 (Bid:127.361 | Ask: 127.373) | Delta: -0.0220000
18:04:46,710 | Pair:USDJPY | Spread:0 | Fast LMAX (Bid:127.359 | Ask: 127.37)| Slow 166666 (Bid:127.348 | Ask: 127.352) | Delta: 0.0070000
18:04:46,918 | Pair:USDJPY | Spread:0 | Fast LMAX (Bid:127.36 | Ask: 127.37)| Slow 166666 (Bid:127.364 | Ask: 127.369) | Delta: -0.0090000
18:05:02,295 | Pair:EURUSD | Spread:0 | Fast LMAX (Bid:1.07187 | Ask: 1.07196)| Slow 166666 (Bid:1.07182 | Ask: 1.07186) | Delta: 0.0000100
18:05:02,652 | Pair:EURUSD | Spread:0 | Fast LMAX (Bid:1.07187 | Ask: 1.07196)| Slow 166666 (Bid:1.07189 | Ask: 1.07194) | Delta: -0.0000700
18:05:45,022 | Pair:EURUSD | Spread:0 | Fast 26015101 (Bid:1.07175 | Ask: 1.07184)| Slow 166666 (Bid:1.07173 | Ask: 1.07174) | Delta: 0.0000100
18:05:45,143 | Pair:EURUSD | Spread:0 | Fast 26015101 (Bid:1.07172 | Ask: 1.07183)| Slow 166666 (Bid:1.07173 | Ask: 1.07174) | Delta: -0.0000200
18:06:02,522 | Pair:USDJPY | Spread:0 | Fast LMAX (Bid:127.371 | Ask: 127.381)| Slow 166666 (Bid:127.365 | Ask: 127.37) | Delta: 0.0010000
18:06:02,984 | Pair:USDJPY | Spread:0 | Fast LMAX (Bid:127.372 | Ask: 127.38)| Slow 166666 (Bid:127.372 | Ask: 127.378) | Delta: -0.0060000
18:06:03,647 | Pair:GBPUSD | Spread:0 | Fast LMAX (Bid:1.25757 | Ask: 1.25766)| Slow 166666 (Bid:1.25768 | Ask: 1.2578) | Delta: -0.0002300
18:06:47,000 | Pair:EURUSD | Spread:0 | Fast LMAX (Bid:1.07142 | Ask: 1.07149)| Slow 26015101 (Bid:1.07134 | Ask: 1.07139) | Delta: 0.0000300
18:06:47,061 | Pair:EURUSD | Spread:0 | Fast 166666 (Bid:1.07145 | Ask: 1.07146)| Slow 26015101 (Bid:1.07135 | Ask: 1.07143) | Delta: 0.0000200
18:06:47,134 | Pair:EURUSD | Spread:0 | Fast 166666 (Bid:1.07145 | Ask: 1.07146)| Slow 26015101 (Bid:1.07137 | Ask: 1.07146) | Delta: -0.0000100
18:06:47,353 | Pair:EURUSD | Spread:0 | Fast LMAX (Bid:1.07145 | Ask: 1.07146)| Slow 26015101 (Bid:1.07143 | Ask: 1.07148) | Delta: -0.0000300
18:06:47,860 | Pair:EURUSD | Spread:0 | Fast LMAX (Bid:1.07149 | Ask: 1.0715)| Slow 26015101 (Bid:1.07143 | Ask: 1.07148) | Delta: 0.0000100
18:06:48,028 | Pair:EURUSD | Spread:0 | Fast LMAX (Bid:1.07148 | Ask: 1.07155)| Slow 26015101 (Bid:1.07143 | Ask: 1.07148) | Delta: 0.0000000
18:06:48,038 | Pair:EURUSD | Spread:0 | Fast LMAX (Bid:1.07151 | Ask: 1.07152)| Slow 26015101 (Bid:1.07143 | Ask: 1.07148) | Delta: 0.0000300
18:06:48,090 | Pair:EURUSD | Spread:0 | Fast LMAX (Bid:1.07148 | Ask: 1.07156)| Slow 26015101 (Bid:1.07143 | Ask: 1.07148) | Delta: 0.0000000
18:06:50,973 | Pair:USDJPY | Spread:0 | Fast LMAX (Bid:127.416 | Ask: 127.417)| Slow 26015101 (Bid:127.408 | Ask: 127.415) | Delta: 0.0010000
18:06:50,997 | Pair:USDJPY | Spread:0 | Fast LMAX (Bid:127.411 | Ask: 127.421)| Slow 26015101 (Bid:127.408 | Ask: 127.415) | Delta: -0.0040000
18:06:51,436 | Pair:USDJPY | Spread:0 | Fast LMAX (Bid:127.416 | Ask: 127.417)| Slow 26015101 (Bid:127.408 | Ask: 127.415) | Delta: 0.0010000
18:06:51,656 | Pair:USDJPY | Spread:0 | Fast LMAX (Bid:127.416 | Ask: 127.417)| Slow 26015101 (Bid:127.414 | Ask: 127.421) | Delta: -0.0050000
18:06:58,628 | Pair:EURUSD | Spread:0 | Fast LMAX (Bid:1.07151 | Ask: 1.07152)| Slow 26015101 (Bid:1.07145 | Ask: 1.0715) | Delta: 0.0000100
18:06:58,656 | Pair:EURUSD | Spread:0 | Fast LMAX (Bid:1.07146 | Ask: 1.07154)| Slow 26015101 (Bid:1.07145 | Ask: 1.0715) | Delta: -0.0000400
18:06:58,951 | Pair:EURUSD | Spread:0 | Fast LMAX (Bid:1.07151 | Ask: 1.07152)| Slow 26015101 (Bid:1.07145 | Ask: 1.0715) | Delta: 0.0000100
18:06:58,959 | Pair:EURUSD | Spread:0 | Fast LMAX (Bid:1.07151 | Ask: 1.07152)| Slow 26015101 (Bid:1.07149 | Ask: 1.07153) | Delta: -0.0000200
18:06:59,563 | Pair:GBPUSD | Spread:0 | Fast 166666 (Bid:1.2574 | Ask: 1.25741)| Slow 26015101 (Bid:1.25726 | Ask: 1.25738) | Delta: 0.0000200
18:06:59,563 | Pair:EURUSD | Spread:0 | Fast LMAX (Bid:1.07154 | Ask: 1.07155)| Slow 26015101 (Bid:1.07149 | Ask: 1.07153) | Delta: 0.0000100
18:06:59,564 | Pair:GBPUSD | Spread:0 | Fast LMAX (Bid:1.2574 | Ask: 1.25741)| Slow 26015101 (Bid:1.25726 | Ask: 1.25736) | Delta: 0.0000400
18:06:59,667 | Pair:GBPUSD | Spread:0 | Fast 166666 (Bid:1.2574 | Ask: 1.25741)| Slow 26015101 (Bid:1.25729 | Ask: 1.2574) | Delta: 0.0000000
18:06:59,673 | Pair:EURUSD | Spread:0 | Fast LMAX (Bid:1.07152 | Ask: 1.07159)| Slow 26015101 (Bid:1.07149 | Ask: 1.07153) | Delta: -0.0000100
18:06:59,720 | Pair:GBPUSD | Spread:0 | Fast 166666 (Bid:1.25743 | Ask: 1.25745)| Slow 26015101 (Bid:1.2573 | Ask: 1.2574) | Delta: 0.0000300
18:06:59,720 | Pair:EURUSD | Spread:0 | Fast 166666 (Bid:1.07155 | Ask: 1.07156)| Slow 26015101 (Bid:1.07146 | Ask: 1.07154) | Delta: 0.0000100
18:06:59,722 | Pair:EURUSD | Spread:0 | Fast LMAX (Bid:1.07155 | Ask: 1.07156)| Slow 26015101 (Bid:1.07149 | Ask: 1.07153) | Delta: 0.0000200
18:06:59,730 | Pair:GBPUSD | Spread:0 | Fast 166666 (Bid:1.25743 | Ask: 1.25745)| Slow 26015101 (Bid:1.25731 | Ask: 1.25743) | Delta: 0.0000000
18:06:59,792 | Pair:EURUSD | Spread:0 | Fast 166666 (Bid:1.07155 | Ask: 1.07156)| Slow 26015101 (Bid:1.07147 | Ask: 1.07156) | Delta: -0.0000100
18:07:00,063 | Pair:EURUSD | Spread:0 | Fast LMAX (Bid:1.07155 | Ask: 1.07156)| Slow 26015101 (Bid:1.07154 | Ask: 1.07158) | Delta: -0.0000300
18:07:00,065 | Pair:GBPUSD | Spread:0 | Fast LMAX (Bid:1.25743 | Ask: 1.25745)| Slow 26015101 (Bid:1.25738 | Ask: 1.2575) | Delta: -0.0000700
18:07:04,735 | Pair:GBPUSD | Spread:0 | Fast 166666 (Bid:1.25754 | Ask: 1.25755)| Slow 26015101 (Bid:1.25739 | Ask: 1.25752) | Delta: 0.0000200
18:07:04,735 | Pair:GBPUSD | Spread:0 | Fast LMAX (Bid:1.25754 | Ask: 1.25755)| Slow 26015101 (Bid:1.25739 | Ask: 1.2575) | Delta: 0.0000400
18:07:04,747 | Pair:GBPUSD | Spread:0 | Fast 166666 (Bid:1.25754 | Ask: 1.25755)| Slow 26015101 (Bid:1.2574 | Ask: 1.25754) | Delta: 0.0000000
18:07:04,765 | Pair:GBPUSD | Spread:0 | Fast LMAX (Bid:1.2575 | Ask: 1.25759)| Slow 26015101 (Bid:1.25739 | Ask: 1.2575) | Delta: 0.0000000
18:07:04,878 | Pair:GBPUSD | Spread:0 | Fast LMAX (Bid:1.25754 | Ask: 1.25758)| Slow 26015101 (Bid:1.25739 | Ask: 1.2575) | Delta: 0.0000400
18:07:05,062 | Pair:GBPUSD | Spread:0 | Fast LMAX (Bid:1.25749 | Ask: 1.25762)| Slow 26015101 (Bid:1.25739 | Ask: 1.2575) | Delta: -0.0000100
18:07:06,284 | Pair:EURUSD | Spread:0 | Fast LMAX (Bid:1.0716 | Ask: 1.07161)| Slow 26015101 (Bid:1.07154 | Ask: 1.07159) | Delta: 0.0000100
18:07:06,365 | Pair:EURUSD | Spread:0 | Fast LMAX (Bid:1.0716 | Ask: 1.07161)| Slow 26015101 (Bid:1.07159 | Ask: 1.07163) | Delta: -0.0000300
18:07:12,235 | Pair:EURUSD | Spread:0 | Fast LMAX (Bid:1.07156 | Ask: 1.07157)| Slow 26015101 (Bid:1.07158 | Ask: 1.07162) | Delta: -0.0000600
18:07:12,284 | Pair:EURUSD | Spread:0 | Fast LMAX (Bid:1.07153 | Ask: 1.0716)| Slow 26015101 (Bid:1.07158 | Ask: 1.07162) | Delta: -0.0000900
18:07:12,377 | Pair:GBPUSD | Spread:0 | Fast LMAX (Bid:1.25738 | Ask: 1.25739)| Slow 26015101 (Bid:1.25746 | Ask: 1.25757) | Delta: -0.0001900
18:07:12,377 | Pair:EURUSD | Spread:0 | Fast LMAX (Bid:1.07154 | Ask: 1.07155)| Slow 26015101 (Bid:1.07158 | Ask: 1.07162) | Delta: -0.0000800
18:07:12,626 | Pair:EURUSD | Spread:0 | Fast LMAX (Bid:1.07152 | Ask: 1.07159)| Slow 26015101 (Bid:1.07158 | Ask: 1.07162) | Delta: -0.0001000
18:07:12,706 | Pair:EURUSD | Spread:0 | Fast LMAX (Bid:1.07155 | Ask: 1.07156)| Slow 26015101 (Bid:1.07158 | Ask: 1.07162) | Delta: -0.0000700
18:07:12,767 | Pair:EURUSD | Spread:0 | Fast LMAX (Bid:1.07155 | Ask: 1.07156)| Slow 26015101 (Bid:1.07153 | Ask: 1.07158) | Delta: -0.0000300
18:07:12,770 | Pair:GBPUSD | Spread:0 | Fast LMAX (Bid:1.25738 | Ask: 1.25741)| Slow 26015101 (Bid:1.25733 | Ask: 1.25745) | Delta: -0.0000700
18:07:15,972 | Pair:GBPUSD | Spread:0 | Fast 166666 (Bid:1.25726 | Ask: 1.25728)| Slow 26015101 (Bid:1.25729 | Ask: 1.25741) | Delta: -0.0001500
18:07:16,003 | Pair:GBPUSD | Spread:0 | Fast 166666 (Bid:1.25721 | Ask: 1.25732)| Slow 26015101 (Bid:1.25729 | Ask: 1.25741) | Delta: -0.0002000
18:07:18,477 | Pair:USDJPY | Spread:0 | Fast 166666 (Bid:127.394 | Ask: 127.395)| Slow 26015101 (Bid:127.397 | Ask: 127.405) | Delta: -0.0110000
18:07:18,478 | Pair:USDJPY | Spread:0 | Fast LMAX (Bid:127.394 | Ask: 127.395)| Slow 26015101 (Bid:127.397 | Ask: 127.403) | Delta: -0.0090000
18:07:18,550 | Pair:USDJPY | Spread:0 | Fast 166666 (Bid:127.391 | Ask: 127.402)| Slow 26015101 (Bid:127.396 | Ask: 127.405) | Delta: -0.0140000
18:07:18,550 | Pair:USDJPY | Spread:0 | Fast LMAX (Bid:127.391 | Ask: 127.402)| Slow 26015101 (Bid:127.397 | Ask: 127.403) | Delta: -0.0120000
18:07:19,118 | Pair:USDJPY | Spread:0 | Fast LMAX (Bid:127.394 | Ask: 127.395)| Slow 26015101 (Bid:127.397 | Ask: 127.403) | Delta: -0.0090000
18:07:19,171 | Pair:USDJPY | Spread:0 | Fast LMAX (Bid:127.394 | Ask: 127.395)| Slow 26015101 (Bid:127.392 | Ask: 127.399) | Delta: -0.0050000
18:07:21,130 | Pair:EURUSD | Spread:0 | Fast 166666 (Bid:1.0716 | Ask: 1.07161)| Slow 26015101 (Bid:1.07152 | Ask: 1.07158) | Delta: 0.0000200
18:07:21,131 | Pair:EURUSD | Spread:0 | Fast LMAX (Bid:1.0716 | Ask: 1.07161)| Slow 26015101 (Bid:1.07154 | Ask: 1.07159) | Delta: 0.0000100
18:07:21,147 | Pair:EURUSD | Spread:0 | Fast 166666 (Bid:1.07157 | Ask: 1.07165)| Slow 26015101 (Bid:1.07152 | Ask: 1.07158) | Delta: -0.0000100
18:07:21,147 | Pair:EURUSD | Spread:0 | Fast LMAX (Bid:1.07157 | Ask: 1.07165)| Slow 26015101 (Bid:1.07154 | Ask: 1.07159) | Delta: -0.0000200
18:07:23,164 | Pair:EURUSD | Spread:0 | Fast 166666 (Bid:1.07165 | Ask: 1.07166)| Slow 26015101 (Bid:1.07157 | Ask: 1.07164) | Delta: 0.0000100
18:07:23,165 | Pair:EURUSD | Spread:0 | Fast LMAX (Bid:1.07165 | Ask: 1.07166)| Slow 26015101 (Bid:1.07161 | Ask: 1.07164) | Delta: 0.0000100
18:07:23,218 | Pair:EURUSD | Spread:0 | Fast 166666 (Bid:1.07165 | Ask: 1.07166)| Slow 26015101 (Bid:1.07158 | Ask: 1.07166) | Delta: -0.0000100
18:07:23,269 | Pair:EURUSD | Spread:0 | Fast LMAX (Bid:1.07163 | Ask: 1.0717)| Slow 26015101 (Bid:1.07161 | Ask: 1.07164) | Delta: -0.0000100
18:07:23,320 | Pair:EURUSD | Spread:0 | Fast LMAX (Bid:1.07166 | Ask: 1.07167)| Slow 26015101 (Bid:1.07161 | Ask: 1.07164) | Delta: 0.0000200
18:07:23,469 | Pair:EURUSD | Spread:0 | Fast LMAX (Bid:1.07166 | Ask: 1.07167)| Slow 26015101 (Bid:1.07165 | Ask: 1.07169) | Delta: -0.0000300
18:07:25,660 | Pair:EURUSD | Spread:0 | Fast LMAX (Bid:1.07173 | Ask: 1.0718)| Slow 26015101 (Bid:1.07166 | Ask: 1.07171) | Delta: 0.0000200
18:07:25,675 | Pair:EURUSD | Spread:0 | Fast 166666 (Bid:1.07176 | Ask: 1.07177)| Slow 26015101 (Bid:1.07165 | Ask: 1.07173) | Delta: 0.0000300
18:07:25,832 | Pair:USDJPY | Spread:0 | Fast 166666 (Bid:127.388 | Ask: 127.389)| Slow 26015101 (Bid:127.39 | Ask: 127.397) | Delta: -0.0090000
18:07:25,833 | Pair:USDJPY | Spread:0 | Fast LMAX (Bid:127.388 | Ask: 127.389)| Slow 26015101 (Bid:127.39 | Ask: 127.398) | Delta: -0.0100000
18:07:25,843 | Pair:USDJPY | Spread:0 | Fast 166666 (Bid:127.388 | Ask: 127.389)| Slow 26015101 (Bid:127.389 | Ask: 127.397) | Delta: -0.0090000
18:07:25,922 | Pair:EURUSD | Spread:0 | Fast 166666 (Bid:1.07179 | Ask: 1.0718)| Slow 26015101 (Bid:1.07171 | Ask: 1.07179) | Delta: 0.0000000
18:07:25,943 | Pair:USDJPY | Spread:0 | Fast LMAX (Bid:127.381 | Ask: 127.391)| Slow 26015101 (Bid:127.39 | Ask: 127.398) | Delta: -0.0170000
18:07:26,130 | Pair:USDJPY | Spread:0 | Fast LMAX (Bid:127.386 | Ask: 127.387)| Slow 26015101 (Bid:127.39 | Ask: 127.398) | Delta: -0.0120000
18:07:26,300 | Pair:GBPUSD | Spread:0 | Fast LMAX (Bid:1.25748 | Ask: 1.25749)| Slow 26015101 (Bid:1.25733 | Ask: 1.25747) | Delta: 0.0000100
18:07:26,320 | Pair:GBPUSD | Spread:0 | Fast LMAX (Bid:1.25744 | Ask: 1.25753)| Slow 26015101 (Bid:1.25733 | Ask: 1.25747) | Delta: -0.0000300
18:07:26,396 | Pair:USDJPY | Spread:0 | Fast LMAX (Bid:127.379 | Ask: 127.39)| Slow 26015101 (Bid:127.39 | Ask: 127.398) | Delta: -0.0190000
18:07:26,460 | Pair:GBPUSD | Spread:0 | Fast LMAX (Bid:1.2575 | Ask: 1.25751)| Slow 26015101 (Bid:1.25733 | Ask: 1.25747) | Delta: 0.0000300
18:07:26,460 | Pair:USDJPY | Spread:0 | Fast LMAX (Bid:127.384 | Ask: 127.385)| Slow 26015101 (Bid:127.39 | Ask: 127.398) | Delta: -0.0140000
18:07:26,480 | Pair:GBPUSD | Spread:0 | Fast LMAX (Bid:1.25746 | Ask: 1.25754)| Slow 26015101 (Bid:1.25733 | Ask: 1.25747) | Delta: -0.0000100
18:07:26,481 | Pair:EURUSD | Spread:0 | Fast LMAX (Bid:1.07179 | Ask: 1.07181)| Slow 26015101 (Bid:1.07176 | Ask: 1.07181) | Delta: -0.0000200
18:07:26,579 | Pair:USDJPY | Spread:0 | Fast LMAX (Bid:127.384 | Ask: 127.385)| Slow 26015101 (Bid:127.381 | Ask: 127.388) | Delta: -0.0040000
18:07:32,694 | Pair:GBPUSD | Spread:0 | Fast 166666 (Bid:1.2576 | Ask: 1.25761)| Slow 26015101 (Bid:1.25747 | Ask: 1.25759) | Delta: 0.0000100
18:07:32,694 | Pair:EURUSD | Spread:0 | Fast LMAX (Bid:1.07176 | Ask: 1.07177)| Slow 26015101 (Bid:1.0717 | Ask: 1.07174) | Delta: 0.0000200
18:07:32,695 | Pair:GBPUSD | Spread:0 | Fast LMAX (Bid:1.2576 | Ask: 1.25761)| Slow 26015101 (Bid:1.25744 | Ask: 1.25755) | Delta: 0.0000500
18:07:32,783 | Pair:GBPUSD | Spread:0 | Fast 166666 (Bid:1.2576 | Ask: 1.25761)| Slow 26015101 (Bid:1.25749 | Ask: 1.25761) | Delta: -0.0000100
18:07:32,852 | Pair:EURUSD | Spread:0 | Fast LMAX (Bid:1.07173 | Ask: 1.07174)| Slow 26015101 (Bid:1.0717 | Ask: 1.07174) | Delta: -0.0000100
18:07:32,882 | Pair:GBPUSD | Spread:0 | Fast LMAX (Bid:1.2576 | Ask: 1.25761)| Slow 26015101 (Bid:1.25752 | Ask: 1.25764) | Delta: -0.0000400
18:07:47,397 | Pair:EURUSD | Spread:0 | Fast LMAX (Bid:1.0717 | Ask: 1.07171)| Slow 26015101 (Bid:1.07164 | Ask: 1.07169) | Delta: 0.0000100
18:07:47,555 | Pair:GBPUSD | Spread:0 | Fast LMAX (Bid:1.25756 | Ask: 1.25758)| Slow 26015101 (Bid:1.25742 | Ask: 1.25755) | Delta: 0.0000100
18:07:47,688 | Pair:EURUSD | Spread:0 | Fast LMAX (Bid:1.0717 | Ask: 1.07171)| Slow 26015101 (Bid:1.07169 | Ask: 1.07173) | Delta: -0.0000300
18:07:47,689 | Pair:GBPUSD | Spread:0 | Fast LMAX (Bid:1.25756 | Ask: 1.25758)| Slow 26015101 (Bid:1.2575 | Ask: 1.25762) | Delta: -0.0000600
18:07:50,367 | Pair:EURUSD | Spread:0 | Fast LMAX (Bid:1.07173 | Ask: 1.07174)| Slow 26015101 (Bid:1.07166 | Ask: 1.07169) | Delta: 0.0000400
18:07:50,727 | Pair:EURUSD | Spread:0 | Fast LMAX (Bid:1.07169 | Ask: 1.07178)| Slow 26015101 (Bid:1.07166 | Ask: 1.07169) | Delta: 0.0000000
18:07:53,481 | Pair:USDJPY | Spread:0 | Fast 166666 (Bid:127.396 | Ask: 127.397)| Slow 26015101 (Bid:127.387 | Ask: 127.394) | Delta: 0.0020000
18:07:53,481 | Pair:USDJPY | Spread:0 | Fast LMAX (Bid:127.396 | Ask: 127.397)| Slow 26015101 (Bid:127.388 | Ask: 127.395) | Delta: 0.0010000
18:07:53,573 | Pair:USDJPY | Spread:0 | Fast 166666 (Bid:127.394 | Ask: 127.404)| Slow 26015101 (Bid:127.387 | Ask: 127.394) | Delta: 0.0000000
18:07:53,573 | Pair:USDJPY | Spread:0 | Fast LMAX (Bid:127.394 | Ask: 127.404)| Slow 26015101 (Bid:127.388 | Ask: 127.395) | Delta: -0.0010000
18:07:53,637 | Pair:USDJPY | Spread:0 | Fast 166666 (Bid:127.399 | Ask: 127.4)| Slow 26015101 (Bid:127.387 | Ask: 127.394) | Delta: 0.0050000
18:07:53,638 | Pair:USDJPY | Spread:0 | Fast LMAX (Bid:127.399 | Ask: 127.4)| Slow 26015101 (Bid:127.388 | Ask: 127.395) | Delta: 0.0040000
18:07:53,666 | Pair:USDJPY | Spread:0 | Fast 166666 (Bid:127.393 | Ask: 127.403)| Slow 26015101 (Bid:127.387 | Ask: 127.394) | Delta: -0.0010000
18:07:53,667 | Pair:USDJPY | Spread:0 | Fast LMAX (Bid:127.393 | Ask: 127.403)| Slow 26015101 (Bid:127.388 | Ask: 127.395) | Delta: -0.0020000
18:07:53,790 | Pair:EURUSD | Spread:0 | Fast LMAX (Bid:1.07166 | Ask: 1.07167)| Slow 26015101 (Bid:1.07169 | Ask: 1.07174) | Delta: -0.0000800
18:07:53,790 | Pair:GBPUSD | Spread:0 | Fast LMAX (Bid:1.25747 | Ask: 1.25748)| Slow 26015101 (Bid:1.2575 | Ask: 1.25762) | Delta: -0.0001500
18:07:53,790 | Pair:USDJPY | Spread:0 | Fast 166666 (Bid:127.398 | Ask: 127.399)| Slow 26015101 (Bid:127.387 | Ask: 127.394) | Delta: 0.0040000
18:07:53,791 | Pair:USDJPY | Spread:0 | Fast LMAX (Bid:127.398 | Ask: 127.399)| Slow 26015101 (Bid:127.388 | Ask: 127.395) | Delta: 0.0030000
18:07:53,852 | Pair:USDJPY | Spread:0 | Fast 166666 (Bid:127.393 | Ask: 127.404)| Slow 26015101 (Bid:127.387 | Ask: 127.394) | Delta: -0.0010000
18:07:53,852 | Pair:USDJPY | Spread:0 | Fast LMAX (Bid:127.393 | Ask: 127.404)| Slow 26015101 (Bid:127.388 | Ask: 127.395) | Delta: -0.0020000
18:07:53,948 | Pair:USDJPY | Spread:0 | Fast 166666 (Bid:127.398 | Ask: 127.399)| Slow 26015101 (Bid:127.387 | Ask: 127.394) | Delta: 0.0040000
18:07:53,948 | Pair:USDJPY | Spread:0 | Fast LMAX (Bid:127.398 | Ask: 127.399)| Slow 26015101 (Bid:127.388 | Ask: 127.395) | Delta: 0.0030000
18:07:53,990 | Pair:EURUSD | Spread:0 | Fast LMAX (Bid:1.07166 | Ask: 1.07167)| Slow 26015101 (Bid:1.07166 | Ask: 1.07169) | Delta: -0.0000300
18:07:53,991 | Pair:GBPUSD | Spread:0 | Fast LMAX (Bid:1.25747 | Ask: 1.25748)| Slow 26015101 (Bid:1.25743 | Ask: 1.25756) | Delta: -0.0000900
18:07:53,992 | Pair:USDJPY | Spread:0 | Fast LMAX (Bid:127.398 | Ask: 127.399)| Slow 26015101 (Bid:127.396 | Ask: 127.402) | Delta: -0.0040000
18:07:54,179 | Pair:USDJPY | Spread:0 | Fast 166666 (Bid:127.394 | Ask: 127.404)| Slow 26015101 (Bid:127.387 | Ask: 127.394) | Delta: 0.0000000
18:07:54,260 | Pair:USDJPY | Spread:0 | Fast 166666 (Bid:127.399 | Ask: 127.4)| Slow 26015101 (Bid:127.387 | Ask: 127.394) | Delta: 0.0050000
18:07:54,759 | Pair:USDJPY | Spread:0 | Fast 166666 (Bid:127.394 | Ask: 127.404)| Slow 26015101 (Bid:127.387 | Ask: 127.394) | Delta: 0.0000000
18:07:54,898 | Pair:USDJPY | Spread:0 | Fast 166666 (Bid:127.399 | Ask: 127.4)| Slow 26015101 (Bid:127.387 | Ask: 127.394) | Delta: 0.0050000
18:07:55,041 | Pair:USDJPY | Spread:0 | Fast LMAX (Bid:127.404 | Ask: 127.405)| Slow 26015101 (Bid:127.396 | Ask: 127.402) | Delta: 0.0020000
18:07:55,041 | Pair:GBPUSD | Spread:0 | Fast 166666 (Bid:1.25745 | Ask: 1.25746)| Slow 26015101 (Bid:1.25748 | Ask: 1.25759) | Delta: -0.0001400
18:07:55,072 | Pair:GBPUSD | Spread:0 | Fast 166666 (Bid:1.25741 | Ask: 1.25749)| Slow 26015101 (Bid:1.25748 | Ask: 1.25759) | Delta: -0.0001800
18:07:55,091 | Pair:USDJPY | Spread:0 | Fast LMAX (Bid:127.404 | Ask: 127.405)| Slow 26015101 (Bid:127.402 | Ask: 127.407) | Delta: -0.0030000
18:07:55,196 | Pair:GBPUSD | Spread:0 | Fast 166666 (Bid:1.25743 | Ask: 1.25745)| Slow 26015101 (Bid:1.25748 | Ask: 1.25759) | Delta: -0.0001600
18:07:55,821 | Pair:GBPUSD | Spread:0 | Fast 166666 (Bid:1.25742 | Ask: 1.2575)| Slow 26015101 (Bid:1.25748 | Ask: 1.25759) | Delta: -0.0001700
18:07:56,526 | Pair:USDJPY | Spread:0 | Fast 166666 (Bid:127.394 | Ask: 127.406)| Slow 26015101 (Bid:127.387 | Ask: 127.394) | Delta: 0.0000000
18:07:56,603 | Pair:USDJPY | Spread:0 | Fast 166666 (Bid:127.399 | Ask: 127.401)| Slow 26015101 (Bid:127.387 | Ask: 127.394) | Delta: 0.0050000
18:07:58,070 | Pair:USDJPY | Spread:0 | Fast 166666 (Bid:127.4 | Ask: 127.401)| Slow 26015101 (Bid:127.4 | Ask: 127.402) | Delta: -0.0020000
18:08:01,230 | Pair:EURUSD | Spread:0 | Fast LMAX (Bid:1.07156 | Ask: 1.07163)| Slow 26015101 (Bid:1.07164 | Ask: 1.07169) | Delta: -0.0001300
18:08:01,300 | Pair:EURUSD | Spread:0 | Fast 166666 (Bid:1.07159 | Ask: 1.0716)| Slow 26015101 (Bid:1.07163 | Ask: 1.07172) | Delta: -0.0001300
18:08:01,307 | Pair:EURUSD | Spread:0 | Fast 166666 (Bid:1.07159 | Ask: 1.0716)| Slow 26015101 (Bid:1.07155 | Ask: 1.07164) | Delta: -0.0000500
18:08:01,313 | Pair:GBPUSD | Spread:0 | Fast 166666 (Bid:1.25743 | Ask: 1.25744)| Slow 26015101 (Bid:1.25747 | Ask: 1.25749) | Delta: -0.0000600
18:08:01,329 | Pair:GBPUSD | Spread:0 | Fast 166666 (Bid:1.25739 | Ask: 1.25747)| Slow 26015101 (Bid:1.25747 | Ask: 1.25749) | Delta: -0.0001000
18:08:01,353 | Pair:EURUSD | Spread:0 | Fast LMAX (Bid:1.07156 | Ask: 1.07165)| Slow 26015101 (Bid:1.07164 | Ask: 1.07169) | Delta: -0.0001300
18:08:06,606 | Pair:EURUSD | Spread:0 | Fast LMAX (Bid:1.07162 | Ask: 1.07164)| Slow 26015101 (Bid:1.07154 | Ask: 1.07159) | Delta: 0.0000300
18:08:06,606 | Pair:USDJPY | Spread:0 | Fast LMAX (Bid:127.4 | Ask: 127.401)| Slow 26015101 (Bid:127.402 | Ask: 127.408) | Delta: -0.0080000
18:08:06,696 | Pair:EURUSD | Spread:0 | Fast LMAX (Bid:1.07162 | Ask: 1.07164)| Slow 26015101 (Bid:1.0716 | Ask: 1.07164) | Delta: -0.0000200
18:08:06,701 | Pair:USDJPY | Spread:0 | Fast LMAX (Bid:127.4 | Ask: 127.401)| Slow 26015101 (Bid:127.397 | Ask: 127.404) | Delta: -0.0040000
18:08:10,996 | Pair:EURUSD | Spread:0 | Fast LMAX (Bid:1.07166 | Ask: 1.07167)| Slow 26015101 (Bid:1.07159 | Ask: 1.07164) | Delta: 0.0000200
18:08:11,281 | Pair:EURUSD | Spread:0 | Fast LMAX (Bid:1.07163 | Ask: 1.07171)| Slow 26015101 (Bid:1.07159 | Ask: 1.07164) | Delta: -0.0000100
18:08:11,301 | Pair:EURUSD | Spread:0 | Fast LMAX (Bid:1.07166 | Ask: 1.07167)| Slow 26015101 (Bid:1.07159 | Ask: 1.07164) | Delta: 0.0000200
18:08:11,526 | Pair:EURUSD | Spread:0 | Fast LMAX (Bid:1.0716 | Ask: 1.07168)| Slow 26015101 (Bid:1.07159 | Ask: 1.07164) | Delta: -0.0000400
18:08:11,608 | Pair:EURUSD | Spread:0 | Fast LMAX (Bid:1.07165 | Ask: 1.07166)| Slow 26015101 (Bid:1.07159 | Ask: 1.07164) | Delta: 0.0000100
18:08:11,667 | Pair:EURUSD | Spread:0 | Fast 166666 (Bid:1.07153 | Ask: 1.0716)| Slow 26015101 (Bid:1.07163 | Ask: 1.07172) | Delta: -0.0001900
18:08:11,668 | Pair:EURUSD | Spread:0 | Fast LMAX (Bid:1.07153 | Ask: 1.0716)| Slow 26015101 (Bid:1.07159 | Ask: 1.07164) | Delta: -0.0001100
18:08:11,777 | Pair:EURUSD | Spread:0 | Fast LMAX (Bid:1.07153 | Ask: 1.07154)| Slow 26015101 (Bid:1.07159 | Ask: 1.07164) | Delta: -0.0001100
18:08:11,922 | Pair:GBPUSD | Spread:0 | Fast LMAX (Bid:1.2574 | Ask: 1.25743)| Slow 26015101 (Bid:1.25744 | Ask: 1.25754) | Delta: -0.0001400
18:08:11,940 | Pair:GBPUSD | Spread:0 | Fast LMAX (Bid:1.25736 | Ask: 1.25746)| Slow 26015101 (Bid:1.25744 | Ask: 1.25754) | Delta: -0.0001800
18:08:11,947 | Pair:EURUSD | Spread:0 | Fast 166666 (Bid:1.07153 | Ask: 1.07154)| Slow 26015101 (Bid:1.0715 | Ask: 1.07159) | Delta: -0.0000600
18:08:11,999 | Pair:EURUSD | Spread:0 | Fast LMAX (Bid:1.07153 | Ask: 1.07154)| Slow 26015101 (Bid:1.07151 | Ask: 1.07156) | Delta: -0.0000300
18:08:19,104 | Pair:EURUSD | Spread:0 | Fast 166666 (Bid:1.07155 | Ask: 1.07156)| Slow 26015101 (Bid:1.07167 | Ask: 1.07176) | Delta: -0.0002100
18:08:19,104 | Pair:USDJPY | Spread:0 | Fast 166666 (Bid:127.396 | Ask: 127.406)| Slow 26015101 (Bid:127.389 | Ask: 127.391) | Delta: 0.0050000
18:08:19,120 | Pair:GBPUSD | Spread:0 | Fast 166666 (Bid:1.25738 | Ask: 1.25741)| Slow 26015101 (Bid:1.25755 | Ask: 1.25759) | Delta: -0.0002100
18:08:19,137 | Pair:USDJPY | Spread:0 | Fast 166666 (Bid:127.396 | Ask: 127.406)| Slow 26015101 (Bid:127.393 | Ask: 127.41) | Delta: -0.0140000
18:08:19,355 | Pair:USDJPY | Spread:0 | Fast 166666 (Bid:127.396 | Ask: 127.406)| Slow 26015101 (Bid:127.387 | Ask: 127.395) | Delta: 0.0010000
18:08:19,387 | Pair:USDJPY | Spread:0 | Fast 166666 (Bid:127.396 | Ask: 127.406)| Slow 26015101 (Bid:127.388 | Ask: 127.396) | Delta: 0.0000000
18:08:19,558 | Pair:GBPUSD | Spread:0 | Fast 166666 (Bid:1.25738 | Ask: 1.25742)| Slow 26015101 (Bid:1.25742 | Ask: 1.25753) | Delta: -0.0001500
18:08:19,841 | Pair:EURUSD | Spread:0 | Fast 166666 (Bid:1.07154 | Ask: 1.07155)| Slow 26015101 (Bid:1.07153 | Ask: 1.07162) | Delta: -0.0000800
18:08:19,916 | Pair:GBPUSD | Spread:0 | Fast 166666 (Bid:1.25738 | Ask: 1.25739)| Slow 26015101 (Bid:1.2574 | Ask: 1.2575) | Delta: -0.0001200
18:08:19,916 | Pair:EURUSD | Spread:0 | Fast 166666 (Bid:1.07154 | Ask: 1.07155)| Slow 26015101 (Bid:1.07156 | Ask: 1.07162) | Delta: -0.0000800
18:08:19,950 | Pair:GBPUSD | Spread:0 | Fast 166666 (Bid:1.25738 | Ask: 1.25739)| Slow 26015101 (Bid:1.25739 | Ask: 1.25751) | Delta: -0.0001300
18:08:20,011 | Pair:GBPUSD | Spread:0 | Fast 166666 (Bid:1.25738 | Ask: 1.25739)| Slow 26015101 (Bid:1.25741 | Ask: 1.25753) | Delta: -0.0001500
18:08:20,073 | Pair:GBPUSD | Spread:0 | Fast 166666 (Bid:1.25738 | Ask: 1.25739)| Slow 26015101 (Bid:1.25737 | Ask: 1.2575) | Delta: -0.0001200
18:08:20,073 | Pair:EURUSD | Spread:0 | Fast 166666 (Bid:1.07154 | Ask: 1.07155)| Slow 26015101 (Bid:1.07155 | Ask: 1.07163) | Delta: -0.0000900
18:08:21,609 | Pair:EURUSD | Spread:0 | Fast LMAX (Bid:1.07156 | Ask: 1.07157)| Slow 26015101 (Bid:1.0715 | Ask: 1.07154) | Delta: 0.0000200
18:08:21,672 | Pair:EURUSD | Spread:0 | Fast LMAX (Bid:1.07153 | Ask: 1.07161)| Slow 26015101 (Bid:1.0715 | Ask: 1.07154) | Delta: -0.0000100
18:08:21,765 | Pair:EURUSD | Spread:0 | Fast LMAX (Bid:1.07156 | Ask: 1.07158)| Slow 26015101 (Bid:1.0715 | Ask: 1.07154) | Delta: 0.0000200
18:08:22,603 | Pair:EURUSD | Spread:0 | Fast LMAX (Bid:1.07156 | Ask: 1.07158)| Slow 26015101 (Bid:1.07156 | Ask: 1.07159) | Delta: -0.0000300
18:08:27,249 | Pair:USDJPY | Spread:0 | Fast LMAX (Bid:127.414 | Ask: 127.415)| Slow 26015101 (Bid:127.405 | Ask: 127.411) | Delta: 0.0030000
18:08:27,548 | Pair:USDJPY | Spread:0 | Fast LMAX (Bid:127.41 | Ask: 127.42)| Slow 26015101 (Bid:127.405 | Ask: 127.411) | Delta: -0.0010000
18:08:27,868 | Pair:USDJPY | Spread:0 | Fast LMAX (Bid:127.416 | Ask: 127.417)| Slow 26015101 (Bid:127.405 | Ask: 127.411) | Delta: 0.0050000
18:08:27,906 | Pair:USDJPY | Spread:0 | Fast LMAX (Bid:127.416 | Ask: 127.417)| Slow 26015101 (Bid:127.413 | Ask: 127.42) | Delta: -0.0040000
18:08:29,580 | Pair:EURUSD | Spread:0 | Fast LMAX (Bid:1.07146 | Ask: 1.07148)| Slow 26015101 (Bid:1.0715 | Ask: 1.07154) | Delta: -0.0000800
18:08:29,641 | Pair:EURUSD | Spread:0 | Fast LMAX (Bid:1.07143 | Ask: 1.07152)| Slow 26015101 (Bid:1.0715 | Ask: 1.07154) | Delta: -0.0001100
22:19:11,956 | Pair:USDJPY | Spread:0 | Fast 166666 (Bid:127.067 | Ask: 127.068)| Slow 26015101 (Bid:127.054 | Ask: 127.064) | Delta: 0.0030000
22:19:11,957 | Pair:USDJPY | Spread:0 | Fast LMAX (Bid:127.067 | Ask: 127.068)| Slow 26015101 (Bid:127.057 | Ask: 127.064) | Delta: 0.0030000
22:19:12,048 | Pair:USDJPY | Spread:0 | Fast 166666 (Bid:127.067 | Ask: 127.068)| Slow 26015101 (Bid:127.056 | Ask: 127.068) | Delta: -0.0010000
22:19:12,064 | Pair:USDJPY | Spread:0 | Fast LMAX (Bid:127.063 | Ask: 127.075)| Slow 26015101 (Bid:127.057 | Ask: 127.064) | Delta: -0.0010000
22:19:12,127 | Pair:USDJPY | Spread:0 | Fast 166666 (Bid:127.069 | Ask: 127.07)| Slow 26015101 (Bid:127.057 | Ask: 127.068) | Delta: 0.0010000
22:19:12,128 | Pair:USDJPY | Spread:0 | Fast LMAX (Bid:127.069 | Ask: 127.07)| Slow 26015101 (Bid:127.057 | Ask: 127.064) | Delta: 0.0050000
22:19:12,140 | Pair:USDJPY | Spread:0 | Fast 166666 (Bid:127.069 | Ask: 127.07)| Slow 26015101 (Bid:127.057 | Ask: 127.07) | Delta: -0.0010000
22:19:12,359 | Pair:USDJPY | Spread:0 | Fast LMAX (Bid:127.064 | Ask: 127.075)| Slow 26015101 (Bid:127.057 | Ask: 127.064) | Delta: 0.0000000
22:19:23,831 | Pair:EURUSD | Spread:0 | Fast LMAX (Bid:1.07224 | Ask: 1.07225)| Slow 26015101 (Bid:1.07219 | Ask: 1.07223) | Delta: 0.0000100
22:19:24,025 | Pair:EURUSD | Spread:0 | Fast LMAX (Bid:1.07224 | Ask: 1.07225)| Slow 26015101 (Bid:1.07221 | Ask: 1.07226) | Delta: -0.0000200
22:19:36,503 | Pair:USDJPY | Spread:0 | Fast LMAX (Bid:127.083 | Ask: 127.084)| Slow 26015101 (Bid:127.074 | Ask: 127.082) | Delta: 0.0010000
22:19:36,737 | Pair:USDJPY | Spread:0 | Fast LMAX (Bid:127.083 | Ask: 127.084)| Slow 26015101 (Bid:127.081 | Ask: 127.087) | Delta: -0.0040000
22:19:39,461 | Pair:EURUSD | Spread:0 | Fast LMAX (Bid:1.07217 | Ask: 1.07218)| Slow 26015101 (Bid:1.07219 | Ask: 1.07224) | Delta: -0.0000700
22:19:39,505 | Pair:EURUSD | Spread:0 | Fast LMAX (Bid:1.07214 | Ask: 1.07221)| Slow 26015101 (Bid:1.07219 | Ask: 1.07224) | Delta: -0.0001000
22:19:39,616 | Pair:EURUSD | Spread:0 | Fast LMAX (Bid:1.07215 | Ask: 1.07216)| Slow 26015101 (Bid:1.07219 | Ask: 1.07224) | Delta: -0.0000900
22:19:39,835 | Pair:EURUSD | Spread:0 | Fast LMAX (Bid:1.07215 | Ask: 1.07216)| Slow 26015101 (Bid:1.07213 | Ask: 1.07218) | Delta: -0.0000300
22:19:47,008 | Pair:USDJPY | Spread:0 | Fast 166666 (Bid:127.084 | Ask: 127.085)| Slow 26015101 (Bid:127.081 | Ask: 127.083) | Delta: 0.0010000
22:19:47,239 | Pair:USDJPY | Spread:0 | Fast 166666 (Bid:127.084 | Ask: 127.085)| Slow 26015101 (Bid:127.079 | Ask: 127.086) | Delta: -0.0020000
22:20:07,279 | Pair:EURUSD | Spread:0 | Fast LMAX (Bid:1.07222 | Ask: 1.07223)| Slow 26015101 (Bid:1.07216 | Ask: 1.0722) | Delta: 0.0000200
22:20:07,279 | Pair:GBPUSD | Spread:0 | Fast LMAX (Bid:1.2594 | Ask: 1.25941)| Slow 26015101 (Bid:1.2593 | Ask: 1.25939) | Delta: 0.0000100
22:20:07,352 | Pair:EURUSD | Spread:0 | Fast LMAX (Bid:1.07222 | Ask: 1.07223)| Slow 26015101 (Bid:1.0722 | Ask: 1.07224) | Delta: -0.0000200
22:20:07,449 | Pair:GBPUSD | Spread:0 | Fast LMAX (Bid:1.2594 | Ask: 1.25941)| Slow 26015101 (Bid:1.25936 | Ask: 1.25945) | Delta: -0.0000500
22:20:17,448 | Pair:USDJPY | Spread:0 | Fast LMAX (Bid:127.07 | Ask: 127.071)| Slow 26015101 (Bid:127.072 | Ask: 127.078) | Delta: -0.0080000
22:20:17,957 | Pair:USDJPY | Spread:0 | Fast LMAX (Bid:127.07 | Ask: 127.071)| Slow 26015101 (Bid:127.068 | Ask: 127.075) | Delta: -0.0050000
22:22:17,465 | Pair:EURUSD | Spread:0 | Fast LMAX (Bid:1.07207 | Ask: 1.07208)| Slow 26015101 (Bid:1.07211 | Ask: 1.07215) | Delta: -0.0000800
22:22:17,518 | Pair:EURUSD | Spread:0 | Fast LMAX (Bid:1.07207 | Ask: 1.07208)| Slow 26015101 (Bid:1.07206 | Ask: 1.0721) | Delta: -0.0000300
22:22:42,471 | Pair:USDJPY | Spread:0 | Fast LMAX (Bid:127.043 | Ask: 127.044)| Slow 26015101 (Bid:127.045 | Ask: 127.051) | Delta: -0.0080000
22:22:42,739 | Pair:USDJPY | Spread:0 | Fast LMAX (Bid:127.038 | Ask: 127.05)| Slow 26015101 (Bid:127.045 | Ask: 127.051) | Delta: -0.0130000
22:22:45,897 | Pair:USDJPY | Spread:0 | Fast LMAX (Bid:127.051 | Ask: 127.052)| Slow 26015101 (Bid:127.043 | Ask: 127.049) | Delta: 0.0020000
22:22:45,930 | Pair:USDJPY | Spread:0 | Fast LMAX (Bid:127.046 | Ask: 127.057)| Slow 26015101 (Bid:127.043 | Ask: 127.049) | Delta: -0.0030000
22:22:46,054 | Pair:USDJPY | Spread:0 | Fast LMAX (Bid:127.052 | Ask: 127.053)| Slow 26015101 (Bid:127.043 | Ask: 127.049) | Delta: 0.0030000
22:22:46,135 | Pair:USDJPY | Spread:0 | Fast LMAX (Bid:127.052 | Ask: 127.053)| Slow 26015101 (Bid:127.048 | Ask: 127.054) | Delta: -0.0020000
22:22:49,520 | Pair:EURUSD | Spread:0 | Fast LMAX (Bid:1.07206 | Ask: 1.07207)| Slow 26015101 (Bid:1.07201 | Ask: 1.07205) | Delta: 0.0000100
22:22:49,556 | Pair:EURUSD | Spread:0 | Fast LMAX (Bid:1.07204 | Ask: 1.07212)| Slow 26015101 (Bid:1.07201 | Ask: 1.07205) | Delta: -0.0000100
22:22:49,705 | Pair:EURUSD | Spread:0 | Fast LMAX (Bid:1.07207 | Ask: 1.07208)| Slow 26015101 (Bid:1.07201 | Ask: 1.07205) | Delta: 0.0000200
22:22:50,344 | Pair:EURUSD | Spread:0 | Fast LMAX (Bid:1.07207 | Ask: 1.07208)| Slow 26015101 (Bid:1.07205 | Ask: 1.07209) | Delta: -0.0000200
22:23:01,209 | Pair:EURUSD | Spread:0 | Fast LMAX (Bid:1.07202 | Ask: 1.07203)| Slow 26015101 (Bid:1.07204 | Ask: 1.07209) | Delta: -0.0000700
22:23:01,240 | Pair:EURUSD | Spread:0 | Fast LMAX (Bid:1.07199 | Ask: 1.07207)| Slow 26015101 (Bid:1.07204 | Ask: 1.07209) | Delta: -0.0001000
22:23:01,538 | Pair:EURUSD | Spread:0 | Fast LMAX (Bid:1.07202 | Ask: 1.07203)| Slow 26015101 (Bid:1.07204 | Ask: 1.07209) | Delta: -0.0000700
22:23:01,947 | Pair:EURUSD | Spread:0 | Fast LMAX (Bid:1.07202 | Ask: 1.07203)| Slow 26015101 (Bid:1.072 | Ask: 1.07204) | Delta: -0.0000200
22:23:11,213 | Pair:EURUSD | Spread:0 | Fast LMAX (Bid:1.07207 | Ask: 1.07208)| Slow 26015101 (Bid:1.07201 | Ask: 1.07206) | Delta: 0.0000100
22:23:11,448 | Pair:EURUSD | Spread:0 | Fast LMAX (Bid:1.07207 | Ask: 1.07208)| Slow 26015101 (Bid:1.07205 | Ask: 1.07209) | Delta: -0.0000200
22:23:58,913 | Pair:EURUSD | Spread:0 | Fast LMAX (Bid:1.07205 | Ask: 1.07206)| Slow 26015101 (Bid:1.07201 | Ask: 1.07204) | Delta: 0.0000100
22:23:58,954 | Pair:EURUSD | Spread:0 | Fast LMAX (Bid:1.07202 | Ask: 1.07209)| Slow 26015101 (Bid:1.07201 | Ask: 1.07204) | Delta: -0.0000200
22:24:46,573 | Pair:EURUSD | Spread:0 | Fast 166666 (Bid:1.07197 | Ask: 1.07198)| Slow 26015101 (Bid:1.07199 | Ask: 1.07206) | Delta: -0.0000900
22:24:46,573 | Pair:EURUSD | Spread:0 | Fast LMAX (Bid:1.07197 | Ask: 1.07198)| Slow 26015101 (Bid:1.07201 | Ask: 1.07206) | Delta: -0.0000900
22:24:46,590 | Pair:EURUSD | Spread:0 | Fast 166666 (Bid:1.07197 | Ask: 1.07198)| Slow 26015101 (Bid:1.07195 | Ask: 1.07204) | Delta: -0.0000700
22:24:46,633 | Pair:EURUSD | Spread:0 | Fast LMAX (Bid:1.07193 | Ask: 1.07202)| Slow 26015101 (Bid:1.07201 | Ask: 1.07206) | Delta: -0.0001300
22:25:08,465 | Pair:USDJPY | Spread:0 | Fast LMAX (Bid:127.054 | Ask: 127.055)| Slow 26015101 (Bid:127.062 | Ask: 127.068) | Delta: -0.0140000
22:25:08,910 | Pair:USDJPY | Spread:0 | Fast LMAX (Bid:127.048 | Ask: 127.058)| Slow 26015101 (Bid:127.05 | Ask: 127.057) | Delta: -0.0090000
22:25:15,188 | Pair:USDJPY | Spread:0 | Fast LMAX (Bid:127.045 | Ask: 127.046)| Slow 26015101 (Bid:127.048 | Ask: 127.054) | Delta: -0.0090000
22:25:15,311 | Pair:USDJPY | Spread:0 | Fast LMAX (Bid:127.045 | Ask: 127.046)| Slow 26015101 (Bid:127.043 | Ask: 127.049) | Delta: -0.0040000
22:25:42,067 | Pair:EURUSD | Spread:0 | Fast LMAX (Bid:1.07192 | Ask: 1.07193)| Slow 26015101 (Bid:1.07185 | Ask: 1.0719) | Delta: 0.0000200
22:25:42,721 | Pair:EURUSD | Spread:0 | Fast LMAX (Bid:1.07189 | Ask: 1.07197)| Slow 26015101 (Bid:1.07185 | Ask: 1.0719) | Delta: -0.0000100
22:25:50,023 | Pair:USDJPY | Spread:0 | Fast LMAX (Bid:127.048 | Ask: 127.049)| Slow 26015101 (Bid:127.038 | Ask: 127.045) | Delta: 0.0030000
22:25:50,229 | Pair:USDJPY | Spread:0 | Fast LMAX (Bid:127.048 | Ask: 127.049)| Slow 26015101 (Bid:127.046 | Ask: 127.051) | Delta: -0.0030000
22:26:26,122 | Pair:USDJPY | Spread:0 | Fast LMAX (Bid:127.052 | Ask: 127.053)| Slow 26015101 (Bid:127.045 | Ask: 127.051) | Delta: 0.0010000
22:26:26,149 | Pair:USDJPY | Spread:0 | Fast LMAX (Bid:127.052 | Ask: 127.053)| Slow 26015101 (Bid:127.048 | Ask: 127.056) | Delta: -0.0040000
22:27:34,446 | Pair:EURUSD | Spread:0 | Fast LMAX (Bid:1.07188 | Ask: 1.07189)| Slow 26015101 (Bid:1.07192 | Ask: 1.07196) | Delta: -0.0000800
22:27:34,882 | Pair:EURUSD | Spread:0 | Fast LMAX (Bid:1.07183 | Ask: 1.0719)| Slow 26015101 (Bid:1.07186 | Ask: 1.07188) | Delta: -0.0000500
22:27:55,837 | Pair:EURUSD | Spread:0 | Fast LMAX (Bid:1.07189 | Ask: 1.0719)| Slow 26015101 (Bid:1.07184 | Ask: 1.07188) | Delta: 0.0000100
22:27:55,961 | Pair:EURUSD | Spread:0 | Fast LMAX (Bid:1.07187 | Ask: 1.07195)| Slow 26015101 (Bid:1.07184 | Ask: 1.07188) | Delta: -0.0000100
22:27:55,993 | Pair:EURUSD | Spread:0 | Fast LMAX (Bid:1.0719 | Ask: 1.07191)| Slow 26015101 (Bid:1.07184 | Ask: 1.07188) | Delta: 0.0000200
22:27:56,094 | Pair:EURUSD | Spread:0 | Fast LMAX (Bid:1.0719 | Ask: 1.07191)| Slow 26015101 (Bid:1.07187 | Ask: 1.07192) | Delta: -0.0000200
22:28:02,728 | Pair:EURUSD | Spread:0 | Fast LMAX (Bid:1.07196 | Ask: 1.07197)| Slow 26015101 (Bid:1.07192 | Ask: 1.07195) | Delta: 0.0000100
22:28:03,498 | Pair:EURUSD | Spread:0 | Fast LMAX (Bid:1.07196 | Ask: 1.07197)| Slow 26015101 (Bid:1.07192 | Ask: 1.07197) | Delta: -0.0000100
22:28:23,028 | Pair:EURUSD | Spread:0 | Fast LMAX (Bid:1.07199 | Ask: 1.072)| Slow 26015101 (Bid:1.07193 | Ask: 1.07198) | Delta: 0.0000100
22:28:23,507 | Pair:EURUSD | Spread:0 | Fast LMAX (Bid:1.07199 | Ask: 1.072)| Slow 26015101 (Bid:1.07195 | Ask: 1.072) | Delta: -0.0000100
22:29:00,223 | Pair:USDJPY | Spread:0 | Fast 166666 (Bid:127.076 | Ask: 127.077)| Slow 26015101 (Bid:127.064 | Ask: 127.072) | Delta: 0.0040000
22:29:00,223 | Pair:EURUSD | Spread:0 | Fast 166666 (Bid:1.07193 | Ask: 1.07195)| Slow 26015101 (Bid:1.07196 | Ask: 1.07204) | Delta: -0.0001100
22:29:00,224 | Pair:USDJPY | Spread:0 | Fast LMAX (Bid:127.076 | Ask: 127.077)| Slow 26015101 (Bid:127.065 | Ask: 127.071) | Delta: 0.0050000
22:29:00,224 | Pair:EURUSD | Spread:0 | Fast LMAX (Bid:1.07193 | Ask: 1.07195)| Slow 26015101 (Bid:1.07198 | Ask: 1.07203) | Delta: -0.0001000
22:29:00,226 | Pair:EURUSD | Spread:0 | Fast 166666 (Bid:1.07193 | Ask: 1.07195)| Slow 26015101 (Bid:1.07193 | Ask: 1.07203) | Delta: -0.0001000
22:29:00,254 | Pair:EURUSD | Spread:0 | Fast LMAX (Bid:1.0719 | Ask: 1.07199)| Slow 26015101 (Bid:1.07198 | Ask: 1.07203) | Delta: -0.0001300
22:29:00,257 | Pair:USDJPY | Spread:0 | Fast 166666 (Bid:127.076 | Ask: 127.077)| Slow 26015101 (Bid:127.064 | Ask: 127.076) | Delta: 0.0000000
22:29:00,629 | Pair:USDJPY | Spread:0 | Fast LMAX (Bid:127.076 | Ask: 127.077)| Slow 26015101 (Bid:127.072 | Ask: 127.079) | Delta: -0.0030000
22:29:59,783 | Pair:USDJPY | Spread:0 | Fast LMAX (Bid:127.068 | Ask: 127.069)| Slow 26015101 (Bid:127.07 | Ask: 127.078) | Delta: -0.0100000
22:29:59,828 | Pair:USDJPY | Spread:0 | Fast LMAX (Bid:127.063 | Ask: 127.074)| Slow 26015101 (Bid:127.07 | Ask: 127.078) | Delta: -0.0150000
22:30:04,936 | Pair:USDJPY | Spread:0 | Fast LMAX (Bid:127.073 | Ask: 127.074)| Slow 26015101 (Bid:127.065 | Ask: 127.072) | Delta: 0.0010000
22:30:05,059 | Pair:USDJPY | Spread:0 | Fast LMAX (Bid:127.067 | Ask: 127.078)| Slow 26015101 (Bid:127.065 | Ask: 127.072) | Delta: -0.0050000
22:30:10,562 | Pair:EURUSD | Spread:0 | Fast LMAX (Bid:1.072 | Ask: 1.07201)| Slow 26015101 (Bid:1.07194 | Ask: 1.07199) | Delta: 0.0000100
22:30:11,312 | Pair:EURUSD | Spread:0 | Fast LMAX (Bid:1.07197 | Ask: 1.07205)| Slow 26015101 (Bid:1.07194 | Ask: 1.07199) | Delta: -0.0000200
22:30:11,359 | Pair:EURUSD | Spread:0 | Fast LMAX (Bid:1.072 | Ask: 1.07201)| Slow 26015101 (Bid:1.07194 | Ask: 1.07199) | Delta: 0.0000100
22:30:11,468 | Pair:EURUSD | Spread:0 | Fast LMAX (Bid:1.072 | Ask: 1.07201)| Slow 26015101 (Bid:1.07198 | Ask: 1.07203) | Delta: -0.0000300
22:30:16,972 | Pair:GBPUSD | Spread:0 | Fast LMAX (Bid:1.25922 | Ask: 1.25923)| Slow 26015101 (Bid:1.25911 | Ask: 1.25921) | Delta: 0.0000100
22:30:17,018 | Pair:GBPUSD | Spread:0 | Fast LMAX (Bid:1.25919 | Ask: 1.25929)| Slow 26015101 (Bid:1.25911 | Ask: 1.25921) | Delta: -0.0000200
22:30:17,142 | Pair:GBPUSD | Spread:0 | Fast LMAX (Bid:1.25923 | Ask: 1.25926)| Slow 26015101 (Bid:1.25911 | Ask: 1.25921) | Delta: 0.0000200
22:30:17,281 | Pair:EURUSD | Spread:0 | Fast LMAX (Bid:1.07204 | Ask: 1.07205)| Slow 26015101 (Bid:1.07198 | Ask: 1.07203) | Delta: 0.0000100
22:30:17,347 | Pair:GBPUSD | Spread:0 | Fast LMAX (Bid:1.25921 | Ask: 1.2593)| Slow 26015101 (Bid:1.25911 | Ask: 1.25921) | Delta: 0.0000000
22:30:17,440 | Pair:GBPUSD | Spread:0 | Fast LMAX (Bid:1.25926 | Ask: 1.25927)| Slow 26015101 (Bid:1.25911 | Ask: 1.25921) | Delta: 0.0000500
22:30:17,773 | Pair:EURUSD | Spread:0 | Fast LMAX (Bid:1.07207 | Ask: 1.07208)| Slow 26015101 (Bid:1.07206 | Ask: 1.07209) | Delta: -0.0000200
22:30:17,872 | Pair:GBPUSD | Spread:0 | Fast LMAX (Bid:1.25929 | Ask: 1.25931)| Slow 26015101 (Bid:1.25924 | Ask: 1.25934) | Delta: -0.0000500
22:30:24,172 | Pair:EURUSD | Spread:0 | Fast LMAX (Bid:1.072 | Ask: 1.07201)| Slow 26015101 (Bid:1.07203 | Ask: 1.07208) | Delta: -0.0000800
22:30:24,176 | Pair:EURUSD | Spread:0 | Fast LMAX (Bid:1.072 | Ask: 1.07201)| Slow 26015101 (Bid:1.07199 | Ask: 1.07204) | Delta: -0.0000400
22:30:33,690 | Pair:USDJPY | Spread:0 | Fast LMAX (Bid:127.069 | Ask: 127.07)| Slow 26015101 (Bid:127.072 | Ask: 127.079) | Delta: -0.0100000
22:30:33,782 | Pair:USDJPY | Spread:0 | Fast LMAX (Bid:127.069 | Ask: 127.07)| Slow 26015101 (Bid:127.065 | Ask: 127.072) | Delta: -0.0030000
22:31:09,637 | Pair:GBPUSD | Spread:0 | Fast LMAX (Bid:1.25925 | Ask: 1.25926)| Slow 26015101 (Bid:1.25911 | Ask: 1.25922) | Delta: 0.0000300
22:31:09,704 | Pair:GBPUSD | Spread:0 | Fast LMAX (Bid:1.25925 | Ask: 1.25926)| Slow 26015101 (Bid:1.2592 | Ask: 1.25929) | Delta: -0.0000400
22:31:39,187 | Pair:USDJPY | Spread:0 | Fast 166666 (Bid:127.077 | Ask: 127.078)| Slow 26015101 (Bid:127.064 | Ask: 127.074) | Delta: 0.0030000
22:31:39,188 | Pair:USDJPY | Spread:0 | Fast LMAX (Bid:127.077 | Ask: 127.078)| Slow 26015101 (Bid:127.065 | Ask: 127.073) | Delta: 0.0040000
22:31:39,281 | Pair:USDJPY | Spread:0 | Fast 166666 (Bid:127.077 | Ask: 127.078)| Slow 26015101 (Bid:127.069 | Ask: 127.079) | Delta: -0.0020000
22:31:39,318 | Pair:USDJPY | Spread:0 | Fast LMAX (Bid:127.077 | Ask: 127.078)| Slow 26015101 (Bid:127.073 | Ask: 127.08) | Delta: -0.0030000
