16:36:50,803 | ERROR | 26015101 | SUBSCRIBE FAILED [Error: EURPLN not exist, StackTrace:    at TradingAPI.MT4Server.QuoteClient.Subscribe(String symbol) in C:\Users\ivasc\RiderProjects\MT4Arbitrage\mt4-terminal-api\QuoteClient.cs:line 507
   at QuoteObserver.QuoteClientConnector.Subscribe(Instrument instrument) in C:\Users\ivasc\RiderProjects\MT4Arbitrage\QuoteObserver\QuoteClientConnector.cs:line 63]
16:36:50,804 | ERROR | 26015101 | SUBSCRIBE FAILED [Error: EURRUB not exist, StackTrace:    at TradingAPI.MT4Server.QuoteClient.Subscribe(String symbol) in C:\Users\ivasc\RiderProjects\MT4Arbitrage\mt4-terminal-api\QuoteClient.cs:line 507
   at QuoteObserver.QuoteClientConnector.Subscribe(Instrument instrument) in C:\Users\ivasc\RiderProjects\MT4Arbitrage\QuoteObserver\QuoteClientConnector.cs:line 63]
16:37:28,554 | ERROR | 26015101 | SUBSCRIBE FAILED [Error: EURPLN not exist, StackTrace:    at TradingAPI.MT4Server.QuoteClient.Subscribe(String symbol) in C:\Users\ivasc\RiderProjects\MT4Arbitrage\mt4-terminal-api\QuoteClient.cs:line 507
   at QuoteObserver.QuoteClientConnector.Subscribe(Instrument instrument) in C:\Users\ivasc\RiderProjects\MT4Arbitrage\QuoteObserver\QuoteClientConnector.cs:line 63]
16:37:28,555 | ERROR | 26015101 | SUBSCRIBE FAILED [Error: EURRUB not exist, StackTrace:    at TradingAPI.MT4Server.QuoteClient.Subscribe(String symbol) in C:\Users\ivasc\RiderProjects\MT4Arbitrage\mt4-terminal-api\QuoteClient.cs:line 507
   at QuoteObserver.QuoteClientConnector.Subscribe(Instrument instrument) in C:\Users\ivasc\RiderProjects\MT4Arbitrage\QuoteObserver\QuoteClientConnector.cs:line 63]
16:53:39,592 | ERROR | FixApplication | FromApp field not found for tag: 52
16:53:39,594 | ERROR | FixApplication | FromApp field not found for tag: 52
16:53:39,596 | ERROR | FixApplication | FromApp field not found for tag: 52
16:53:39,667 | ERROR | FixApplication | FromApp field not found for tag: 52
16:53:41,768 | ERROR | FixApplication | FromApp field not found for tag: 52
16:53:42,769 | ERROR | FixApplication | FromApp field not found for tag: 52
16:53:43,872 | ERROR | FixApplication | FromApp field not found for tag: 52
16:53:43,873 | ERROR | FixApplication | FromApp field not found for tag: 52
16:53:44,972 | ERROR | FixApplication | FromApp field not found for tag: 52
16:53:44,973 | ERROR | FixApplication | FromApp field not found for tag: 52
16:53:45,970 | ERROR | FixApplication | FromApp field not found for tag: 52
16:53:46,072 | ERROR | FixApplication | FromApp field not found for tag: 52
16:53:46,171 | ERROR | FixApplication | FromApp field not found for tag: 52
16:53:47,072 | ERROR | FixApplication | FromApp field not found for tag: 52
16:53:47,073 | ERROR | FixApplication | FromApp field not found for tag: 52
16:53:47,075 | ERROR | FixApplication | FromApp field not found for tag: 52
16:53:48,072 | ERROR | FixApplication | FromApp field not found for tag: 52
16:53:48,172 | ERROR | FixApplication | FromApp field not found for tag: 52
16:53:48,174 | ERROR | FixApplication | FromApp field not found for tag: 52
16:53:49,172 | ERROR | FixApplication | FromApp field not found for tag: 52
16:53:49,173 | ERROR | FixApplication | FromApp field not found for tag: 52
16:53:49,175 | ERROR | FixApplication | FromApp field not found for tag: 52
16:53:50,273 | ERROR | FixApplication | FromApp field not found for tag: 52
16:53:50,276 | ERROR | FixApplication | FromApp field not found for tag: 52
16:53:51,274 | ERROR | FixApplication | FromApp field not found for tag: 52
16:53:51,276 | ERROR | FixApplication | FromApp field not found for tag: 52
16:53:51,278 | ERROR | FixApplication | FromApp field not found for tag: 52
16:53:52,374 | ERROR | FixApplication | FromApp field not found for tag: 52
16:53:52,376 | ERROR | FixApplication | FromApp field not found for tag: 52
16:53:53,375 | ERROR | FixApplication | FromApp field not found for tag: 52
16:53:53,376 | ERROR | FixApplication | FromApp field not found for tag: 52
16:53:54,493 | ERROR | FixApplication | FromApp field not found for tag: 52
16:53:55,498 | ERROR | FixApplication | FromApp field not found for tag: 52
16:53:55,585 | ERROR | FixApplication | FromApp field not found for tag: 52
16:53:55,587 | ERROR | FixApplication | FromApp field not found for tag: 52
16:53:56,603 | ERROR | FixApplication | FromApp field not found for tag: 52
16:55:41,381 | ERROR | FixApplication | FromApp field not found for tag: 52
16:55:41,382 | ERROR | FixApplication | FromApp field not found for tag: 52
16:55:41,384 | ERROR | FixApplication | FromApp field not found for tag: 52
16:55:42,258 | ERROR | FixApplication | FromApp field not found for tag: 52
16:55:42,357 | ERROR | FixApplication | FromApp field not found for tag: 52
16:55:43,357 | ERROR | FixApplication | FromApp field not found for tag: 52
16:55:44,458 | ERROR | FixApplication | FromApp field not found for tag: 52
16:55:45,459 | ERROR | FixApplication | FromApp field not found for tag: 52
16:55:45,461 | ERROR | FixApplication | FromApp field not found for tag: 52
16:55:45,463 | ERROR | FixApplication | FromApp field not found for tag: 52
16:55:46,561 | ERROR | FixApplication | FromApp field not found for tag: 52
16:55:46,562 | ERROR | FixApplication | FromApp field not found for tag: 52
16:55:47,561 | ERROR | FixApplication | FromApp field not found for tag: 52
16:55:47,660 | ERROR | FixApplication | FromApp field not found for tag: 52
16:55:48,665 | ERROR | FixApplication | FromApp field not found for tag: 52
16:55:48,669 | ERROR | FixApplication | FromApp field not found for tag: 52
16:55:48,671 | ERROR | FixApplication | FromApp field not found for tag: 52
16:55:49,660 | ERROR | FixApplication | FromApp field not found for tag: 52
16:55:49,762 | ERROR | FixApplication | FromApp field not found for tag: 52
16:55:49,764 | ERROR | FixApplication | FromApp field not found for tag: 52
16:55:50,762 | ERROR | FixApplication | FromApp field not found for tag: 52
16:55:50,765 | ERROR | FixApplication | FromApp field not found for tag: 52
16:55:50,767 | ERROR | FixApplication | FromApp field not found for tag: 52
16:57:28,674 | ERROR | FixApplication | FromApp field not found for tag: 273
16:57:28,676 | ERROR | FixApplication | FromApp field not found for tag: 273
16:57:28,678 | ERROR | FixApplication | FromApp field not found for tag: 273
16:57:29,153 | ERROR | FixApplication | FromApp field not found for tag: 273
16:57:29,154 | ERROR | FixApplication | FromApp field not found for tag: 273
16:57:30,252 | ERROR | FixApplication | FromApp field not found for tag: 273
16:57:30,254 | ERROR | FixApplication | FromApp field not found for tag: 273
16:57:31,253 | ERROR | FixApplication | FromApp field not found for tag: 273
16:57:31,354 | ERROR | FixApplication | FromApp field not found for tag: 273
16:57:32,354 | ERROR | FixApplication | FromApp field not found for tag: 273
16:57:33,455 | ERROR | FixApplication | FromApp field not found for tag: 273
16:57:33,457 | ERROR | FixApplication | FromApp field not found for tag: 273
16:57:34,454 | ERROR | FixApplication | FromApp field not found for tag: 273
16:57:34,458 | ERROR | FixApplication | FromApp field not found for tag: 273
16:57:35,556 | ERROR | FixApplication | FromApp field not found for tag: 273
16:57:35,558 | ERROR | FixApplication | FromApp field not found for tag: 273
16:57:35,560 | ERROR | FixApplication | FromApp field not found for tag: 273
16:57:36,556 | ERROR | FixApplication | FromApp field not found for tag: 273
16:57:36,558 | ERROR | FixApplication | FromApp field not found for tag: 273
16:57:36,655 | ERROR | FixApplication | FromApp field not found for tag: 273
16:57:37,657 | ERROR | FixApplication | FromApp field not found for tag: 273
16:57:37,658 | ERROR | FixApplication | FromApp field not found for tag: 273
16:57:37,660 | ERROR | FixApplication | FromApp field not found for tag: 273
16:57:38,658 | ERROR | FixApplication | FromApp field not found for tag: 273
16:57:38,757 | ERROR | FixApplication | FromApp field not found for tag: 273
16:57:38,759 | ERROR | FixApplication | FromApp field not found for tag: 273
16:57:39,758 | ERROR | FixApplication | FromApp field not found for tag: 273
16:57:40,859 | ERROR | FixApplication | FromApp field not found for tag: 273
16:57:40,861 | ERROR | FixApplication | FromApp field not found for tag: 273
16:57:41,860 | ERROR | FixApplication | FromApp field not found for tag: 273
16:57:41,862 | ERROR | FixApplication | FromApp field not found for tag: 273
16:57:42,959 | ERROR | FixApplication | FromApp field not found for tag: 273
16:57:42,961 | ERROR | FixApplication | FromApp field not found for tag: 273
16:57:42,962 | ERROR | FixApplication | FromApp field not found for tag: 273
16:57:43,960 | ERROR | FixApplication | FromApp field not found for tag: 273
16:57:43,962 | ERROR | FixApplication | FromApp field not found for tag: 273
16:57:44,060 | ERROR | FixApplication | FromApp field not found for tag: 273
16:57:44,563 | ERROR | FixApplication | FromApp field not found for tag: 273
16:57:45,064 | ERROR | FixApplication | FromApp field not found for tag: 273
16:57:45,067 | ERROR | FixApplication | FromApp field not found for tag: 273
16:57:45,068 | ERROR | FixApplication | FromApp field not found for tag: 273
16:57:46,066 | ERROR | FixApplication | FromApp field not found for tag: 273
16:57:46,162 | ERROR | FixApplication | FromApp field not found for tag: 273
16:57:46,166 | ERROR | FixApplication | FromApp field not found for tag: 273
16:57:47,162 | ERROR | FixApplication | FromApp field not found for tag: 273
16:57:47,164 | ERROR | FixApplication | FromApp field not found for tag: 273
17:00:13,766 | ERROR | FixApplication | FromApp field not found for tag: 52
17:00:13,768 | ERROR | FixApplication | FromApp field not found for tag: 52
17:00:13,770 | ERROR | FixApplication | FromApp field not found for tag: 52
17:00:14,243 | ERROR | FixApplication | FromApp field not found for tag: 52
17:00:15,344 | ERROR | FixApplication | FromApp field not found for tag: 52
17:00:16,346 | ERROR | FixApplication | FromApp field not found for tag: 52
17:00:16,348 | ERROR | FixApplication | FromApp field not found for tag: 52
17:00:16,349 | ERROR | FixApplication | FromApp field not found for tag: 52
17:00:17,345 | ERROR | FixApplication | FromApp field not found for tag: 52
17:02:11,956 | ERROR | FixApplication | FromApp field not found for tag: 273
17:02:11,959 | ERROR | FixApplication | FromApp field not found for tag: 273
17:02:11,961 | ERROR | FixApplication | FromApp field not found for tag: 273
17:02:12,634 | ERROR | FixApplication | FromApp field not found for tag: 273
17:02:12,637 | ERROR | FixApplication | FromApp field not found for tag: 273
17:02:13,234 | ERROR | FixApplication | FromApp field not found for tag: 273
17:02:13,737 | ERROR | FixApplication | FromApp field not found for tag: 273
17:02:13,739 | ERROR | FixApplication | FromApp field not found for tag: 273
17:02:13,741 | ERROR | FixApplication | FromApp field not found for tag: 273
17:02:14,735 | ERROR | FixApplication | FromApp field not found for tag: 273
17:02:14,835 | ERROR | FixApplication | FromApp field not found for tag: 273
17:02:15,836 | ERROR | FixApplication | FromApp field not found for tag: 273
17:02:15,838 | ERROR | FixApplication | FromApp field not found for tag: 273
17:02:16,937 | ERROR | FixApplication | FromApp field not found for tag: 273
17:02:16,944 | ERROR | FixApplication | FromApp field not found for tag: 273
17:02:16,946 | ERROR | FixApplication | FromApp field not found for tag: 273
17:02:17,942 | ERROR | FixApplication | FromApp field not found for tag: 273
17:02:17,944 | ERROR | FixApplication | FromApp field not found for tag: 273
17:02:17,946 | ERROR | FixApplication | FromApp field not found for tag: 273
17:02:19,039 | ERROR | FixApplication | FromApp field not found for tag: 273
17:02:19,041 | ERROR | FixApplication | FromApp field not found for tag: 273
17:02:19,044 | ERROR | FixApplication | FromApp field not found for tag: 273
17:02:20,037 | ERROR | FixApplication | FromApp field not found for tag: 273
17:02:20,040 | ERROR | FixApplication | FromApp field not found for tag: 273
17:02:20,139 | ERROR | FixApplication | FromApp field not found for tag: 273
17:02:20,141 | ERROR | FixApplication | FromApp field not found for tag: 273
17:02:21,138 | ERROR | FixApplication | FromApp field not found for tag: 273
17:02:21,141 | ERROR | FixApplication | FromApp field not found for tag: 273
17:02:22,139 | ERROR | FixApplication | FromApp field not found for tag: 273
17:02:22,241 | ERROR | FixApplication | FromApp field not found for tag: 273
17:02:22,243 | ERROR | FixApplication | FromApp field not found for tag: 273
17:02:23,240 | ERROR | FixApplication | FromApp field not found for tag: 273
17:02:23,242 | ERROR | FixApplication | FromApp field not found for tag: 273
17:02:23,244 | ERROR | FixApplication | FromApp field not found for tag: 273
17:02:24,340 | ERROR | FixApplication | FromApp field not found for tag: 273
17:02:24,342 | ERROR | FixApplication | FromApp field not found for tag: 273
17:02:24,345 | ERROR | FixApplication | FromApp field not found for tag: 273
17:02:25,345 | ERROR | FixApplication | FromApp field not found for tag: 273
17:02:25,347 | ERROR | FixApplication | FromApp field not found for tag: 273
17:02:25,442 | ERROR | FixApplication | FromApp field not found for tag: 273
17:02:26,442 | ERROR | FixApplication | FromApp field not found for tag: 273
17:02:26,444 | ERROR | FixApplication | FromApp field not found for tag: 273
17:02:26,447 | ERROR | FixApplication | FromApp field not found for tag: 273
17:02:27,443 | ERROR | FixApplication | FromApp field not found for tag: 273
17:02:27,447 | ERROR | FixApplication | FromApp field not found for tag: 273
17:02:27,542 | ERROR | FixApplication | FromApp field not found for tag: 273
17:02:28,546 | ERROR | FixApplication | FromApp field not found for tag: 273
17:02:28,548 | ERROR | FixApplication | FromApp field not found for tag: 273
17:02:29,568 | ERROR | FixApplication | FromApp field not found for tag: 273
17:02:29,646 | ERROR | FixApplication | FromApp field not found for tag: 273
17:02:29,648 | ERROR | FixApplication | FromApp field not found for tag: 273
17:02:31,188 | ERROR | FixApplication | FromApp field not found for tag: 273
17:02:31,191 | ERROR | FixApplication | FromApp field not found for tag: 273
17:02:31,193 | ERROR | FixApplication | FromApp field not found for tag: 273
17:02:32,124 | ERROR | FixApplication | FromApp field not found for tag: 273
17:02:32,126 | ERROR | FixApplication | FromApp field not found for tag: 273
17:02:33,570 | ERROR | FixApplication | FromApp field not found for tag: 273
17:02:33,573 | ERROR | FixApplication | FromApp field not found for tag: 273
17:02:33,771 | ERROR | FixApplication | FromApp field not found for tag: 273
17:02:34,367 | ERROR | FixApplication | FromApp field not found for tag: 273
17:02:34,369 | ERROR | FixApplication | FromApp field not found for tag: 273
17:02:34,487 | ERROR | FixApplication | FromApp field not found for tag: 273
17:02:35,080 | ERROR | FixApplication | FromApp field not found for tag: 273
17:02:35,083 | ERROR | FixApplication | FromApp field not found for tag: 273
17:02:35,287 | ERROR | FixApplication | FromApp field not found for tag: 273
17:02:36,284 | ERROR | FixApplication | FromApp field not found for tag: 273
17:02:36,286 | ERROR | FixApplication | FromApp field not found for tag: 273
17:02:36,289 | ERROR | FixApplication | FromApp field not found for tag: 273
17:02:37,526 | ERROR | FixApplication | FromApp field not found for tag: 273
17:02:37,529 | ERROR | FixApplication | FromApp field not found for tag: 273
17:02:38,370 | ERROR | FixApplication | FromApp field not found for tag: 273
17:02:38,373 | ERROR | FixApplication | FromApp field not found for tag: 273
17:02:38,375 | ERROR | FixApplication | FromApp field not found for tag: 273
17:02:39,415 | ERROR | FixApplication | FromApp field not found for tag: 273
17:02:39,417 | ERROR | FixApplication | FromApp field not found for tag: 273
17:02:39,420 | ERROR | FixApplication | FromApp field not found for tag: 273
17:02:40,210 | ERROR | FixApplication | FromApp field not found for tag: 273
17:02:40,304 | ERROR | FixApplication | FromApp field not found for tag: 273
17:02:41,314 | ERROR | FixApplication | FromApp field not found for tag: 273
17:02:41,317 | ERROR | FixApplication | FromApp field not found for tag: 273
17:02:41,319 | ERROR | FixApplication | FromApp field not found for tag: 273
17:02:42,250 | ERROR | FixApplication | FromApp field not found for tag: 273
17:02:42,354 | ERROR | FixApplication | FromApp field not found for tag: 273
17:02:43,351 | ERROR | FixApplication | FromApp field not found for tag: 273
17:02:43,353 | ERROR | FixApplication | FromApp field not found for tag: 273
17:02:43,356 | ERROR | FixApplication | FromApp field not found for tag: 273
17:02:44,352 | ERROR | FixApplication | FromApp field not found for tag: 273
17:02:44,451 | ERROR | FixApplication | FromApp field not found for tag: 273
17:02:44,454 | ERROR | FixApplication | FromApp field not found for tag: 273
17:02:45,454 | ERROR | FixApplication | FromApp field not found for tag: 273
17:02:45,456 | ERROR | FixApplication | FromApp field not found for tag: 273
17:02:46,553 | ERROR | FixApplication | FromApp field not found for tag: 273
17:02:46,556 | ERROR | FixApplication | FromApp field not found for tag: 273
17:02:47,553 | ERROR | FixApplication | FromApp field not found for tag: 273
17:02:47,556 | ERROR | FixApplication | FromApp field not found for tag: 273
17:02:47,653 | ERROR | FixApplication | FromApp field not found for tag: 273
17:02:48,654 | ERROR | FixApplication | FromApp field not found for tag: 273
17:02:48,656 | ERROR | FixApplication | FromApp field not found for tag: 273
17:02:48,660 | ERROR | FixApplication | FromApp field not found for tag: 273
17:02:49,154 | ERROR | FixApplication | FromApp field not found for tag: 273
17:02:49,655 | ERROR | FixApplication | FromApp field not found for tag: 273
17:02:49,658 | ERROR | FixApplication | FromApp field not found for tag: 273
17:02:49,754 | ERROR | FixApplication | FromApp field not found for tag: 273
17:02:50,755 | ERROR | FixApplication | FromApp field not found for tag: 273
17:02:50,757 | ERROR | FixApplication | FromApp field not found for tag: 273
17:02:50,760 | ERROR | FixApplication | FromApp field not found for tag: 273
17:02:51,754 | ERROR | FixApplication | FromApp field not found for tag: 273
17:02:51,855 | ERROR | FixApplication | FromApp field not found for tag: 273
17:02:51,858 | ERROR | FixApplication | FromApp field not found for tag: 273
17:02:52,856 | ERROR | FixApplication | FromApp field not found for tag: 273
17:02:52,858 | ERROR | FixApplication | FromApp field not found for tag: 273
17:02:52,860 | ERROR | FixApplication | FromApp field not found for tag: 273
17:02:53,956 | ERROR | FixApplication | FromApp field not found for tag: 273
17:02:53,958 | ERROR | FixApplication | FromApp field not found for tag: 273
17:02:54,956 | ERROR | FixApplication | FromApp field not found for tag: 273
17:02:54,960 | ERROR | FixApplication | FromApp field not found for tag: 273
17:02:55,057 | ERROR | FixApplication | FromApp field not found for tag: 273
17:02:56,057 | ERROR | FixApplication | FromApp field not found for tag: 273
17:02:56,059 | ERROR | FixApplication | FromApp field not found for tag: 273
17:02:56,061 | ERROR | FixApplication | FromApp field not found for tag: 273
17:02:57,060 | ERROR | FixApplication | FromApp field not found for tag: 273
17:02:57,063 | ERROR | FixApplication | FromApp field not found for tag: 273
17:02:57,160 | ERROR | FixApplication | FromApp field not found for tag: 273
17:02:57,659 | ERROR | FixApplication | FromApp field not found for tag: 273
17:02:57,661 | ERROR | FixApplication | FromApp field not found for tag: 273
17:02:57,664 | ERROR | FixApplication | FromApp field not found for tag: 273
17:02:58,159 | ERROR | FixApplication | FromApp field not found for tag: 273
17:02:58,161 | ERROR | FixApplication | FromApp field not found for tag: 273
17:02:59,260 | ERROR | FixApplication | FromApp field not found for tag: 273
17:02:59,262 | ERROR | FixApplication | FromApp field not found for tag: 273
17:03:00,261 | ERROR | FixApplication | FromApp field not found for tag: 273
17:03:00,264 | ERROR | FixApplication | FromApp field not found for tag: 273
17:03:00,267 | ERROR | FixApplication | FromApp field not found for tag: 273
17:03:01,361 | ERROR | FixApplication | FromApp field not found for tag: 273
17:03:01,363 | ERROR | FixApplication | FromApp field not found for tag: 273
17:03:01,365 | ERROR | FixApplication | FromApp field not found for tag: 273
17:03:02,361 | ERROR | FixApplication | FromApp field not found for tag: 273
17:03:03,462 | ERROR | FixApplication | FromApp field not found for tag: 273
17:03:03,464 | ERROR | FixApplication | FromApp field not found for tag: 273
17:03:03,467 | ERROR | FixApplication | FromApp field not found for tag: 273
17:03:04,463 | ERROR | FixApplication | FromApp field not found for tag: 273
17:03:04,565 | ERROR | FixApplication | FromApp field not found for tag: 273
17:03:04,567 | ERROR | FixApplication | FromApp field not found for tag: 273
17:03:05,563 | ERROR | FixApplication | FromApp field not found for tag: 273
17:03:05,568 | ERROR | FixApplication | FromApp field not found for tag: 273
17:03:05,570 | ERROR | FixApplication | FromApp field not found for tag: 273
17:03:06,565 | ERROR | FixApplication | FromApp field not found for tag: 273
17:03:06,667 | ERROR | FixApplication | FromApp field not found for tag: 273
17:03:07,663 | ERROR | FixApplication | FromApp field not found for tag: 273
17:03:07,665 | ERROR | FixApplication | FromApp field not found for tag: 273
17:03:07,668 | ERROR | FixApplication | FromApp field not found for tag: 273
17:03:08,764 | ERROR | FixApplication | FromApp field not found for tag: 273
17:03:08,768 | ERROR | FixApplication | FromApp field not found for tag: 273
17:03:08,771 | ERROR | FixApplication | FromApp field not found for tag: 273
17:03:09,765 | ERROR | FixApplication | FromApp field not found for tag: 273
17:03:09,873 | ERROR | FixApplication | FromApp field not found for tag: 273
17:03:10,865 | ERROR | FixApplication | FromApp field not found for tag: 273
17:03:10,869 | ERROR | FixApplication | FromApp field not found for tag: 273
17:03:10,871 | ERROR | FixApplication | FromApp field not found for tag: 273
17:03:11,866 | ERROR | FixApplication | FromApp field not found for tag: 273
17:03:11,868 | ERROR | FixApplication | FromApp field not found for tag: 273
17:03:11,966 | ERROR | FixApplication | FromApp field not found for tag: 273
17:03:12,968 | ERROR | FixApplication | FromApp field not found for tag: 273
17:03:12,970 | ERROR | FixApplication | FromApp field not found for tag: 273
17:03:12,972 | ERROR | FixApplication | FromApp field not found for tag: 273
17:03:13,967 | ERROR | FixApplication | FromApp field not found for tag: 273
17:03:14,068 | ERROR | FixApplication | FromApp field not found for tag: 273
17:03:14,071 | ERROR | FixApplication | FromApp field not found for tag: 273
17:03:15,070 | ERROR | FixApplication | FromApp field not found for tag: 273
17:03:15,073 | ERROR | FixApplication | FromApp field not found for tag: 273
17:03:15,075 | ERROR | FixApplication | FromApp field not found for tag: 273
17:03:16,169 | ERROR | FixApplication | FromApp field not found for tag: 273
17:03:16,172 | ERROR | FixApplication | FromApp field not found for tag: 273
17:03:16,174 | ERROR | FixApplication | FromApp field not found for tag: 273
17:03:17,169 | ERROR | FixApplication | FromApp field not found for tag: 273
17:03:17,172 | ERROR | FixApplication | FromApp field not found for tag: 273
17:03:17,269 | ERROR | FixApplication | FromApp field not found for tag: 273
17:03:17,470 | ERROR | FixApplication | FromApp field not found for tag: 273
17:03:18,270 | ERROR | FixApplication | FromApp field not found for tag: 273
17:03:18,273 | ERROR | FixApplication | FromApp field not found for tag: 273
17:03:18,275 | ERROR | FixApplication | FromApp field not found for tag: 273
17:03:19,273 | ERROR | FixApplication | FromApp field not found for tag: 273
17:03:19,371 | ERROR | FixApplication | FromApp field not found for tag: 273
17:03:19,373 | ERROR | FixApplication | FromApp field not found for tag: 273
17:03:20,372 | ERROR | FixApplication | FromApp field not found for tag: 273
17:03:20,374 | ERROR | FixApplication | FromApp field not found for tag: 273
17:03:20,377 | ERROR | FixApplication | FromApp field not found for tag: 273
17:03:21,472 | ERROR | FixApplication | FromApp field not found for tag: 273
17:03:21,475 | ERROR | FixApplication | FromApp field not found for tag: 273
17:03:22,472 | ERROR | FixApplication | FromApp field not found for tag: 273
17:03:22,475 | ERROR | FixApplication | FromApp field not found for tag: 273
17:03:22,477 | ERROR | FixApplication | FromApp field not found for tag: 273
17:03:23,574 | ERROR | FixApplication | FromApp field not found for tag: 273
17:03:23,576 | ERROR | FixApplication | FromApp field not found for tag: 273
17:03:24,573 | ERROR | FixApplication | FromApp field not found for tag: 273
17:03:24,575 | ERROR | FixApplication | FromApp field not found for tag: 273
17:03:24,673 | ERROR | FixApplication | FromApp field not found for tag: 273
17:03:25,674 | ERROR | FixApplication | FromApp field not found for tag: 273
17:03:25,676 | ERROR | FixApplication | FromApp field not found for tag: 273
17:03:25,678 | ERROR | FixApplication | FromApp field not found for tag: 273
17:03:26,675 | ERROR | FixApplication | FromApp field not found for tag: 273
17:03:26,775 | ERROR | FixApplication | FromApp field not found for tag: 273
17:03:26,777 | ERROR | FixApplication | FromApp field not found for tag: 273
17:03:27,778 | ERROR | FixApplication | FromApp field not found for tag: 273
17:03:27,781 | ERROR | FixApplication | FromApp field not found for tag: 273
17:03:27,783 | ERROR | FixApplication | FromApp field not found for tag: 273
17:03:28,776 | ERROR | FixApplication | FromApp field not found for tag: 273
17:03:28,876 | ERROR | FixApplication | FromApp field not found for tag: 273
17:03:28,879 | ERROR | FixApplication | FromApp field not found for tag: 273
17:03:29,876 | ERROR | FixApplication | FromApp field not found for tag: 273
17:03:29,879 | ERROR | FixApplication | FromApp field not found for tag: 273
17:03:29,881 | ERROR | FixApplication | FromApp field not found for tag: 273
17:03:30,978 | ERROR | FixApplication | FromApp field not found for tag: 273
17:03:30,980 | ERROR | FixApplication | FromApp field not found for tag: 273
17:03:30,982 | ERROR | FixApplication | FromApp field not found for tag: 273
17:03:31,978 | ERROR | FixApplication | FromApp field not found for tag: 273
17:03:31,982 | ERROR | FixApplication | FromApp field not found for tag: 273
17:03:32,078 | ERROR | FixApplication | FromApp field not found for tag: 273
17:03:33,078 | ERROR | FixApplication | FromApp field not found for tag: 273
17:03:33,081 | ERROR | FixApplication | FromApp field not found for tag: 273
17:03:33,083 | ERROR | FixApplication | FromApp field not found for tag: 273
17:03:34,079 | ERROR | FixApplication | FromApp field not found for tag: 273
17:03:34,179 | ERROR | FixApplication | FromApp field not found for tag: 273
17:03:34,181 | ERROR | FixApplication | FromApp field not found for tag: 273
17:03:35,188 | ERROR | FixApplication | FromApp field not found for tag: 273
17:03:35,191 | ERROR | FixApplication | FromApp field not found for tag: 273
17:03:36,280 | ERROR | FixApplication | FromApp field not found for tag: 273
17:03:36,282 | ERROR | FixApplication | FromApp field not found for tag: 273
17:03:37,281 | ERROR | FixApplication | FromApp field not found for tag: 273
17:03:37,284 | ERROR | FixApplication | FromApp field not found for tag: 273
17:03:37,286 | ERROR | FixApplication | FromApp field not found for tag: 273
17:03:38,384 | ERROR | FixApplication | FromApp field not found for tag: 273
17:03:38,386 | ERROR | FixApplication | FromApp field not found for tag: 273
17:03:38,389 | ERROR | FixApplication | FromApp field not found for tag: 273
17:03:39,381 | ERROR | FixApplication | FromApp field not found for tag: 273
17:03:39,384 | ERROR | FixApplication | FromApp field not found for tag: 273
17:03:39,482 | ERROR | FixApplication | FromApp field not found for tag: 273
17:03:40,482 | ERROR | FixApplication | FromApp field not found for tag: 273
17:03:40,484 | ERROR | FixApplication | FromApp field not found for tag: 273
17:03:40,487 | ERROR | FixApplication | FromApp field not found for tag: 273
17:03:41,483 | ERROR | FixApplication | FromApp field not found for tag: 273
17:03:41,585 | ERROR | FixApplication | FromApp field not found for tag: 273
17:03:41,588 | ERROR | FixApplication | FromApp field not found for tag: 273
17:03:42,584 | ERROR | FixApplication | FromApp field not found for tag: 273
17:03:42,587 | ERROR | FixApplication | FromApp field not found for tag: 273
17:03:43,685 | ERROR | FixApplication | FromApp field not found for tag: 273
17:03:43,687 | ERROR | FixApplication | FromApp field not found for tag: 273
17:03:44,686 | ERROR | FixApplication | FromApp field not found for tag: 273
17:03:44,689 | ERROR | FixApplication | FromApp field not found for tag: 273
17:03:44,691 | ERROR | FixApplication | FromApp field not found for tag: 273
17:03:45,786 | ERROR | FixApplication | FromApp field not found for tag: 273
17:03:45,788 | ERROR | FixApplication | FromApp field not found for tag: 273
17:03:46,186 | ERROR | FixApplication | FromApp field not found for tag: 273
17:03:46,786 | ERROR | FixApplication | FromApp field not found for tag: 273
17:03:46,789 | ERROR | FixApplication | FromApp field not found for tag: 273
17:03:46,886 | ERROR | FixApplication | FromApp field not found for tag: 273
17:03:47,887 | ERROR | FixApplication | FromApp field not found for tag: 273
17:03:47,891 | ERROR | FixApplication | FromApp field not found for tag: 273
17:03:47,894 | ERROR | FixApplication | FromApp field not found for tag: 273
17:03:48,989 | ERROR | FixApplication | FromApp field not found for tag: 273
17:03:48,991 | ERROR | FixApplication | FromApp field not found for tag: 273
17:03:49,988 | ERROR | FixApplication | FromApp field not found for tag: 273
17:03:49,990 | ERROR | FixApplication | FromApp field not found for tag: 273
17:03:51,089 | ERROR | FixApplication | FromApp field not found for tag: 273
17:03:51,091 | ERROR | FixApplication | FromApp field not found for tag: 273
17:03:52,088 | ERROR | FixApplication | FromApp field not found for tag: 273
17:03:52,189 | ERROR | FixApplication | FromApp field not found for tag: 273
17:03:53,189 | ERROR | FixApplication | FromApp field not found for tag: 273
17:03:53,194 | ERROR | FixApplication | FromApp field not found for tag: 273
17:03:53,196 | ERROR | FixApplication | FromApp field not found for tag: 273
17:03:54,190 | ERROR | FixApplication | FromApp field not found for tag: 273
17:03:54,193 | ERROR | FixApplication | FromApp field not found for tag: 273
17:03:54,289 | ERROR | FixApplication | FromApp field not found for tag: 273
17:03:55,290 | ERROR | FixApplication | FromApp field not found for tag: 273
17:03:55,292 | ERROR | FixApplication | FromApp field not found for tag: 273
17:03:55,295 | ERROR | FixApplication | FromApp field not found for tag: 273
17:03:56,392 | ERROR | FixApplication | FromApp field not found for tag: 273
17:03:56,395 | ERROR | FixApplication | FromApp field not found for tag: 273
17:03:57,392 | ERROR | FixApplication | FromApp field not found for tag: 273
17:03:57,394 | ERROR | FixApplication | FromApp field not found for tag: 273
17:03:57,396 | ERROR | FixApplication | FromApp field not found for tag: 273
17:03:57,592 | ERROR | FixApplication | FromApp field not found for tag: 273
17:03:57,594 | ERROR | FixApplication | FromApp field not found for tag: 273
17:03:57,596 | ERROR | FixApplication | FromApp field not found for tag: 273
17:03:58,498 | ERROR | FixApplication | FromApp field not found for tag: 273
17:03:58,501 | ERROR | FixApplication | FromApp field not found for tag: 273
17:03:58,504 | ERROR | FixApplication | FromApp field not found for tag: 273
17:03:59,493 | ERROR | FixApplication | FromApp field not found for tag: 273
17:03:59,495 | ERROR | FixApplication | FromApp field not found for tag: 273
17:03:59,593 | ERROR | FixApplication | FromApp field not found for tag: 273
17:04:00,594 | ERROR | FixApplication | FromApp field not found for tag: 273
17:04:00,596 | ERROR | FixApplication | FromApp field not found for tag: 273
17:04:01,694 | ERROR | FixApplication | FromApp field not found for tag: 273
17:04:01,697 | ERROR | FixApplication | FromApp field not found for tag: 273
17:04:02,697 | ERROR | FixApplication | FromApp field not found for tag: 273
17:04:02,699 | ERROR | FixApplication | FromApp field not found for tag: 273
17:04:02,701 | ERROR | FixApplication | FromApp field not found for tag: 273
17:04:03,696 | ERROR | FixApplication | FromApp field not found for tag: 273
17:04:03,795 | ERROR | FixApplication | FromApp field not found for tag: 273
17:04:04,796 | ERROR | FixApplication | FromApp field not found for tag: 273
17:04:04,798 | ERROR | FixApplication | FromApp field not found for tag: 273
17:04:04,801 | ERROR | FixApplication | FromApp field not found for tag: 273
17:04:05,896 | ERROR | FixApplication | FromApp field not found for tag: 273
17:04:05,899 | ERROR | FixApplication | FromApp field not found for tag: 273
17:04:05,901 | ERROR | FixApplication | FromApp field not found for tag: 273
17:04:06,896 | ERROR | FixApplication | FromApp field not found for tag: 273
17:04:06,899 | ERROR | FixApplication | FromApp field not found for tag: 273
17:04:06,998 | ERROR | FixApplication | FromApp field not found for tag: 273
17:04:07,997 | ERROR | FixApplication | FromApp field not found for tag: 273
17:04:07,999 | ERROR | FixApplication | FromApp field not found for tag: 273
17:04:08,002 | ERROR | FixApplication | FromApp field not found for tag: 273
17:04:08,997 | ERROR | FixApplication | FromApp field not found for tag: 273
17:04:09,098 | ERROR | FixApplication | FromApp field not found for tag: 273
17:04:09,100 | ERROR | FixApplication | FromApp field not found for tag: 273
17:04:10,100 | ERROR | FixApplication | FromApp field not found for tag: 273
17:04:10,102 | ERROR | FixApplication | FromApp field not found for tag: 273
17:04:10,104 | ERROR | FixApplication | FromApp field not found for tag: 273
17:04:11,197 | ERROR | FixApplication | FromApp field not found for tag: 273
17:04:11,200 | ERROR | FixApplication | FromApp field not found for tag: 273
17:04:12,199 | ERROR | FixApplication | FromApp field not found for tag: 273
17:04:12,202 | ERROR | FixApplication | FromApp field not found for tag: 273
17:04:12,204 | ERROR | FixApplication | FromApp field not found for tag: 273
17:04:13,302 | ERROR | FixApplication | FromApp field not found for tag: 273
17:04:13,304 | ERROR | FixApplication | FromApp field not found for tag: 273
17:04:13,306 | ERROR | FixApplication | FromApp field not found for tag: 273
17:04:14,301 | ERROR | FixApplication | FromApp field not found for tag: 273
17:04:14,304 | ERROR | FixApplication | FromApp field not found for tag: 273
17:04:14,402 | ERROR | FixApplication | FromApp field not found for tag: 273
17:04:15,401 | ERROR | FixApplication | FromApp field not found for tag: 273
17:04:15,403 | ERROR | FixApplication | FromApp field not found for tag: 273
17:04:15,405 | ERROR | FixApplication | FromApp field not found for tag: 273
17:04:16,503 | ERROR | FixApplication | FromApp field not found for tag: 273
17:04:16,505 | ERROR | FixApplication | FromApp field not found for tag: 273
17:04:17,503 | ERROR | FixApplication | FromApp field not found for tag: 273
17:04:17,505 | ERROR | FixApplication | FromApp field not found for tag: 273
17:04:17,507 | ERROR | FixApplication | FromApp field not found for tag: 273
17:04:18,503 | ERROR | FixApplication | FromApp field not found for tag: 273
17:04:18,603 | ERROR | FixApplication | FromApp field not found for tag: 273
17:04:18,605 | ERROR | FixApplication | FromApp field not found for tag: 273
17:04:19,606 | ERROR | FixApplication | FromApp field not found for tag: 273
17:04:19,609 | ERROR | FixApplication | FromApp field not found for tag: 273
17:04:19,611 | ERROR | FixApplication | FromApp field not found for tag: 273
17:04:20,705 | ERROR | FixApplication | FromApp field not found for tag: 273
17:04:20,708 | ERROR | FixApplication | FromApp field not found for tag: 273
17:04:20,710 | ERROR | FixApplication | FromApp field not found for tag: 273
17:04:21,704 | ERROR | FixApplication | FromApp field not found for tag: 273
17:04:21,805 | ERROR | FixApplication | FromApp field not found for tag: 273
17:04:22,805 | ERROR | FixApplication | FromApp field not found for tag: 273
17:04:22,808 | ERROR | FixApplication | FromApp field not found for tag: 273
17:04:22,810 | ERROR | FixApplication | FromApp field not found for tag: 273
17:05:39,834 | ERROR | FixApplication | FromApp field not found for tag: 273
17:05:39,835 | ERROR | FixApplication | FromApp field not found for tag: 273
17:05:39,837 | ERROR | FixApplication | FromApp field not found for tag: 273
17:05:40,010 | ERROR | FixApplication | FromApp field not found for tag: 273
17:05:40,012 | ERROR | FixApplication | FromApp field not found for tag: 273
17:05:41,011 | ERROR | FixApplication | FromApp field not found for tag: 273
17:05:41,110 | ERROR | FixApplication | FromApp field not found for tag: 273
17:05:41,112 | ERROR | FixApplication | FromApp field not found for tag: 273
17:05:42,112 | ERROR | FixApplication | FromApp field not found for tag: 273
17:05:42,114 | ERROR | FixApplication | FromApp field not found for tag: 273
17:05:42,116 | ERROR | FixApplication | FromApp field not found for tag: 273
17:05:43,216 | ERROR | FixApplication | FromApp field not found for tag: 273
17:05:44,212 | ERROR | FixApplication | FromApp field not found for tag: 273
17:05:44,214 | ERROR | FixApplication | FromApp field not found for tag: 273
17:05:44,313 | ERROR | FixApplication | FromApp field not found for tag: 273
17:05:45,313 | ERROR | FixApplication | FromApp field not found for tag: 273
17:05:45,317 | ERROR | FixApplication | FromApp field not found for tag: 273
17:05:46,313 | ERROR | FixApplication | FromApp field not found for tag: 273
17:05:46,413 | ERROR | FixApplication | FromApp field not found for tag: 273
17:05:46,415 | ERROR | FixApplication | FromApp field not found for tag: 273
17:05:47,414 | ERROR | FixApplication | FromApp field not found for tag: 273
17:05:47,416 | ERROR | FixApplication | FromApp field not found for tag: 273
17:05:47,418 | ERROR | FixApplication | FromApp field not found for tag: 273
17:05:48,414 | ERROR | FixApplication | FromApp field not found for tag: 273
17:05:48,514 | ERROR | FixApplication | FromApp field not found for tag: 273
17:05:48,516 | ERROR | FixApplication | FromApp field not found for tag: 273
17:05:49,515 | ERROR | FixApplication | FromApp field not found for tag: 273
17:05:49,520 | ERROR | FixApplication | FromApp field not found for tag: 273
17:05:49,522 | ERROR | FixApplication | FromApp field not found for tag: 273
17:11:09,454 | ERROR | FixApplication | FromApp field not found for tag: 272
17:11:09,456 | ERROR | FixApplication | FromApp field not found for tag: 272
17:11:09,457 | ERROR | FixApplication | FromApp field not found for tag: 272
17:11:10,131 | ERROR | FixApplication | FromApp field not found for tag: 272
17:11:10,133 | ERROR | FixApplication | FromApp field not found for tag: 272
17:11:10,134 | ERROR | FixApplication | FromApp field not found for tag: 272
17:11:11,131 | ERROR | FixApplication | FromApp field not found for tag: 272
17:11:11,231 | ERROR | FixApplication | FromApp field not found for tag: 272
17:11:12,231 | ERROR | FixApplication | FromApp field not found for tag: 272
17:11:12,237 | ERROR | FixApplication | FromApp field not found for tag: 272
17:11:12,240 | ERROR | FixApplication | FromApp field not found for tag: 272
17:11:13,232 | ERROR | FixApplication | FromApp field not found for tag: 272
17:11:13,332 | ERROR | FixApplication | FromApp field not found for tag: 272
17:11:14,333 | ERROR | FixApplication | FromApp field not found for tag: 272
17:11:14,335 | ERROR | FixApplication | FromApp field not found for tag: 272
17:11:14,337 | ERROR | FixApplication | FromApp field not found for tag: 272
17:11:15,434 | ERROR | FixApplication | FromApp field not found for tag: 272
17:11:15,436 | ERROR | FixApplication | FromApp field not found for tag: 272
17:11:16,436 | ERROR | FixApplication | FromApp field not found for tag: 272
17:11:17,535 | ERROR | FixApplication | FromApp field not found for tag: 272
17:11:18,536 | ERROR | FixApplication | FromApp field not found for tag: 272
17:11:18,635 | ERROR | FixApplication | FromApp field not found for tag: 272
17:11:19,637 | ERROR | FixApplication | FromApp field not found for tag: 272
17:11:19,639 | ERROR | FixApplication | FromApp field not found for tag: 272
17:11:19,640 | ERROR | FixApplication | FromApp field not found for tag: 272
17:11:41,814 | ERROR | FixApplication | FromApp field not found for tag: 273
17:11:41,816 | ERROR | FixApplication | FromApp field not found for tag: 273
17:11:41,818 | ERROR | FixApplication | FromApp field not found for tag: 273
17:11:41,892 | ERROR | FixApplication | FromApp field not found for tag: 273
17:11:42,892 | ERROR | FixApplication | FromApp field not found for tag: 273
17:11:42,893 | ERROR | FixApplication | FromApp field not found for tag: 273
17:11:43,993 | ERROR | FixApplication | FromApp field not found for tag: 273
17:11:43,994 | ERROR | FixApplication | FromApp field not found for tag: 273
17:11:43,996 | ERROR | FixApplication | FromApp field not found for tag: 273
17:11:44,994 | ERROR | FixApplication | FromApp field not found for tag: 273
17:11:45,095 | ERROR | FixApplication | FromApp field not found for tag: 273
17:11:46,094 | ERROR | FixApplication | FromApp field not found for tag: 273
17:11:46,096 | ERROR | FixApplication | FromApp field not found for tag: 273
17:11:46,097 | ERROR | FixApplication | FromApp field not found for tag: 273
17:11:47,096 | ERROR | FixApplication | FromApp field not found for tag: 273
17:11:47,195 | ERROR | FixApplication | FromApp field not found for tag: 273
17:11:47,197 | ERROR | FixApplication | FromApp field not found for tag: 273
17:11:48,195 | ERROR | FixApplication | FromApp field not found for tag: 273
17:11:48,197 | ERROR | FixApplication | FromApp field not found for tag: 273
17:11:49,296 | ERROR | FixApplication | FromApp field not found for tag: 273
17:11:49,300 | ERROR | FixApplication | FromApp field not found for tag: 273
17:17:09,048 | ERROR | FixApplication | FromApp field not found for tag: 268
17:17:09,050 | ERROR | FixApplication | FromApp field not found for tag: 268
17:17:09,052 | ERROR | FixApplication | FromApp field not found for tag: 268
17:17:09,204 | ERROR | FixApplication | FromApp field not found for tag: 268
17:17:09,206 | ERROR | FixApplication | FromApp field not found for tag: 268
17:17:09,207 | ERROR | FixApplication | FromApp field not found for tag: 268
17:17:10,075 | ERROR | FixApplication | FromApp field not found for tag: 268
17:17:12,060 | ERROR | FixApplication | FromApp field not found for tag: 268
17:17:12,966 | ERROR | FixApplication | FromApp field not found for tag: 268
17:17:15,107 | ERROR | FixApplication | FromApp field not found for tag: 268
17:17:15,109 | ERROR | FixApplication | FromApp field not found for tag: 268
17:17:15,110 | ERROR | FixApplication | FromApp field not found for tag: 268
17:17:16,429 | ERROR | FixApplication | FromApp field not found for tag: 268
17:17:16,430 | ERROR | FixApplication | FromApp field not found for tag: 268
17:17:16,432 | ERROR | FixApplication | FromApp field not found for tag: 268
17:17:17,364 | ERROR | FixApplication | FromApp field not found for tag: 268
17:17:17,423 | ERROR | FixApplication | FromApp field not found for tag: 268
17:17:19,536 | ERROR | FixApplication | FromApp field not found for tag: 268
17:17:20,671 | ERROR | FixApplication | FromApp field not found for tag: 268
17:17:20,673 | ERROR | FixApplication | FromApp field not found for tag: 268
17:17:20,677 | ERROR | FixApplication | FromApp field not found for tag: 268
17:17:21,573 | ERROR | FixApplication | FromApp field not found for tag: 268
17:17:21,575 | ERROR | FixApplication | FromApp field not found for tag: 268
17:17:22,596 | ERROR | FixApplication | FromApp field not found for tag: 268
17:17:22,597 | ERROR | FixApplication | FromApp field not found for tag: 268
17:17:23,706 | ERROR | FixApplication | FromApp field not found for tag: 268
17:17:23,708 | ERROR | FixApplication | FromApp field not found for tag: 268
17:17:23,709 | ERROR | FixApplication | FromApp field not found for tag: 268
17:17:24,792 | ERROR | FixApplication | FromApp field not found for tag: 268
17:17:25,934 | ERROR | FixApplication | FromApp field not found for tag: 268
17:17:25,936 | ERROR | FixApplication | FromApp field not found for tag: 268
17:17:26,807 | ERROR | FixApplication | FromApp field not found for tag: 268
17:17:27,074 | ERROR | FixApplication | FromApp field not found for tag: 268
17:17:27,296 | ERROR | FixApplication | FromApp field not found for tag: 268
17:17:27,776 | ERROR | FixApplication | FromApp field not found for tag: 268
17:17:27,777 | ERROR | FixApplication | FromApp field not found for tag: 268
17:17:27,779 | ERROR | FixApplication | FromApp field not found for tag: 268
17:17:29,107 | ERROR | FixApplication | FromApp field not found for tag: 268
17:17:29,174 | ERROR | FixApplication | FromApp field not found for tag: 268
17:17:29,176 | ERROR | FixApplication | FromApp field not found for tag: 268
17:17:30,172 | ERROR | FixApplication | FromApp field not found for tag: 268
17:17:30,820 | ERROR | FixApplication | FromApp field not found for tag: 268
17:17:31,299 | ERROR | FixApplication | FromApp field not found for tag: 268
17:17:31,301 | ERROR | FixApplication | FromApp field not found for tag: 268
17:17:32,338 | ERROR | FixApplication | FromApp field not found for tag: 268
17:17:32,339 | ERROR | FixApplication | FromApp field not found for tag: 268
17:17:33,081 | ERROR | FixApplication | FromApp field not found for tag: 268
17:17:33,083 | ERROR | FixApplication | FromApp field not found for tag: 268
17:17:33,084 | ERROR | FixApplication | FromApp field not found for tag: 268
17:17:34,180 | ERROR | FixApplication | FromApp field not found for tag: 268
17:17:34,182 | ERROR | FixApplication | FromApp field not found for tag: 268
17:17:35,180 | ERROR | FixApplication | FromApp field not found for tag: 268
17:17:35,183 | ERROR | FixApplication | FromApp field not found for tag: 268
17:17:36,182 | ERROR | FixApplication | FromApp field not found for tag: 268
17:17:36,282 | ERROR | FixApplication | FromApp field not found for tag: 268
17:17:36,293 | ERROR | FixApplication | FromApp field not found for tag: 268
17:17:37,282 | ERROR | FixApplication | FromApp field not found for tag: 268
17:17:37,284 | ERROR | FixApplication | FromApp field not found for tag: 268
17:17:37,285 | ERROR | FixApplication | FromApp field not found for tag: 268
17:17:38,382 | ERROR | FixApplication | FromApp field not found for tag: 268
17:17:38,384 | ERROR | FixApplication | FromApp field not found for tag: 268
17:17:38,386 | ERROR | FixApplication | FromApp field not found for tag: 268
17:17:39,382 | ERROR | FixApplication | FromApp field not found for tag: 268
17:17:39,482 | ERROR | FixApplication | FromApp field not found for tag: 268
17:17:40,282 | ERROR | FixApplication | FromApp field not found for tag: 268
17:17:40,483 | ERROR | FixApplication | FromApp field not found for tag: 268
17:17:40,485 | ERROR | FixApplication | FromApp field not found for tag: 268
17:17:40,487 | ERROR | FixApplication | FromApp field not found for tag: 268
17:17:41,609 | ERROR | FixApplication | FromApp field not found for tag: 268
17:17:42,583 | ERROR | FixApplication | FromApp field not found for tag: 268
17:17:43,704 | ERROR | FixApplication | FromApp field not found for tag: 268
17:17:43,705 | ERROR | FixApplication | FromApp field not found for tag: 268
17:17:44,687 | ERROR | FixApplication | FromApp field not found for tag: 268
17:17:45,787 | ERROR | FixApplication | FromApp field not found for tag: 268
17:17:45,789 | ERROR | FixApplication | FromApp field not found for tag: 268
17:17:45,790 | ERROR | FixApplication | FromApp field not found for tag: 268
17:17:46,787 | ERROR | FixApplication | FromApp field not found for tag: 268
17:17:47,887 | ERROR | FixApplication | FromApp field not found for tag: 268
17:17:47,888 | ERROR | FixApplication | FromApp field not found for tag: 268
17:17:47,890 | ERROR | FixApplication | FromApp field not found for tag: 268
17:17:48,888 | ERROR | FixApplication | FromApp field not found for tag: 268
17:17:49,988 | ERROR | FixApplication | FromApp field not found for tag: 268
17:17:49,990 | ERROR | FixApplication | FromApp field not found for tag: 268
17:17:49,991 | ERROR | FixApplication | FromApp field not found for tag: 268
17:17:50,991 | ERROR | FixApplication | FromApp field not found for tag: 268
17:17:51,089 | ERROR | FixApplication | FromApp field not found for tag: 268
17:17:51,090 | ERROR | FixApplication | FromApp field not found for tag: 268
17:17:52,089 | ERROR | FixApplication | FromApp field not found for tag: 268
17:17:52,091 | ERROR | FixApplication | FromApp field not found for tag: 268
17:17:54,192 | ERROR | FixApplication | FromApp field not found for tag: 268
17:17:54,291 | ERROR | FixApplication | FromApp field not found for tag: 268
17:17:55,292 | ERROR | FixApplication | FromApp field not found for tag: 268
17:17:57,094 | ERROR | FixApplication | FromApp field not found for tag: 268
17:17:57,394 | ERROR | FixApplication | FromApp field not found for tag: 268
17:17:57,395 | ERROR | FixApplication | FromApp field not found for tag: 268
17:17:57,598 | ERROR | FixApplication | FromApp field not found for tag: 268
17:17:57,600 | ERROR | FixApplication | FromApp field not found for tag: 268
17:17:57,601 | ERROR | FixApplication | FromApp field not found for tag: 268
17:17:58,396 | ERROR | FixApplication | FromApp field not found for tag: 268
17:17:58,496 | ERROR | FixApplication | FromApp field not found for tag: 268
17:17:58,498 | ERROR | FixApplication | FromApp field not found for tag: 268
17:17:59,495 | ERROR | FixApplication | FromApp field not found for tag: 268
17:17:59,497 | ERROR | FixApplication | FromApp field not found for tag: 268
17:17:59,499 | ERROR | FixApplication | FromApp field not found for tag: 268
17:18:00,496 | ERROR | FixApplication | FromApp field not found for tag: 268
17:18:00,600 | ERROR | FixApplication | FromApp field not found for tag: 268
17:18:00,602 | ERROR | FixApplication | FromApp field not found for tag: 268
17:18:01,597 | ERROR | FixApplication | FromApp field not found for tag: 268
17:18:01,600 | ERROR | FixApplication | FromApp field not found for tag: 268
17:18:02,698 | ERROR | FixApplication | FromApp field not found for tag: 268
17:18:02,701 | ERROR | FixApplication | FromApp field not found for tag: 268
17:18:03,699 | ERROR | FixApplication | FromApp field not found for tag: 268
17:18:03,701 | ERROR | FixApplication | FromApp field not found for tag: 268
17:18:04,799 | ERROR | FixApplication | FromApp field not found for tag: 268
17:18:05,900 | ERROR | FixApplication | FromApp field not found for tag: 268
17:18:05,902 | ERROR | FixApplication | FromApp field not found for tag: 268
17:18:06,903 | ERROR | FixApplication | FromApp field not found for tag: 268
17:18:06,905 | ERROR | FixApplication | FromApp field not found for tag: 268
17:18:06,907 | ERROR | FixApplication | FromApp field not found for tag: 268
17:18:07,900 | ERROR | FixApplication | FromApp field not found for tag: 268
17:18:08,002 | ERROR | FixApplication | FromApp field not found for tag: 268
17:18:08,004 | ERROR | FixApplication | FromApp field not found for tag: 268
17:18:09,004 | ERROR | FixApplication | FromApp field not found for tag: 268
17:18:09,005 | ERROR | FixApplication | FromApp field not found for tag: 268
17:18:09,007 | ERROR | FixApplication | FromApp field not found for tag: 268
17:18:10,102 | ERROR | FixApplication | FromApp field not found for tag: 268
17:18:10,105 | ERROR | FixApplication | FromApp field not found for tag: 268
17:18:10,107 | ERROR | FixApplication | FromApp field not found for tag: 268
17:18:11,104 | ERROR | FixApplication | FromApp field not found for tag: 268
17:18:11,204 | ERROR | FixApplication | FromApp field not found for tag: 268
17:18:12,204 | ERROR | FixApplication | FromApp field not found for tag: 268
17:18:12,207 | ERROR | FixApplication | FromApp field not found for tag: 268
17:18:12,208 | ERROR | FixApplication | FromApp field not found for tag: 268
17:18:13,305 | ERROR | FixApplication | FromApp field not found for tag: 268
17:18:13,306 | ERROR | FixApplication | FromApp field not found for tag: 268
17:18:14,306 | ERROR | FixApplication | FromApp field not found for tag: 268
17:18:14,307 | ERROR | FixApplication | FromApp field not found for tag: 268
17:18:14,309 | ERROR | FixApplication | FromApp field not found for tag: 268
17:18:15,306 | ERROR | FixApplication | FromApp field not found for tag: 268
17:18:15,406 | ERROR | FixApplication | FromApp field not found for tag: 268
17:18:15,506 | ERROR | FixApplication | FromApp field not found for tag: 268
17:18:16,407 | ERROR | FixApplication | FromApp field not found for tag: 268
17:18:16,408 | ERROR | FixApplication | FromApp field not found for tag: 268
17:18:17,507 | ERROR | FixApplication | FromApp field not found for tag: 268
17:18:17,509 | ERROR | FixApplication | FromApp field not found for tag: 268
17:18:18,508 | ERROR | FixApplication | FromApp field not found for tag: 268
17:18:18,608 | ERROR | FixApplication | FromApp field not found for tag: 268
17:18:19,608 | ERROR | FixApplication | FromApp field not found for tag: 268
17:18:19,610 | ERROR | FixApplication | FromApp field not found for tag: 268
17:18:20,709 | ERROR | FixApplication | FromApp field not found for tag: 268
17:18:21,710 | ERROR | FixApplication | FromApp field not found for tag: 268
17:18:21,712 | ERROR | FixApplication | FromApp field not found for tag: 268
17:18:22,810 | ERROR | FixApplication | FromApp field not found for tag: 268
17:18:22,812 | ERROR | FixApplication | FromApp field not found for tag: 268
17:18:23,814 | ERROR | FixApplication | FromApp field not found for tag: 268
17:18:23,815 | ERROR | FixApplication | FromApp field not found for tag: 268
17:18:23,911 | ERROR | FixApplication | FromApp field not found for tag: 268
17:18:24,912 | ERROR | FixApplication | FromApp field not found for tag: 268
17:18:24,914 | ERROR | FixApplication | FromApp field not found for tag: 268
17:18:24,916 | ERROR | FixApplication | FromApp field not found for tag: 268
17:18:59,640 | ERROR | FixApplication | FromApp Could not convert field: Could not convert string (2) to DateTime: String was not recognized as a valid DateTime.
17:18:59,641 | ERROR | FixApplication | FromApp Could not convert field: Could not convert string (2) to DateTime: String was not recognized as a valid DateTime.
17:18:59,643 | ERROR | FixApplication | FromApp Could not convert field: Could not convert string (2) to DateTime: String was not recognized as a valid DateTime.
17:18:59,718 | ERROR | FixApplication | FromApp Could not convert field: Could not convert string (2) to DateTime: String was not recognized as a valid DateTime.
17:18:59,817 | ERROR | FixApplication | FromApp Could not convert field: Could not convert string (2) to DateTime: String was not recognized as a valid DateTime.
17:19:00,817 | ERROR | FixApplication | FromApp Could not convert field: Could not convert string (2) to DateTime: String was not recognized as a valid DateTime.
17:19:00,819 | ERROR | FixApplication | FromApp Could not convert field: Could not convert string (2) to DateTime: String was not recognized as a valid DateTime.
17:19:00,820 | ERROR | FixApplication | FromApp Could not convert field: Could not convert string (2) to DateTime: String was not recognized as a valid DateTime.
17:19:01,819 | ERROR | FixApplication | FromApp Could not convert field: Could not convert string (2) to DateTime: String was not recognized as a valid DateTime.
17:19:01,919 | ERROR | FixApplication | FromApp Could not convert field: Could not convert string (2) to DateTime: String was not recognized as a valid DateTime.
17:19:01,920 | ERROR | FixApplication | FromApp Could not convert field: Could not convert string (2) to DateTime: String was not recognized as a valid DateTime.
17:19:02,919 | ERROR | FixApplication | FromApp Could not convert field: Could not convert string (2) to DateTime: String was not recognized as a valid DateTime.
17:19:02,921 | ERROR | FixApplication | FromApp Could not convert field: Could not convert string (2) to DateTime: String was not recognized as a valid DateTime.
17:19:04,018 | ERROR | FixApplication | FromApp Could not convert field: Could not convert string (2) to DateTime: String was not recognized as a valid DateTime.
17:19:05,019 | ERROR | FixApplication | FromApp Could not convert field: Could not convert string (2) to DateTime: String was not recognized as a valid DateTime.
17:19:05,023 | ERROR | FixApplication | FromApp Could not convert field: Could not convert string (2) to DateTime: String was not recognized as a valid DateTime.
17:19:05,119 | ERROR | FixApplication | FromApp Could not convert field: Could not convert string (2) to DateTime: String was not recognized as a valid DateTime.
17:19:06,120 | ERROR | FixApplication | FromApp Could not convert field: Could not convert string (2) to DateTime: String was not recognized as a valid DateTime.
17:19:06,121 | ERROR | FixApplication | FromApp Could not convert field: Could not convert string (2) to DateTime: String was not recognized as a valid DateTime.
17:19:06,123 | ERROR | FixApplication | FromApp Could not convert field: Could not convert string (2) to DateTime: String was not recognized as a valid DateTime.
17:19:07,122 | ERROR | FixApplication | FromApp Could not convert field: Could not convert string (2) to DateTime: String was not recognized as a valid DateTime.
17:19:08,221 | ERROR | FixApplication | FromApp Could not convert field: Could not convert string (2) to DateTime: String was not recognized as a valid DateTime.
17:19:09,322 | ERROR | FixApplication | FromApp Could not convert field: Could not convert string (2) to DateTime: String was not recognized as a valid DateTime.
17:19:09,323 | ERROR | FixApplication | FromApp Could not convert field: Could not convert string (2) to DateTime: String was not recognized as a valid DateTime.
17:19:10,322 | ERROR | FixApplication | FromApp Could not convert field: Could not convert string (2) to DateTime: String was not recognized as a valid DateTime.
17:19:39,860 | ERROR | FixApplication | FromApp Could not convert field: Could not convert string (2) to DateTime: String was not recognized as a valid DateTime.
17:19:39,862 | ERROR | FixApplication | FromApp Could not convert field: Could not convert string (2) to DateTime: String was not recognized as a valid DateTime.
17:19:39,863 | ERROR | FixApplication | FromApp Could not convert field: Could not convert string (2) to DateTime: String was not recognized as a valid DateTime.
17:19:39,937 | ERROR | FixApplication | FromApp Could not convert field: Could not convert string (2) to DateTime: String was not recognized as a valid DateTime.
17:19:39,939 | ERROR | FixApplication | FromApp Could not convert field: Could not convert string (2) to DateTime: String was not recognized as a valid DateTime.
17:19:41,036 | ERROR | FixApplication | FromApp Could not convert field: Could not convert string (2) to DateTime: String was not recognized as a valid DateTime.
17:19:41,038 | ERROR | FixApplication | FromApp Could not convert field: Could not convert string (2) to DateTime: String was not recognized as a valid DateTime.
17:19:42,038 | ERROR | FixApplication | FromApp Could not convert field: Could not convert string (2) to DateTime: String was not recognized as a valid DateTime.
17:29:49,461 | ERROR | FixApplication | FromApp String was not recognized as a valid DateTime.
17:29:49,463 | ERROR | FixApplication | FromApp String was not recognized as a valid DateTime.
17:29:49,465 | ERROR | FixApplication | FromApp String was not recognized as a valid DateTime.
17:29:50,238 | ERROR | FixApplication | FromApp String was not recognized as a valid DateTime.
17:29:50,239 | ERROR | FixApplication | FromApp String was not recognized as a valid DateTime.
17:29:51,238 | ERROR | FixApplication | FromApp String was not recognized as a valid DateTime.
17:29:51,240 | ERROR | FixApplication | FromApp String was not recognized as a valid DateTime.
17:29:51,338 | ERROR | FixApplication | FromApp String was not recognized as a valid DateTime.
17:29:52,340 | ERROR | FixApplication | FromApp String was not recognized as a valid DateTime.
17:29:53,439 | ERROR | FixApplication | FromApp String was not recognized as a valid DateTime.
17:29:54,441 | ERROR | FixApplication | FromApp String was not recognized as a valid DateTime.
17:29:54,641 | ERROR | FixApplication | FromApp String was not recognized as a valid DateTime.
17:29:55,543 | ERROR | FixApplication | FromApp String was not recognized as a valid DateTime.
17:29:55,545 | ERROR | FixApplication | FromApp String was not recognized as a valid DateTime.
17:29:56,544 | ERROR | FixApplication | FromApp String was not recognized as a valid DateTime.
17:29:56,546 | ERROR | FixApplication | FromApp String was not recognized as a valid DateTime.
17:29:57,642 | ERROR | FixApplication | FromApp String was not recognized as a valid DateTime.
17:32:42,081 | ERROR | FixApplication | FromApp String was not recognized as a valid DateTime.
17:32:42,082 | ERROR | FixApplication | FromApp String was not recognized as a valid DateTime.
17:32:42,084 | ERROR | FixApplication | FromApp String was not recognized as a valid DateTime.
17:32:42,657 | ERROR | FixApplication | FromApp String was not recognized as a valid DateTime.
17:32:42,659 | ERROR | FixApplication | FromApp String was not recognized as a valid DateTime.
17:32:42,660 | ERROR | FixApplication | FromApp String was not recognized as a valid DateTime.
17:32:43,758 | ERROR | FixApplication | FromApp String was not recognized as a valid DateTime.
17:32:43,759 | ERROR | FixApplication | FromApp String was not recognized as a valid DateTime.
17:32:44,758 | ERROR | FixApplication | FromApp String was not recognized as a valid DateTime.
17:32:44,760 | ERROR | FixApplication | FromApp String was not recognized as a valid DateTime.
17:32:45,859 | ERROR | FixApplication | FromApp String was not recognized as a valid DateTime.
17:32:45,861 | ERROR | FixApplication | FromApp String was not recognized as a valid DateTime.
17:32:46,158 | ERROR | FixApplication | FromApp String was not recognized as a valid DateTime.
17:32:46,859 | ERROR | FixApplication | FromApp String was not recognized as a valid DateTime.
17:32:46,861 | ERROR | FixApplication | FromApp String was not recognized as a valid DateTime.
17:32:46,959 | ERROR | FixApplication | FromApp String was not recognized as a valid DateTime.
17:32:47,960 | ERROR | FixApplication | FromApp String was not recognized as a valid DateTime.
17:32:47,963 | ERROR | FixApplication | FromApp String was not recognized as a valid DateTime.
17:32:47,965 | ERROR | FixApplication | FromApp String was not recognized as a valid DateTime.
17:42:50,832 | ERROR | FixApplication | FromApp field not found for tag: 268
17:42:50,834 | ERROR | FixApplication | FromApp field not found for tag: 268
17:42:50,835 | ERROR | FixApplication | FromApp field not found for tag: 268
17:42:50,909 | ERROR | FixApplication | FromApp field not found for tag: 268
17:42:50,911 | ERROR | FixApplication | FromApp field not found for tag: 268
17:42:51,910 | ERROR | FixApplication | FromApp field not found for tag: 268
17:42:53,013 | ERROR | FixApplication | FromApp field not found for tag: 268
17:42:54,011 | ERROR | FixApplication | FromApp field not found for tag: 268
17:42:54,012 | ERROR | FixApplication | FromApp field not found for tag: 268
17:42:54,111 | ERROR | FixApplication | FromApp field not found for tag: 268
17:42:55,111 | ERROR | FixApplication | FromApp field not found for tag: 268
17:42:55,113 | ERROR | FixApplication | FromApp field not found for tag: 268
17:42:56,111 | ERROR | FixApplication | FromApp field not found for tag: 268
17:42:56,118 | ERROR | FixApplication | FromApp field not found for tag: 268
17:42:57,212 | ERROR | FixApplication | FromApp field not found for tag: 268
17:42:57,214 | ERROR | FixApplication | FromApp field not found for tag: 268
17:42:57,612 | ERROR | FixApplication | FromApp field not found for tag: 268
17:42:57,614 | ERROR | FixApplication | FromApp field not found for tag: 268
17:42:57,616 | ERROR | FixApplication | FromApp field not found for tag: 268
17:42:58,316 | ERROR | FixApplication | FromApp field not found for tag: 268
17:42:59,315 | ERROR | FixApplication | FromApp field not found for tag: 268
17:42:59,316 | ERROR | FixApplication | FromApp field not found for tag: 268
17:42:59,318 | ERROR | FixApplication | FromApp field not found for tag: 268
